<?xml version="1.0" encoding="utf-8"?><testsuites name="pytest tests"><testsuite name="pytest" errors="0" failures="0" skipped="0" tests="7" time="8.115" timestamp="2026-03-25T15:16:18.008929+00:00" hostname="agent-env-b4ad3be1-418d-44fd-b5d8-2f2333f10eb1"><testcase classname="tests.test_prospace_api.TestProSpaceAPI" name="test_get_guardian_beneficiaries" time="4.109" /><testcase classname="tests.test_prospace_api.TestProSpaceAPI" name="test_get_all_programs" time="0.444" /><testcase classname="tests.test_prospace_api.TestProSpaceAPI" name="test_get_programs_for_beneficiary" time="0.975" /><testcase classname="tests.test_prospace_api.TestProSpaceAPI" name="test_get_program_detail" time="0.613" /><testcase classname="tests.test_prospace_api.TestProSpaceAPI" name="test_get_library_templates" time="0.590" /><testcase classname="tests.test_prospace_api.TestProSpaceAPI" name="test_get_reminders_for_beneficiary" time="0.709" /><testcase classname="tests.test_prospace_api.TestProSpaceAPI" name="test_get_meals_for_beneficiary" time="0.647" /></testsuite></testsuites>