<?xml version="1.0" encoding="utf-8"?><testsuites name="pytest tests"><testsuite name="pytest" errors="0" failures="0" skipped="0" tests="18" time="5.390" timestamp="2026-02-09T21:48:20.567140+00:00" hostname="agent-env-35dd4a61-112e-493b-9210-2a12f7d105ff"><testcase classname="backend.tests.test_iteration8_new_features.TestGeofencingCRUD" name="test_create_geofence_zone" time="0.310" /><testcase classname="backend.tests.test_iteration8_new_features.TestGeofencingCRUD" name="test_get_geofences_list" time="0.272" /><testcase classname="backend.tests.test_iteration8_new_features.TestGeofencingCRUD" name="test_toggle_geofence_active_status" time="0.335" /><testcase classname="backend.tests.test_iteration8_new_features.TestGeofencingCRUD" name="test_delete_geofence" time="0.300" /><testcase classname="backend.tests.test_iteration8_new_features.TestGeofencingCRUD" name="test_check_geofence_position" time="0.311" /><testcase classname="backend.tests.test_iteration8_new_features.TestGeofencingCRUD" name="test_toggle_nonexistent_geofence_returns_404" time="0.269" /><testcase classname="backend.tests.test_iteration8_new_features.TestECGFeature" name="test_start_ecg_recording" time="0.271" /><testcase classname="backend.tests.test_iteration8_new_features.TestECGFeature" name="test_get_ecg_history" time="0.311" /><testcase classname="backend.tests.test_iteration8_new_features.TestECGFeature" name="test_get_ecg_detail_with_samples" time="0.281" /><testcase classname="backend.tests.test_iteration8_new_features.TestECGFeature" name="test_get_nonexistent_ecg_returns_404" time="0.275" /><testcase classname="backend.tests.test_iteration8_new_features.TestSedentaritySettings" name="test_get_sedentarity_settings" time="0.312" /><testcase classname="backend.tests.test_iteration8_new_features.TestSedentaritySettings" name="test_update_sedentarity_settings" time="0.313" /><testcase classname="backend.tests.test_iteration8_new_features.TestSedentaritySettings" name="test_check_sedentarity" time="0.310" /><testcase classname="backend.tests.test_iteration8_new_features.TestSedentaritySettings" name="test_disable_sedentarity_alerts" time="0.332" /><testcase classname="backend.tests.test_iteration8_new_features.TestAllRolesLogin" name="test_beneficiary_login" time="0.299" /><testcase classname="backend.tests.test_iteration8_new_features.TestAllRolesLogin" name="test_guardian_login" time="0.259" /><testcase classname="backend.tests.test_iteration8_new_features.TestAllRolesLogin" name="test_admin_login" time="0.257" /><testcase classname="backend.tests.test_iteration8_new_features.TestAllRolesLogin" name="test_teleassistance_login" time="0.288" /></testsuite></testsuites>