<?xml version="1.0" encoding="utf-8"?><testsuites name="pytest tests"><testsuite name="pytest" errors="0" failures="0" skipped="0" tests="18" time="63.240" timestamp="2026-02-13T19:33:09.870465+00:00" hostname="agent-env-5977e015-d1ba-4071-b8bf-d3b5bc15ca56"><testcase classname="backend.tests.test_iteration14_ai_features.TestAuth" name="test_teleassistance_login" time="0.709" /><testcase classname="backend.tests.test_iteration14_ai_features.TestAuth" name="test_beneficiary_login" time="0.399" /><testcase classname="backend.tests.test_iteration14_ai_features.TestAISpeechAnalysis" name="test_analyze_speech_endpoint_exists" time="17.121" /><testcase classname="backend.tests.test_iteration14_ai_features.TestAISpeechAnalysis" name="test_analyze_speech_with_alert_context" time="21.655" /><testcase classname="backend.tests.test_iteration14_ai_features.TestAISpeechAnalysis" name="test_analyze_speech_empty_text" time="0.755" /><testcase classname="backend.tests.test_iteration14_ai_features.TestAIProtocolSummary" name="test_create_alert_and_get_summary" time="9.643" /><testcase classname="backend.tests.test_iteration14_ai_features.TestAIProtocolSummary" name="test_protocol_summary_missing_alert_id" time="0.525" /><testcase classname="backend.tests.test_iteration14_ai_features.TestAIProtocolSummary" name="test_protocol_summary_invalid_alert_id" time="0.513" /><testcase classname="backend.tests.test_iteration14_ai_features.TestTwilioBeneficiaryCall" name="test_twilio_call_returns_updated_fields" time="1.434" /><testcase classname="backend.tests.test_iteration14_ai_features.TestProtocolEndpoints" name="test_beneficiary_protocol_returns_doubt_questions" time="0.117" /><testcase classname="backend.tests.test_iteration14_ai_features.TestProtocolEndpoints" name="test_guardian_protocol_returns_questions" time="0.218" /><testcase classname="backend.tests.test_iteration14_ai_features.TestEscalationStart" name="test_start_escalation_for_alert" time="1.746" /><testcase classname="backend.tests.test_iteration14_ai_features.TestElevenLabsAudioEndpoints" name="test_elevenlabs_heart_anomaly_route_exists" time="1.948" /><testcase classname="backend.tests.test_iteration14_ai_features.TestElevenLabsAudioEndpoints" name="test_elevenlabs_spo2_low_route_exists" time="1.879" /><testcase classname="backend.tests.test_iteration14_ai_features.TestElevenLabsAudioEndpoints" name="test_elevenlabs_unclear_response_route_exists" time="1.534" /><testcase classname="backend.tests.test_iteration14_ai_features.TestElevenLabsAudioEndpoints" name="test_elevenlabs_fall_detected_route" time="1.625" /><testcase classname="backend.tests.test_iteration14_ai_features.TestElevenLabsAudioEndpoints" name="test_elevenlabs_invalid_message_key" time="0.175" /><testcase classname="backend.tests.test_iteration14_ai_features.TestAlertDetailEndpoint" name="test_alert_detail_returns_full_data" time="1.191" /></testsuite></testsuites>