<?xml version="1.0" encoding="utf-8"?><testsuites name="pytest tests"><testsuite name="pytest" errors="0" failures="1" skipped="0" tests="20" time="25.200" timestamp="2026-04-03T08:25:29.494874+00:00" hostname="agent-env-d5ce1104-8c14-4210-87dd-c933117910a6"><testcase classname="backend.tests.test_chutex_audit_iter203.TestAuthFlow" name="test_login_success" time="0.503" /><testcase classname="backend.tests.test_chutex_audit_iter203.TestAuthFlow" name="test_login_invalid_credentials" time="0.334" /><testcase classname="backend.tests.test_chutex_audit_iter203.TestAuthFlow" name="test_get_me" time="0.608" /><testcase classname="backend.tests.test_chutex_audit_iter203.TestDashboardBatch" name="test_dashboard_batch_returns_200" time="0.499"><failure message="AssertionError: Missing key: notifications&#10;assert 'notifications' in {'active_alerts': [{'alert_type': 'anomaly', 'beneficiary_id': '495e5e38-3591-474b-abe5-c932574bb609', 'beneficiary_name': 'Robin Zuchiatti', 'created_at': '2026-04-03T08:04:49.217044+00:00', ...}, {'alert_type': 'anomaly', 'beneficiary_id': '495e5e38-3591-474b-abe5-c932574bb609', 'beneficiary_name': 'Robin Zuchiatti', 'created_at': '2026-04-03T08:04:48.229841+00:00', ...}, {'alert_type': 'anomaly', 'beneficiary_id': '495e5e38-3591-474b-abe5-c932574bb609', 'beneficiary_name': 'Robin Zuchiatti', 'created_at': '2026-04-03T08:04:47.204778+00:00', ...}, {'alert_type': 'anomaly', 'beneficiary_id': '495e5e38-3591-474b-abe5-c932574bb609', 'beneficiary_name': 'Robin Zuchiatti', 'created_at': '2026-04-03T08:04:46.222380+00:00', ...}, {'alert_type': 'anomaly', 'beneficiary_id': '495e5e38-3591-474b-abe5-c932574bb609', 'beneficiary_name': 'Robin Zuchiatti', 'created_at': '2026-04-03T08:04:45.932324+00:00', ...}, {'alert_type': 'anomaly', 'beneficiary_id': '495e5e38-3591-474b-abe5-c932574bb609', 'beneficiary_name': 'Robin Zuchiatti', 'created_at': '2026-04-03T08:04:45.224116+00:00', ...}, ...], 'dashboard_summary': {'bracelet': {'awake_minutes': 15, 'battery': 0, 'connected': False, 'deep_minutes': 95, ...}, 'connected_count': 1, 'devices': [{'battery': 0, 'ble_device_id': 'TEST_V8', 'connected': True, 'device_type': 'bracelet', ...}], 'total_count': 1}, 'guardian_requests': [], 'guardians': [], ...}">backend/tests/test_chutex_audit_iter203.py:98: in test_dashboard_batch_returns_200
    assert key in data, f"Missing key: {key}"
E   AssertionError: Missing key: notifications
E   assert 'notifications' in {'active_alerts': [{'alert_type': 'anomaly', 'beneficiary_id': '495e5e38-3591-474b-abe5-c932574bb609', 'beneficiary_name': 'Robin Zuchiatti', 'created_at': '2026-04-03T08:04:49.217044+00:00', ...}, {'alert_type': 'anomaly', 'beneficiary_id': '495e5e38-3591-474b-abe5-c932574bb609', 'beneficiary_name': 'Robin Zuchiatti', 'created_at': '2026-04-03T08:04:48.229841+00:00', ...}, {'alert_type': 'anomaly', 'beneficiary_id': '495e5e38-3591-474b-abe5-c932574bb609', 'beneficiary_name': 'Robin Zuchiatti', 'created_at': '2026-04-03T08:04:47.204778+00:00', ...}, {'alert_type': 'anomaly', 'beneficiary_id': '495e5e38-3591-474b-abe5-c932574bb609', 'beneficiary_name': 'Robin Zuchiatti', 'created_at': '2026-04-03T08:04:46.222380+00:00', ...}, {'alert_type': 'anomaly', 'beneficiary_id': '495e5e38-3591-474b-abe5-c932574bb609', 'beneficiary_name': 'Robin Zuchiatti', 'created_at': '2026-04-03T08:04:45.932324+00:00', ...}, {'alert_type': 'anomaly', 'beneficiary_id': '495e5e38-3591-474b-abe5-c932574bb609', 'beneficiary_name': 'Robin Zuchiatti', 'created_at': '2026-04-03T08:04:45.224116+00:00', ...}, ...], 'dashboard_summary': {'bracelet': {'awake_minutes': 15, 'battery': 0, 'connected': False, 'deep_minutes': 95, ...}, 'connected_count': 1, 'devices': [{'battery': 0, 'ble_device_id': 'TEST_V8', 'connected': True, 'device_type': 'bracelet', ...}], 'total_count': 1}, 'guardian_requests': [], 'guardians': [], ...}</failure></testcase><testcase classname="backend.tests.test_chutex_audit_iter203.TestDashboardBatch" name="test_dashboard_summary_structure" time="0.120" /><testcase classname="backend.tests.test_chutex_audit_iter203.TestV8BraceletPush" name="test_v8_push_heart_rate" time="0.509" /><testcase classname="backend.tests.test_chutex_audit_iter203.TestV8BraceletPush" name="test_v8_push_sleep" time="0.101" /><testcase classname="backend.tests.test_chutex_audit_iter203.TestV8BraceletPush" name="test_v8_push_blood_glucose" time="0.173" /><testcase classname="backend.tests.test_chutex_audit_iter203.TestV8BraceletPush" name="test_v8_push_missing_data" time="0.101" /><testcase classname="backend.tests.test_chutex_audit_iter203.TestV8BraceletDashboard" name="test_v8_dashboard" time="0.511" /><testcase classname="backend.tests.test_chutex_audit_iter203.TestBraceletStatus" name="test_bracelet_status" time="0.501" /><testcase classname="backend.tests.test_chutex_audit_iter203.TestHealthDailyReport" name="test_daily_report" time="8.840" /><testcase classname="backend.tests.test_chutex_audit_iter203.TestHealthHistory" name="test_heart_rate_history" time="0.530" /><testcase classname="backend.tests.test_chutex_audit_iter203.TestDevices" name="test_devices_list" time="0.496" /><testcase classname="backend.tests.test_chutex_audit_iter203.TestSubscriptions" name="test_my_subscription" time="0.536" /><testcase classname="backend.tests.test_chutex_audit_iter203.TestReminders" name="test_reminders_list" time="0.552" /><testcase classname="backend.tests.test_chutex_audit_iter203.TestAlerts" name="test_alerts_list" time="0.506" /><testcase classname="backend.tests.test_chutex_audit_iter203.TestNoSimulatedData" name="test_dashboard_no_random_data" time="0.515" /><testcase classname="backend.tests.test_chutex_audit_iter203.TestNoSimulatedData" name="test_health_report_no_random_data" time="8.442" /><testcase classname="backend.tests.test_chutex_audit_iter203.TestNoSimulatedData" name="test_bracelet_status_no_random_battery" time="0.742" /></testsuite></testsuites>