<?xml version="1.0" encoding="utf-8"?><testsuites name="pytest tests"><testsuite name="pytest" errors="0" failures="0" skipped="0" tests="16" time="12.881" timestamp="2026-03-24T20:43:27.732651+00:00" hostname="agent-env-6bd4942f-b79a-4873-8b32-e5e5f70dc12a"><testcase classname="backend.tests.test_professional_routes.TestProfessionalAuth" name="test_pro_login_success" time="4.754" /><testcase classname="backend.tests.test_professional_routes.TestProDashboard" name="test_dashboard_returns_stats" time="0.558" /><testcase classname="backend.tests.test_professional_routes.TestProDashboard" name="test_dashboard_requires_auth" time="0.106" /><testcase classname="backend.tests.test_professional_routes.TestProDashboard" name="test_dashboard_requires_pro_role" time="0.545" /><testcase classname="backend.tests.test_professional_routes.TestProBeneficiaries" name="test_get_beneficiaries_list" time="0.585" /><testcase classname="backend.tests.test_professional_routes.TestProBeneficiaries" name="test_beneficiaries_requires_pro_role" time="0.443" /><testcase classname="backend.tests.test_professional_routes.TestProProfile" name="test_get_profile" time="0.453" /><testcase classname="backend.tests.test_professional_routes.TestProProfile" name="test_update_profile" time="0.574" /><testcase classname="backend.tests.test_professional_routes.TestProPrograms" name="test_list_programs" time="0.531" /><testcase classname="backend.tests.test_professional_routes.TestProPrograms" name="test_create_program" time="0.613" /><testcase classname="backend.tests.test_professional_routes.TestProPrograms" name="test_create_program_unlinked_beneficiary" time="0.490" /><testcase classname="backend.tests.test_professional_routes.TestProPrograms" name="test_delete_program" time="0.763" /><testcase classname="backend.tests.test_professional_routes.TestProSessions" name="test_add_session_to_program" time="0.802" /><testcase classname="backend.tests.test_professional_routes.TestGuardianAccessForPro" name="test_pro_can_access_guardian_link" time="0.554" /><testcase classname="backend.tests.test_professional_routes.TestGuardianAccessForPro" name="test_pro_can_access_guardian_prescriptions" time="0.465" /><testcase classname="backend.tests.test_professional_routes.TestCleanup" name="test_cleanup_test_programs" time="0.592" /></testsuite></testsuites>