<?xml version="1.0" encoding="utf-8"?><testsuites name="pytest tests"><testsuite name="pytest" errors="0" failures="0" skipped="0" tests="9" time="3.598" timestamp="2026-02-28T23:29:57.397947+00:00" hostname="agent-env-d772843d-6fd3-4f9f-a019-4861fd44e509"><testcase classname="backend.tests.test_subscription_iter60.TestNoSubscriptionUser" name="test_login_success" time="0.442" /><testcase classname="backend.tests.test_subscription_iter60.TestNoSubscriptionUser" name="test_subscription_my_returns_no_subscription" time="0.427" /><testcase classname="backend.tests.test_subscription_iter60.TestLateLinking" name="test_late_linking_by_phone" time="0.415" /><testcase classname="backend.tests.test_subscription_iter60.TestSubscriptionTypes" name="test_bracelet_only_no_teleassistance" time="0.409" /><testcase classname="backend.tests.test_subscription_iter60.TestSubscriptionTypes" name="test_care_subscription_has_teleassistance" time="0.421" /><testcase classname="backend.tests.test_subscription_iter60.TestPhoneNormalization" name="test_lookup_with_0_prefix" time="0.517" /><testcase classname="backend.tests.test_subscription_iter60.TestAPIEndpoints" name="test_health_check" time="0.384" /><testcase classname="backend.tests.test_subscription_iter60.TestAPIEndpoints" name="test_login_invalid_credentials" time="0.349" /><testcase classname="backend.tests.test_subscription_iter60.TestAPIEndpoints" name="test_subscription_my_unauthorized" time="0.116" /></testsuite></testsuites>