<?xml version="1.0" encoding="utf-8"?><testsuites name="pytest tests"><testsuite name="pytest" errors="0" failures="0" skipped="0" tests="15" time="4.027" timestamp="2026-02-19T11:06:30.470398+00:00" hostname="agent-env-eceec0ea-926c-4911-a574-97a20b64b9a7"><testcase classname="tests.test_saad_guardian_links.TestSAADGuardianLinkAPIs" name="test_saad_login" time="0.504" /><testcase classname="tests.test_saad_guardian_links.TestSAADGuardianLinkAPIs" name="test_get_company_guardians_empty_or_list" time="0.120" /><testcase classname="tests.test_saad_guardian_links.TestSAADGuardianLinkAPIs" name="test_invite_guardian_missing_phone" time="0.136" /><testcase classname="tests.test_saad_guardian_links.TestSAADGuardianLinkAPIs" name="test_invite_unknown_guardian_sms_sent" time="0.127" /><testcase classname="tests.test_saad_guardian_links.TestSAADGuardianLinkAPIs" name="test_invite_known_guardian_pending" time="0.118" /><testcase classname="tests.test_saad_guardian_links.TestSAADGuardianLinkAPIs" name="test_guardian_login" time="0.352" /><testcase classname="tests.test_saad_guardian_links.TestSAADGuardianLinkAPIs" name="test_get_saad_invitations" time="0.170" /><testcase classname="tests.test_saad_guardian_links.TestSAADGuardianLinkAPIs" name="test_get_saad_link_null_or_object" time="0.131" /><testcase classname="tests.test_saad_guardian_links.TestSAADGuardianLinkAPIs" name="test_accept_saad_invitation_flow" time="0.507" /><testcase classname="tests.test_saad_guardian_links.TestSAADGuardianLinkAPIs" name="test_reject_saad_invitation" time="0.575" /><testcase classname="tests.test_saad_guardian_links.TestSAADAgencyPage" name="test_get_agencies" time="0.436" /><testcase classname="tests.test_saad_guardian_links.TestSAADAgencyPage" name="test_get_intervenants" time="0.108" /><testcase classname="tests.test_saad_guardian_links.TestSAADAgencyPage" name="test_delete_guardian_link_invalid_id" time="0.110" /><testcase classname="tests.test_saad_guardian_links.TestGuardianRelationshipChips" name="test_link_with_professional_relationship" time="0.434" /><testcase classname="tests.test_saad_guardian_links.TestGuardianRelationshipChips" name="test_link_with_personal_relationship" time="0.139" /></testsuite></testsuites>