<?xml version="1.0" encoding="utf-8"?><testsuites name="pytest tests"><testsuite name="pytest" errors="6" failures="0" skipped="0" tests="18" time="4.439" timestamp="2026-03-01T16:14:58.755272+00:00" hostname="agent-env-bcabd9a2-3bcb-4955-b11d-f72e3dde8b22"><testcase classname="backend.tests.test_iteration63_programs_enriched.TestProgramsCatalogEndpoint" name="test_catalog_returns_3_programs" time="0.542" /><testcase classname="backend.tests.test_iteration63_programs_enriched.TestProgramsCatalogEndpoint" name="test_catalog_programs_have_benefits" time="0.451" /><testcase classname="backend.tests.test_iteration63_programs_enriched.TestProgramsCatalogEndpoint" name="test_catalog_programs_have_data_used" time="0.444" /><testcase classname="backend.tests.test_iteration63_programs_enriched.TestProgramsCatalogEndpoint" name="test_catalog_programs_have_medical_disclaimer" time="0.484" /><testcase classname="backend.tests.test_iteration63_programs_enriched.TestProgramsCatalogEndpoint" name="test_catalog_programs_have_onboarding_fields" time="0.483" /><testcase classname="backend.tests.test_iteration63_programs_enriched.TestProgramsCatalogEndpoint" name="test_catalog_programs_have_tracked_metrics" time="0.451" /><testcase classname="backend.tests.test_iteration63_programs_enriched.TestProgramsCatalogEndpoint" name="test_catalog_programs_have_effort" time="0.440" /><testcase classname="backend.tests.test_iteration63_programs_enriched.TestProgramDetailEndpoints" name="test_sleep_program_detail" time="0.104" /><testcase classname="backend.tests.test_iteration63_programs_enriched.TestProgramDetailEndpoints" name="test_tension_program_detail" time="0.140" /><testcase classname="backend.tests.test_iteration63_programs_enriched.TestProgramDetailEndpoints" name="test_activity_program_detail" time="0.108" /><testcase classname="backend.tests.test_iteration63_programs_enriched.TestProgramDetailEndpoints" name="test_program_detail_404_for_invalid" time="0.114" /><testcase classname="backend.tests.test_iteration63_programs_enriched.TestProgramActiveEndpoint" name="test_active_program_returns_today_tasks_with_mission" time="0.000"><error message="failed on setup with &quot;NameError: name 'TEST_PHONE' is not defined&quot;">backend/tests/test_iteration63_programs_enriched.py:170: in setup
    "phone": TEST_PHONE,
             ^^^^^^^^^^
E   NameError: name 'TEST_PHONE' is not defined</error></testcase><testcase classname="backend.tests.test_iteration63_programs_enriched.TestProgramActiveEndpoint" name="test_active_program_day_simulation" time="0.000"><error message="failed on setup with &quot;NameError: name 'TEST_PHONE' is not defined&quot;">backend/tests/test_iteration63_programs_enriched.py:170: in setup
    "phone": TEST_PHONE,
             ^^^^^^^^^^
E   NameError: name 'TEST_PHONE' is not defined</error></testcase><testcase classname="backend.tests.test_iteration63_programs_enriched.TestProgramActiveEndpoint" name="test_active_program_returns_team_info" time="0.000"><error message="failed on setup with &quot;NameError: name 'TEST_PHONE' is not defined&quot;">backend/tests/test_iteration63_programs_enriched.py:170: in setup
    "phone": TEST_PHONE,
             ^^^^^^^^^^
E   NameError: name 'TEST_PHONE' is not defined</error></testcase><testcase classname="backend.tests.test_iteration63_programs_enriched.TestSleepProgramScientificContent" name="test_sleep_program_day1_has_walker_study_reference" time="0.562" /><testcase classname="backend.tests.test_iteration63_programs_enriched.TestProgramStartWithHealthSnapshot" name="test_start_program_returns_enrollment_with_snapshot" time="0.000"><error message="failed on setup with &quot;NameError: name 'TEST_PHONE' is not defined&quot;">backend/tests/test_iteration63_programs_enriched.py:260: in setup
    "phone": TEST_PHONE,
             ^^^^^^^^^^
E   NameError: name 'TEST_PHONE' is not defined</error></testcase><testcase classname="backend.tests.test_iteration63_programs_enriched.TestCompletionReportWithHealthComparison" name="test_completion_report_has_health_comparison" time="0.000"><error message="failed on setup with &quot;NameError: name 'TEST_PHONE' is not defined&quot;">backend/tests/test_iteration63_programs_enriched.py:305: in setup
    "phone": TEST_PHONE,
             ^^^^^^^^^^
E   NameError: name 'TEST_PHONE' is not defined</error></testcase><testcase classname="backend.tests.test_iteration63_programs_enriched.TestProgramsIntegration" name="test_full_program_data_flow" time="0.000"><error message="failed on setup with &quot;NameError: name 'TEST_PHONE' is not defined&quot;">backend/tests/test_iteration63_programs_enriched.py:352: in setup
    "phone": TEST_PHONE,
             ^^^^^^^^^^
E   NameError: name 'TEST_PHONE' is not defined</error></testcase></testsuite></testsuites>