<?xml version="1.0" encoding="utf-8"?><testsuites name="pytest tests"><testsuite name="pytest" errors="0" failures="0" skipped="0" tests="7" time="3.251" timestamp="2026-02-26T13:15:18.292125+00:00" hostname="agent-env-176067e2-a92c-49d5-9eff-28d9c1fb0ccb"><testcase classname="backend.tests.test_p0_zero_data.TestZeroDataForNewUsers" name="test_dashboard_summary_returns_zeros_for_bracelet" time="0.487" /><testcase classname="backend.tests.test_p0_zero_data.TestZeroDataForNewUsers" name="test_dashboard_summary_returns_zeros_for_scale" time="0.456" /><testcase classname="backend.tests.test_p0_zero_data.TestZeroDataForNewUsers" name="test_dashboard_summary_returns_zeros_for_vest" time="0.502" /><testcase classname="backend.tests.test_p0_zero_data.TestZeroDataForNewUsers" name="test_dashboard_summary_returns_null_for_sleep" time="0.485" /><testcase classname="backend.tests.test_p0_zero_data.TestZeroDataForNewUsers" name="test_daily_report_returns_no_data_true" time="0.490" /><testcase classname="backend.tests.test_p0_zero_data.TestZeroDataForNewUsers" name="test_health_summary_returns_no_data_state" time="0.443" /><testcase classname="backend.tests.test_p0_zero_data.TestAdminLogin" name="test_admin_login_success" time="0.358" /></testsuite></testsuites>