<?xml version="1.0" encoding="utf-8"?><testsuites name="pytest tests"><testsuite name="pytest" errors="0" failures="0" skipped="0" tests="12" time="1.287" timestamp="2026-03-17T13:06:47.761688+00:00" hostname="agent-env-8695b685-88a5-4dfc-a643-c7d38007f763"><testcase classname="backend.tests.test_iteration111_features.TestProgramDetailAPI" name="test_get_program_detail_sleep" time="0.162" /><testcase classname="backend.tests.test_iteration111_features.TestProgramDetailAPI" name="test_get_program_detail_nutrition" time="0.046" /><testcase classname="backend.tests.test_iteration111_features.TestProgramDetailAPI" name="test_get_program_detail_invalid_id" time="0.047" /><testcase classname="backend.tests.test_iteration111_features.TestActiveProgram" name="test_get_active_program" time="0.327" /><testcase classname="backend.tests.test_iteration111_features.TestActiveProgram" name="test_active_program_has_team_data" time="0.050" /><testcase classname="backend.tests.test_iteration111_features.TestActiveProgram" name="test_team_member_josette" time="0.061" /><testcase classname="backend.tests.test_iteration111_features.TestActiveProgram" name="test_team_member_marie" time="0.058" /><testcase classname="backend.tests.test_iteration111_features.TestActiveProgram" name="test_team_member_pierre" time="0.052" /><testcase classname="backend.tests.test_iteration111_features.TestProgramCatalog" name="test_get_catalog_authenticated" time="0.066" /><testcase classname="backend.tests.test_iteration111_features.TestProgramCatalog" name="test_catalog_program_structure" time="0.046" /><testcase classname="backend.tests.test_iteration111_features.TestLogin" name="test_login_success" time="0.267" /><testcase classname="backend.tests.test_iteration111_features.TestLogin" name="test_login_invalid_credentials" time="0.060" /></testsuite></testsuites>