<?xml version="1.0" encoding="utf-8"?><testsuites name="pytest tests"><testsuite name="pytest" errors="0" failures="0" skipped="0" tests="11" time="4.950" timestamp="2026-02-24T12:31:36.083058+00:00" hostname="agent-env-d2fc2378-d654-469a-9670-2aaa339630f5"><testcase classname="backend.tests.test_iteration44_metric_detail.TestMetricHistoryAPI" name="test_heart_rate_metric_history_7j" time="0.515" /><testcase classname="backend.tests.test_iteration44_metric_detail.TestMetricHistoryAPI" name="test_heart_rate_metric_history_24h" time="0.478" /><testcase classname="backend.tests.test_iteration44_metric_detail.TestMetricHistoryAPI" name="test_heart_rate_metric_history_30j" time="0.447" /><testcase classname="backend.tests.test_iteration44_metric_detail.TestMetricHistoryAPI" name="test_heart_rate_metric_history_90j" time="0.427" /><testcase classname="backend.tests.test_iteration44_metric_detail.TestMetricHistoryAPI" name="test_bmi_metric_history" time="0.429" /><testcase classname="backend.tests.test_iteration44_metric_detail.TestMetricHistoryAPI" name="test_blood_pressure_metric_history" time="0.449" /><testcase classname="backend.tests.test_iteration44_metric_detail.TestMetricHistoryAPI" name="test_spo2_metric_history" time="0.449" /><testcase classname="backend.tests.test_iteration44_metric_detail.TestMetricHistoryAPI" name="test_steps_metric_history" time="0.424" /><testcase classname="backend.tests.test_iteration44_metric_detail.TestMetricHistoryAPI" name="test_visceral_fat_metric_history" time="0.453" /><testcase classname="backend.tests.test_iteration44_metric_detail.TestMetricHistoryAPI" name="test_unknown_metric_fallback" time="0.434" /><testcase classname="backend.tests.test_iteration44_metric_detail.TestThresholdsAPI" name="test_get_thresholds" time="0.425" /></testsuite></testsuites>