<?xml version="1.0" encoding="utf-8"?><testsuites name="pytest tests"><testsuite name="pytest" errors="0" failures="0" skipped="12" tests="16" time="2.041" timestamp="2026-03-01T17:02:01.039875+00:00" hostname="agent-env-bcabd9a2-3bcb-4955-b11d-f72e3dde8b22"><testcase classname="backend.tests.test_iteration64_team_invites.TestTeamInviteByPhone" name="test_invite_by_phone_requires_auth" time="0.143"><skipped type="pytest.skip" message="Login failed: 422 - {&quot;detail&quot;:[{&quot;type&quot;:&quot;missing&quot;,&quot;loc&quot;:[&quot;body&quot;,&quot;email&quot;],&quot;msg&quot;:&quot;Field required&quot;,&quot;input&quot;:{&quot;phone&quot;:&quot;0600000099&quot;,&quot;password&quot;:&quot;test123&quot;},&quot;url&quot;:&quot;https://errors.pydantic.dev/2.12/v/missing&quot;}]}">/app/backend/tests/test_iteration64_team_invites.py:46: Login failed: 422 - {"detail":[{"type":"missing","loc":["body","email"],"msg":"Field required","input":{"phone":"0600000099","password":"test123"},"url":"https://errors.pydantic.dev/2.12/v/missing"}]}</skipped></testcase><testcase classname="backend.tests.test_iteration64_team_invites.TestTeamInviteByPhone" name="test_invite_by_phone_requires_phone_and_team_id" time="0.105"><skipped type="pytest.skip" message="Login failed: 422 - {&quot;detail&quot;:[{&quot;type&quot;:&quot;missing&quot;,&quot;loc&quot;:[&quot;body&quot;,&quot;email&quot;],&quot;msg&quot;:&quot;Field required&quot;,&quot;input&quot;:{&quot;phone&quot;:&quot;0600000099&quot;,&quot;password&quot;:&quot;test123&quot;},&quot;url&quot;:&quot;https://errors.pydantic.dev/2.12/v/missing&quot;}]}">/app/backend/tests/test_iteration64_team_invites.py:57: Login failed: 422 - {"detail":[{"type":"missing","loc":["body","email"],"msg":"Field required","input":{"phone":"0600000099","password":"test123"},"url":"https://errors.pydantic.dev/2.12/v/missing"}]}</skipped></testcase><testcase classname="backend.tests.test_iteration64_team_invites.TestTeamInviteByPhone" name="test_invite_by_phone_nonexistent_team" time="0.104"><skipped type="pytest.skip" message="Login failed: 422 - {&quot;detail&quot;:[{&quot;type&quot;:&quot;missing&quot;,&quot;loc&quot;:[&quot;body&quot;,&quot;email&quot;],&quot;msg&quot;:&quot;Field required&quot;,&quot;input&quot;:{&quot;phone&quot;:&quot;0600000099&quot;,&quot;password&quot;:&quot;test123&quot;},&quot;url&quot;:&quot;https://errors.pydantic.dev/2.12/v/missing&quot;}]}">/app/backend/tests/test_iteration64_team_invites.py:67: Login failed: 422 - {"detail":[{"type":"missing","loc":["body","email"],"msg":"Field required","input":{"phone":"0600000099","password":"test123"},"url":"https://errors.pydantic.dev/2.12/v/missing"}]}</skipped></testcase><testcase classname="backend.tests.test_iteration64_team_invites.TestTeamInviteByPhone" name="test_create_team_then_invite_existing_user_by_phone" time="0.107"><skipped type="pytest.skip" message="Login failed: 422 - {&quot;detail&quot;:[{&quot;type&quot;:&quot;missing&quot;,&quot;loc&quot;:[&quot;body&quot;,&quot;email&quot;],&quot;msg&quot;:&quot;Field required&quot;,&quot;input&quot;:{&quot;phone&quot;:&quot;0600000099&quot;,&quot;password&quot;:&quot;test123&quot;},&quot;url&quot;:&quot;https://errors.pydantic.dev/2.12/v/missing&quot;}]}">/app/backend/tests/test_iteration64_team_invites.py:76: Login failed: 422 - {"detail":[{"type":"missing","loc":["body","email"],"msg":"Field required","input":{"phone":"0600000099","password":"test123"},"url":"https://errors.pydantic.dev/2.12/v/missing"}]}</skipped></testcase><testcase classname="backend.tests.test_iteration64_team_invites.TestTeamInviteByPhone" name="test_invite_nonexistent_phone_triggers_sms_path" time="0.100"><skipped type="pytest.skip" message="Login failed: 422 - {&quot;detail&quot;:[{&quot;type&quot;:&quot;missing&quot;,&quot;loc&quot;:[&quot;body&quot;,&quot;email&quot;],&quot;msg&quot;:&quot;Field required&quot;,&quot;input&quot;:{&quot;phone&quot;:&quot;0600000099&quot;,&quot;password&quot;:&quot;test123&quot;},&quot;url&quot;:&quot;https://errors.pydantic.dev/2.12/v/missing&quot;}]}">/app/backend/tests/test_iteration64_team_invites.py:106: Login failed: 422 - {"detail":[{"type":"missing","loc":["body","email"],"msg":"Field required","input":{"phone":"0600000099","password":"test123"},"url":"https://errors.pydantic.dev/2.12/v/missing"}]}</skipped></testcase><testcase classname="backend.tests.test_iteration64_team_invites.TestTeamInvitationsEndpoint" name="test_get_team_invitations_returns_list" time="0.149"><skipped type="pytest.skip" message="Login failed: 422">/app/backend/tests/test_iteration64_team_invites.py:154: Login failed: 422</skipped></testcase><testcase classname="backend.tests.test_iteration64_team_invites.TestAcceptRejectInvitations" name="test_accept_nonexistent_invitation" time="0.181"><skipped type="pytest.skip" message="Login failed: 422">/app/backend/tests/test_iteration64_team_invites.py:193: Login failed: 422</skipped></testcase><testcase classname="backend.tests.test_iteration64_team_invites.TestAcceptRejectInvitations" name="test_reject_nonexistent_invitation" time="0.106"><skipped type="pytest.skip" message="Login failed: 422">/app/backend/tests/test_iteration64_team_invites.py:199: Login failed: 422</skipped></testcase><testcase classname="backend.tests.test_iteration64_team_invites.TestAcceptRejectInvitations" name="test_accept_invitation_flow" time="0.107"><skipped type="pytest.skip" message="Login failed: 422">/app/backend/tests/test_iteration64_team_invites.py:205: Login failed: 422</skipped></testcase><testcase classname="backend.tests.test_iteration64_team_invites.TestProgramCatalogEnriched" name="test_catalog_returns_programs_with_enriched_fields" time="0.104"><skipped type="pytest.skip" message="Login failed: 422">/app/backend/tests/test_iteration64_team_invites.py:247: Login failed: 422</skipped></testcase><testcase classname="backend.tests.test_iteration64_team_invites.TestProgramCatalogEnriched" name="test_sleep_program_has_correct_fields" time="0.101"><skipped type="pytest.skip" message="Login failed: 422">/app/backend/tests/test_iteration64_team_invites.py:272: Login failed: 422</skipped></testcase><testcase classname="backend.tests.test_iteration64_team_invites.TestProgramDetailEnriched" name="test_program_detail_returns_onboarding_fields" time="0.117" /><testcase classname="backend.tests.test_iteration64_team_invites.TestProgramDetailEnriched" name="test_tension_program_detail" time="0.221" /><testcase classname="backend.tests.test_iteration64_team_invites.TestProgramDetailEnriched" name="test_activity_program_detail" time="0.114" /><testcase classname="backend.tests.test_iteration64_team_invites.TestProgramDetailEnriched" name="test_nonexistent_program_returns_404" time="0.125" /><testcase classname="backend.tests.test_iteration64_team_invites.TestGuardianInviteScenario" name="test_invite_guardian_by_phone_triggers_sms" time="0.102"><skipped type="pytest.skip" message="Login failed: 422">/app/backend/tests/test_iteration64_team_invites.py:380: Login failed: 422</skipped></testcase></testsuite></testsuites>