<?xml version="1.0" encoding="utf-8"?><testsuites name="pytest tests"><testsuite name="pytest" errors="0" failures="0" skipped="0" tests="10" time="3.986" timestamp="2026-03-18T16:36:33.811849+00:00" hostname="agent-env-d7614f3c-8923-43cd-b86f-0a67b3db12de"><testcase classname="tests.test_websocket_alerts.TestDecodeToken" name="test_decode_token_via_api" time="0.553" /><testcase classname="tests.test_websocket_alerts.TestWebSocketEndpoint" name="test_ws_endpoint_requires_token" time="0.205" /><testcase classname="tests.test_websocket_alerts.TestWebSocketEndpoint" name="test_ws_endpoint_rejects_invalid_token" time="0.150" /><testcase classname="tests.test_websocket_alerts.TestWebSocketEndpoint" name="test_ws_endpoint_rejects_non_admin" time="0.507" /><testcase classname="tests.test_websocket_alerts.TestWebSocketEndpoint" name="test_ws_endpoint_accepts_admin" time="0.238" /><testcase classname="tests.test_websocket_alerts.TestAlertBroadcast" name="test_create_alert_endpoint" time="0.224" /><testcase classname="tests.test_websocket_alerts.TestAlertBroadcast" name="test_alert_broadcast_to_ws" time="1.425" /><testcase classname="tests.test_websocket_alerts.TestAlertsAPI" name="test_get_alerts_as_admin" time="0.128" /><testcase classname="tests.test_websocket_alerts.TestAlertsAPI" name="test_get_alerts_as_beneficiary" time="0.147" /><testcase classname="tests.test_websocket_alerts.TestCleanup" name="test_cleanup_test_alerts" time="0.386" /></testsuite></testsuites>