<?xml version="1.0" encoding="utf-8"?><testsuites name="pytest tests"><testsuite name="pytest" errors="0" failures="0" skipped="0" tests="16" time="2.208" timestamp="2026-03-24T11:35:29.334794+00:00" hostname="agent-env-05c55859-cca6-4fef-b50e-5b5a398d023f"><testcase classname="backend.tests.test_refactored_routes.TestAuthEndpoints" name="test_login_beneficiary" time="0.461" /><testcase classname="backend.tests.test_refactored_routes.TestAuthEndpoints" name="test_login_guardian" time="0.272" /><testcase classname="backend.tests.test_refactored_routes.TestProgramRoutes" name="test_programs_catalog" time="0.384" /><testcase classname="backend.tests.test_refactored_routes.TestProgramRoutes" name="test_programs_active" time="0.049" /><testcase classname="backend.tests.test_refactored_routes.TestProgramRoutes" name="test_programs_badges" time="0.064" /><testcase classname="backend.tests.test_refactored_routes.TestProgramTeamRoutes" name="test_team_active" time="0.060" /><testcase classname="backend.tests.test_refactored_routes.TestProgramTeamRoutes" name="test_team_feed" time="0.052" /><testcase classname="backend.tests.test_refactored_routes.TestProgramTeamRoutes" name="test_team_leaderboard" time="0.050" /><testcase classname="backend.tests.test_refactored_routes.TestTeleassistanceRoutes" name="test_protocol_beneficiary" time="0.052" /><testcase classname="backend.tests.test_refactored_routes.TestTeleassistanceRoutes" name="test_protocol_guardian" time="0.046" /><testcase classname="backend.tests.test_refactored_routes.TestEscalationRoutes" name="test_escalation_active" time="0.319" /><testcase classname="backend.tests.test_refactored_routes.TestEscalationRoutes" name="test_escalations_list" time="0.048" /><testcase classname="backend.tests.test_refactored_routes.TestInterventionRoutes" name="test_intervention_close_qcm" time="0.049" /><testcase classname="backend.tests.test_refactored_routes.TestInterventionRoutes" name="test_interventions_pending" time="0.052" /><testcase classname="backend.tests.test_refactored_routes.TestProgramHelpers" name="test_program_detail_structure" time="0.113" /><testcase classname="backend.tests.test_refactored_routes.TestSubscribersEndpoint" name="test_subscribers_list" time="0.117" /></testsuite></testsuites>