<?xml version="1.0" encoding="utf-8"?><testsuites name="pytest tests"><testsuite name="pytest" errors="0" failures="0" skipped="0" tests="13" time="44.329" timestamp="2026-03-01T15:19:13.949592+00:00" hostname="agent-env-bcabd9a2-3bcb-4955-b11d-f72e3dde8b22"><testcase classname="backend.tests.test_nora_context_iter62.TestNoraContextNoData" name="test_daily_report_no_data_flag" time="21.006" /><testcase classname="backend.tests.test_nora_context_iter62.TestNoraContextNoData" name="test_daily_report_ai_section_exists" time="5.656" /><testcase classname="backend.tests.test_nora_context_iter62.TestNoraContextNoData" name="test_daily_report_empty_arrays_when_no_data" time="1.705" /><testcase classname="backend.tests.test_nora_context_iter62.TestNoraContextNoData" name="test_daily_report_secondary_recs_with_no_data" time="1.758" /><testcase classname="backend.tests.test_nora_context_iter62.TestNoraContextNoData" name="test_section_analysis_no_data_cardio" time="0.456" /><testcase classname="backend.tests.test_nora_context_iter62.TestNoraContextNoData" name="test_section_analysis_no_data_sleep" time="0.445" /><testcase classname="backend.tests.test_nora_context_iter62.TestNoraContextNoData" name="test_section_analysis_no_data_activity" time="0.375" /><testcase classname="backend.tests.test_nora_context_iter62.TestNoraChatContextAware" name="test_chat_message_endpoint_works" time="1.814" /><testcase classname="backend.tests.test_nora_context_iter62.TestNoraChatContextAware" name="test_chat_mentions_no_data" time="4.851" /><testcase classname="backend.tests.test_nora_context_iter62.TestNoraContextWithData" name="test_daily_report_structure" time="4.984" /><testcase classname="backend.tests.test_nora_context_iter62.TestNoraContextWithData" name="test_section_analysis_returns_section" time="0.432" /><testcase classname="backend.tests.test_nora_context_iter62.TestNoraContextBuilding" name="test_user_profile_accessible" time="0.385" /><testcase classname="backend.tests.test_nora_context_iter62.TestNoraContextBuilding" name="test_devices_endpoint" time="0.412" /></testsuite></testsuites>