<?xml version="1.0" encoding="utf-8"?><testsuites name="pytest tests"><testsuite name="pytest" errors="0" failures="0" skipped="0" tests="9" time="2.985" timestamp="2026-03-03T11:22:45.087210+00:00" hostname="agent-env-93043f2d-0c6e-4139-82c3-f1eaa4dafabe"><testcase classname="tests.test_safezone_iter72.TestGuardianAuth" name="test_guardian_login" time="0.347" /><testcase classname="tests.test_safezone_iter72.TestBeneficiaryGeofenceAPI" name="test_get_geofence_data" time="0.135" /><testcase classname="tests.test_safezone_iter72.TestBeneficiaryGeofenceAPI" name="test_create_zone_from_location" time="0.323" /><testcase classname="tests.test_safezone_iter72.TestBeneficiaryGeofenceAPI" name="test_edit_zone_name_and_radius" time="0.450" /><testcase classname="tests.test_safezone_iter72.TestBeneficiaryGeofenceAPI" name="test_delete_zone" time="0.426" /><testcase classname="tests.test_safezone_iter72.TestBeneficiaryGeofenceAPI" name="test_zone_list_persistence" time="0.430" /><testcase classname="tests.test_safezone_iter72.TestGuardianBeneficiaryDetail" name="test_get_beneficiaries_list" time="0.106" /><testcase classname="tests.test_safezone_iter72.TestGuardianBeneficiaryDetail" name="test_beneficiary_subscription_info" time="0.098" /><testcase classname="tests.test_safezone_iter72.TestGeofencingPageDeprecation" name="test_geofencing_page_returns_deprecated" time="0.650" /></testsuite></testsuites>