<?xml version="1.0" encoding="utf-8"?><testsuites name="pytest tests"><testsuite name="pytest" errors="0" failures="1" skipped="0" tests="19" time="7.146" timestamp="2026-03-02T13:50:43.671329+00:00" hostname="agent-env-cd226e36-74d6-4120-98fc-9b34bf6c0ced"><testcase classname="backend.tests.test_iteration65_device_pairing.TestAuth" name="test_login_admin" time="0.426" /><testcase classname="backend.tests.test_iteration65_device_pairing.TestAuth" name="test_login_beneficiary_with_subscription" time="0.341" /><testcase classname="backend.tests.test_iteration65_device_pairing.TestAuth" name="test_login_teleassistance" time="0.397" /><testcase classname="backend.tests.test_iteration65_device_pairing.TestAuth" name="test_login_invalid_credentials" time="0.100" /><testcase classname="backend.tests.test_iteration65_device_pairing.TestDeviceAssociate" name="test_associate_bracelet_with_subscription" time="0.424" /><testcase classname="backend.tests.test_iteration65_device_pairing.TestDeviceAssociate" name="test_associate_scale" time="0.393" /><testcase classname="backend.tests.test_iteration65_device_pairing.TestDeviceAssociate" name="test_associate_vest" time="0.413" /><testcase classname="backend.tests.test_iteration65_device_pairing.TestDeviceAssociate" name="test_associate_invalid_device_type" time="0.385" /><testcase classname="backend.tests.test_iteration65_device_pairing.TestDeviceAssociate" name="test_associate_without_auth" time="0.101" /><testcase classname="backend.tests.test_iteration65_device_pairing.TestDeviceGet" name="test_get_devices" time="0.431" /><testcase classname="backend.tests.test_iteration65_device_pairing.TestDeviceGet" name="test_get_devices_without_auth" time="0.110" /><testcase classname="backend.tests.test_iteration65_device_pairing.TestDeviceSync" name="test_sync_bracelet" time="0.445" /><testcase classname="backend.tests.test_iteration65_device_pairing.TestDeviceSync" name="test_sync_scale" time="0.444" /><testcase classname="backend.tests.test_iteration65_device_pairing.TestDeviceSync" name="test_sync_vest" time="0.429" /><testcase classname="backend.tests.test_iteration65_device_pairing.TestDeviceSync" name="test_sync_nonexistent_device" time="0.448"><failure message="AssertionError: Expected 404 for non-existent device, got 200&#10;assert 200 == 404&#10; +  where 200 = &lt;Response [200]&gt;.status_code">backend/tests/test_iteration65_device_pairing.py:253: in test_sync_nonexistent_device
    assert response.status_code == 404, f"Expected 404 for non-existent device, got {response.status_code}"
E   AssertionError: Expected 404 for non-existent device, got 200
E   assert 200 == 404
E    +  where 200 = &lt;Response [200]&gt;.status_code</failure></testcase><testcase classname="backend.tests.test_iteration65_device_pairing.TestDeviceRemove" name="test_remove_device_by_id" time="0.524" /><testcase classname="backend.tests.test_iteration65_device_pairing.TestDeviceRemove" name="test_remove_device_by_type" time="0.427" /><testcase classname="backend.tests.test_iteration65_device_pairing.TestBraceletSubscriptionRequirement" name="test_bracelet_needs_subscription_check" time="0.389" /><testcase classname="backend.tests.test_iteration65_device_pairing.TestDeviceReassociation" name="test_reassociate_already_associated_device" time="0.430" /></testsuite></testsuites>