<?xml version="1.0" encoding="utf-8"?><testsuites name="pytest tests"><testsuite name="pytest" errors="0" failures="0" skipped="0" tests="10" time="2.695" timestamp="2026-03-17T14:40:19.426635+00:00" hostname="agent-env-8695b685-88a5-4dfc-a643-c7d38007f763"><testcase classname="backend.tests.test_iteration113_task_text_transform.TestTaskTextTransformation" name="test_login_works" time="0.432" /><testcase classname="backend.tests.test_iteration113_task_text_transform.TestTaskTextTransformation" name="test_programs_active_returns_transformed_tasks" time="0.196" /><testcase classname="backend.tests.test_iteration113_task_text_transform.TestTaskTextTransformation" name="test_tasks_contain_app_references" time="0.165" /><testcase classname="backend.tests.test_iteration113_task_text_transform.TestTaskTextTransformation" name="test_transform_function_patterns" time="0.290" /><testcase classname="backend.tests.test_iteration113_task_text_transform.TestApplyOnboarding" name="test_apply_onboarding_endpoint_exists" time="0.521" /><testcase classname="backend.tests.test_iteration113_task_text_transform.TestProgramCardAndGuardianButton" name="test_user_has_active_program" time="0.507" /><testcase classname="backend.tests.test_iteration113_task_text_transform.TestProgramCardAndGuardianButton" name="test_guardians_endpoint_works" time="0.134" /><testcase classname="backend.tests.test_iteration113_task_text_transform.TestOriginalTaskTemplates" name="test_sleep_program_has_patterns_to_transform" time="0.124" /><testcase classname="backend.tests.test_iteration113_task_text_transform.TestOriginalTaskTemplates" name="test_sleep_program_day1_has_notez_pattern" time="0.139" /><testcase classname="backend.tests.test_iteration113_task_text_transform.TestOriginalTaskTemplates" name="test_memory_program_has_flashcards_papier" time="0.165" /></testsuite></testsuites>