<?xml version="1.0" encoding="utf-8"?><testsuites name="pytest tests"><testsuite name="pytest" errors="0" failures="0" skipped="0" tests="26" time="5.897" timestamp="2026-04-03T12:20:25.411586+00:00" hostname="agent-env-d5ce1104-8c14-4210-87dd-c933117910a6"><testcase classname="backend.tests.test_v8_validation_timezone_iter206.TestAuth" name="test_login_success" time="0.506" /><testcase classname="backend.tests.test_v8_validation_timezone_iter206.TestV8ValidationTightened" name="test_invalid_hr_220_rejected" time="0.651" /><testcase classname="backend.tests.test_v8_validation_timezone_iter206.TestV8ValidationTightened" name="test_invalid_spo2_36_rejected" time="0.220" /><testcase classname="backend.tests.test_v8_validation_timezone_iter206.TestV8ValidationTightened" name="test_valid_hr_72_spo2_97_accepted" time="0.254" /><testcase classname="backend.tests.test_v8_validation_timezone_iter206.TestV8ValidationTightened" name="test_hr_boundary_200_accepted" time="0.228" /><testcase classname="backend.tests.test_v8_validation_timezone_iter206.TestV8ValidationTightened" name="test_spo2_boundary_60_accepted" time="0.243" /><testcase classname="backend.tests.test_v8_validation_timezone_iter206.TestV8ValidationTightened" name="test_spo2_59_rejected" time="0.337" /><testcase classname="backend.tests.test_v8_validation_timezone_iter206.TestV8ValidationTightened" name="test_hr_201_rejected" time="0.326" /><testcase classname="backend.tests.test_v8_validation_timezone_iter206.TestV8DebugEndpoint" name="test_debug_endpoint_exists" time="0.538" /><testcase classname="backend.tests.test_v8_validation_timezone_iter206.TestV8DebugEndpoint" name="test_debug_returns_device_vitals" time="0.221" /><testcase classname="backend.tests.test_v8_validation_timezone_iter206.TestV8DebugEndpoint" name="test_debug_returns_last_readings" time="0.106" /><testcase classname="backend.tests.test_v8_validation_timezone_iter206.TestBraceletStatusEndpoint" name="test_status_endpoint_returns_paired_status" time="0.512" /><testcase classname="backend.tests.test_v8_validation_timezone_iter206.TestBraceletStatusEndpoint" name="test_status_returns_vitals" time="0.120" /><testcase classname="backend.tests.test_v8_validation_timezone_iter206.TestV8VibrateEndpoint" name="test_vibrate_creates_command_with_0x36" time="0.519" /><testcase classname="backend.tests.test_v8_validation_timezone_iter206.TestV8VibrateEndpoint" name="test_vibrate_reminder_payload_2" time="0.108" /><testcase classname="backend.tests.test_v8_validation_timezone_iter206.TestV8VibrateEndpoint" name="test_vibrate_alert_payload_3" time="0.104" /><testcase classname="backend.tests.test_v8_validation_timezone_iter206.TestV8VibrateEndpoint" name="test_vibrate_alarm_payload_5" time="0.123" /><testcase classname="backend.tests.test_v8_validation_timezone_iter206.TestV8PendingCommands" name="test_pending_commands_endpoint_exists" time="0.509" /><testcase classname="backend.tests.test_v8_validation_timezone_iter206.TestV8PendingCommands" name="test_pending_commands_returns_vibrate_commands" time="0.206" /><testcase classname="backend.tests.test_v8_validation_timezone_iter206.TestTimezoneZoneinfo" name="test_server_py_uses_zoneinfo" time="0.000" /><testcase classname="backend.tests.test_v8_validation_timezone_iter206.TestTimezoneZoneinfo" name="test_morning_alarm_uses_zoneinfo" time="0.000" /><testcase classname="backend.tests.test_v8_validation_timezone_iter206.TestTimezoneZoneinfo" name="test_reminder_vibrations_uses_zoneinfo" time="0.000" /><testcase classname="backend.tests.test_v8_validation_timezone_iter206.TestTimezoneZoneinfo" name="test_bedtime_reminders_still_uses_manual_offset" time="0.000" /><testcase classname="backend.tests.test_v8_validation_timezone_iter206.TestValidationFunctions" name="test_validation_functions_exist" time="0.000" /><testcase classname="backend.tests.test_v8_validation_timezone_iter206.TestValidationFunctions" name="test_hr_validation_max_200" time="0.000" /><testcase classname="backend.tests.test_v8_validation_timezone_iter206.TestValidationFunctions" name="test_spo2_validation_min_60" time="0.000" /></testsuite></testsuites>