<?xml version="1.0" encoding="utf-8"?><testsuites name="pytest tests"><testsuite name="pytest" errors="0" failures="0" skipped="0" tests="10" time="5.693" timestamp="2026-03-17T12:28:02.773172+00:00" hostname="agent-env-8695b685-88a5-4dfc-a643-c7d38007f763"><testcase classname="backend.tests.test_iteration110_programs.TestProgramsAPI" name="test_login_beneficiary" time="1.254" /><testcase classname="backend.tests.test_iteration110_programs.TestProgramsAPI" name="test_programs_catalog_requires_auth" time="0.592" /><testcase classname="backend.tests.test_iteration110_programs.TestProgramsAPI" name="test_programs_catalog_with_auth" time="0.466" /><testcase classname="backend.tests.test_iteration110_programs.TestProgramsAPI" name="test_program_detail_without_auth" time="0.517" /><testcase classname="backend.tests.test_iteration110_programs.TestProgramsAPI" name="test_program_detail_sleep_program" time="0.490" /><testcase classname="backend.tests.test_iteration110_programs.TestProgramsAPI" name="test_program_detail_tension_program" time="0.483" /><testcase classname="backend.tests.test_iteration110_programs.TestProgramsAPI" name="test_program_detail_activity_program" time="0.472" /><testcase classname="backend.tests.test_iteration110_programs.TestProgramsAPI" name="test_program_detail_nutrition_program" time="0.454" /><testcase classname="backend.tests.test_iteration110_programs.TestProgramsAPI" name="test_program_detail_invalid_id" time="0.476" /><testcase classname="backend.tests.test_iteration110_programs.TestProgramsAPI" name="test_programs_catalog_contains_expected_programs" time="0.448" /></testsuite></testsuites>