<?xml version="1.0" encoding="utf-8"?><testsuites name="pytest tests"><testsuite name="pytest" errors="0" failures="0" skipped="0" tests="20" time="7.154" timestamp="2026-03-18T11:48:45.304700+00:00" hostname="agent-env-a3e8e889-2a85-4a0a-8776-a35e2e775163"><testcase classname="backend.tests.test_glycemia_ml_v3.TestGlycemiaMLV3" name="test_glycemia_estimate_returns_ml_v3_response" time="0.584" /><testcase classname="backend.tests.test_glycemia_ml_v3.TestGlycemiaMLV3" name="test_glycemia_estimate_zone_classification" time="0.466" /><testcase classname="backend.tests.test_glycemia_ml_v3.TestGlycemiaMLV3" name="test_glycemia_estimate_factors_content" time="0.443" /><testcase classname="backend.tests.test_glycemia_ml_v3.TestGlycemiaMLV3" name="test_ml_status_returns_model_info" time="0.414" /><testcase classname="backend.tests.test_glycemia_ml_v3.TestGlycemiaMLV3" name="test_ml_status_feature_importances" time="0.422" /><testcase classname="backend.tests.test_glycemia_ml_v3.TestGlycemiaMLV3" name="test_ml_status_three_levels" time="0.420" /><testcase classname="backend.tests.test_glycemia_ml_v3.TestGlycemiaMLV3" name="test_ml_status_personal_model_info" time="0.384" /><testcase classname="backend.tests.test_glycemia_ml_v3.TestGlycemiaMLV3" name="test_calibrate_accepts_valid_data" time="0.384" /><testcase classname="backend.tests.test_glycemia_ml_v3.TestGlycemiaMLV3" name="test_calibrate_rejects_invalid_value" time="0.379" /><testcase classname="backend.tests.test_glycemia_ml_v3.TestGlycemiaMLV3" name="test_calibrate_rejects_zero_value" time="0.400" /><testcase classname="backend.tests.test_glycemia_ml_v3.TestGlycemiaMLV3" name="test_calibrations_returns_history" time="0.430" /><testcase classname="backend.tests.test_glycemia_ml_v3.TestGlycemiaMLV3" name="test_trend_returns_data" time="0.430" /><testcase classname="backend.tests.test_glycemia_ml_v3.TestGlycemiaMLV3" name="test_trend_history_structure" time="0.404" /><testcase classname="backend.tests.test_glycemia_ml_v3.TestMLModelFile" name="test_model_file_exists" time="0.000" /><testcase classname="backend.tests.test_glycemia_ml_v3.TestMLModelFile" name="test_model_file_loadable" time="0.875" /><testcase classname="backend.tests.test_glycemia_ml_v3.TestGlycemiaEndpointsWithoutAuth" name="test_estimate_requires_auth" time="0.108" /><testcase classname="backend.tests.test_glycemia_ml_v3.TestGlycemiaEndpointsWithoutAuth" name="test_ml_status_requires_auth" time="0.118" /><testcase classname="backend.tests.test_glycemia_ml_v3.TestGlycemiaEndpointsWithoutAuth" name="test_calibrate_requires_auth" time="0.117" /><testcase classname="backend.tests.test_glycemia_ml_v3.TestGlycemiaEndpointsWithoutAuth" name="test_calibrations_requires_auth" time="0.197" /><testcase classname="backend.tests.test_glycemia_ml_v3.TestGlycemiaEndpointsWithoutAuth" name="test_trend_requires_auth" time="0.118" /></testsuite></testsuites>