<?xml version="1.0" encoding="utf-8"?><testsuites name="pytest tests"><testsuite name="pytest" errors="0" failures="4" skipped="7" tests="11" time="1.797" timestamp="2026-02-24T15:40:42.823173+00:00" hostname="agent-env-d2fc2378-d654-469a-9670-2aaa339630f5"><testcase classname="backend.tests.test_iteration51_batch9.TestBeneficiaryLogin" name="test_beneficiary_login_with_phone" time="0.249"><failure message="AssertionError: Expected 200, got 401: {&quot;detail&quot;:&quot;Identifiant ou mot de passe incorrect&quot;}&#10;assert 401 == 200&#10; +  where 401 = &lt;Response [401]&gt;.status_code">backend/tests/test_iteration51_batch9.py:22: in test_beneficiary_login_with_phone
    assert resp.status_code == 200, f"Expected 200, got {resp.status_code}: {resp.text}"
E   AssertionError: Expected 200, got 401: {"detail":"Identifiant ou mot de passe incorrect"}
E   assert 401 == 200
E    +  where 401 = &lt;Response [401]&gt;.status_code</failure></testcase><testcase classname="backend.tests.test_iteration51_batch9.TestAdminLogin" name="test_admin_login_with_phone" time="0.132"><failure message="AssertionError: Expected 200, got 401: {&quot;detail&quot;:&quot;Identifiant ou mot de passe incorrect&quot;}&#10;assert 401 == 200&#10; +  where 401 = &lt;Response [401]&gt;.status_code">backend/tests/test_iteration51_batch9.py:40: in test_admin_login_with_phone
    assert resp.status_code == 200, f"Expected 200, got {resp.status_code}: {resp.text}"
E   AssertionError: Expected 200, got 401: {"detail":"Identifiant ou mot de passe incorrect"}
E   assert 401 == 200
E    +  where 401 = &lt;Response [401]&gt;.status_code</failure></testcase><testcase classname="backend.tests.test_iteration51_batch9.TestSAADAccountLogin" name="test_saad_login_with_phone" time="0.218"><failure message="AssertionError: Expected 200, got 401: {&quot;detail&quot;:&quot;Identifiant ou mot de passe incorrect&quot;}&#10;assert 401 == 200&#10; +  where 401 = &lt;Response [401]&gt;.status_code">backend/tests/test_iteration51_batch9.py:57: in test_saad_login_with_phone
    assert resp.status_code == 200, f"Expected 200, got {resp.status_code}: {resp.text}"
E   AssertionError: Expected 200, got 401: {"detail":"Identifiant ou mot de passe incorrect"}
E   assert 401 == 200
E    +  where 401 = &lt;Response [401]&gt;.status_code</failure></testcase><testcase classname="backend.tests.test_iteration51_batch9.TestSAADAccountLogin" name="test_saad_login_returns_structure_info" time="0.147"><failure message="assert 401 == 200&#10; +  where 401 = &lt;Response [401]&gt;.status_code">backend/tests/test_iteration51_batch9.py:70: in test_saad_login_returns_structure_info
    assert resp.status_code == 200
E   assert 401 == 200
E    +  where 401 = &lt;Response [401]&gt;.status_code</failure></testcase><testcase classname="backend.tests.test_iteration51_batch9.TestSAADInvitationSystem" name="test_saad_invitation_requires_admin" time="0.125"><skipped type="pytest.skip" message="Admin login failed">/app/backend/tests/test_iteration51_batch9.py:91: Admin login failed</skipped></testcase><testcase classname="backend.tests.test_iteration51_batch9.TestSAADInvitationSystem" name="test_saad_invitation_send_success" time="0.112"><skipped type="pytest.skip" message="Admin login failed">/app/backend/tests/test_iteration51_batch9.py:102: Admin login failed</skipped></testcase><testcase classname="backend.tests.test_iteration51_batch9.TestSAADInvitationSystem" name="test_saad_invitation_requires_email" time="0.133"><skipped type="pytest.skip" message="Admin login failed">/app/backend/tests/test_iteration51_batch9.py:119: Admin login failed</skipped></testcase><testcase classname="backend.tests.test_iteration51_batch9.TestSAADInvitationSystem" name="test_get_saad_invitations_list" time="0.154"><skipped type="pytest.skip" message="Admin login failed">/app/backend/tests/test_iteration51_batch9.py:132: Admin login failed</skipped></testcase><testcase classname="backend.tests.test_iteration51_batch9.TestHydrationReminders" name="test_get_reminders_returns_hydration" time="0.215"><skipped type="pytest.skip" message="Beneficiary login failed">/app/backend/tests/test_iteration51_batch9.py:160: Beneficiary login failed</skipped></testcase><testcase classname="backend.tests.test_iteration51_batch9.TestHealthDailyReport" name="test_daily_report_returns_vitals" time="0.120"><skipped type="pytest.skip" message="Beneficiary login failed">/app/backend/tests/test_iteration51_batch9.py:196: Beneficiary login failed</skipped></testcase><testcase classname="backend.tests.test_iteration51_batch9.TestGuardiansAPI" name="test_get_guardians_returns_list" time="0.129"><skipped type="pytest.skip" message="Beneficiary login failed">/app/backend/tests/test_iteration51_batch9.py:226: Beneficiary login failed</skipped></testcase></testsuite></testsuites>