<?xml version="1.0" encoding="utf-8"?><testsuites name="pytest tests"><testsuite name="pytest" errors="0" failures="4" skipped="6" tests="10" time="1.664" timestamp="2026-02-24T15:39:56.907834+00:00" hostname="agent-env-d2fc2378-d654-469a-9670-2aaa339630f5"><testcase classname="backend.tests.test_iteration51_batch9.TestSAADInvitationSystem" name="test_saad_invitation_requires_admin" time="0.177"><skipped type="pytest.skip" message="Admin login failed">/app/backend/tests/test_iteration51_batch9.py:27: Admin login failed</skipped></testcase><testcase classname="backend.tests.test_iteration51_batch9.TestSAADInvitationSystem" name="test_saad_invitation_send_success" time="0.156"><skipped type="pytest.skip" message="Admin login failed">/app/backend/tests/test_iteration51_batch9.py:38: Admin login failed</skipped></testcase><testcase classname="backend.tests.test_iteration51_batch9.TestSAADInvitationSystem" name="test_saad_invitation_requires_email" time="0.115"><skipped type="pytest.skip" message="Admin login failed">/app/backend/tests/test_iteration51_batch9.py:55: Admin login failed</skipped></testcase><testcase classname="backend.tests.test_iteration51_batch9.TestSAADInvitationSystem" name="test_get_saad_invitations_list" time="0.124"><skipped type="pytest.skip" message="Admin login failed">/app/backend/tests/test_iteration51_batch9.py:68: Admin login failed</skipped></testcase><testcase classname="backend.tests.test_iteration51_batch9.TestSAADAccountLogin" name="test_saad_login_with_phone" time="0.109"><failure message="AssertionError: Expected 200, got 422: {&quot;detail&quot;:[{&quot;type&quot;:&quot;missing&quot;,&quot;loc&quot;:[&quot;body&quot;,&quot;email&quot;],&quot;msg&quot;:&quot;Field required&quot;,&quot;input&quot;:{&quot;phone&quot;:&quot;+33499887766&quot;,&quot;password&quot;:&quot;demo123&quot;},&quot;url&quot;:&quot;https://errors.pydantic.dev/2.12/v/missing&quot;}]}&#10;assert 422 == 200&#10; +  where 422 = &lt;Response [422]&gt;.status_code">backend/tests/test_iteration51_batch9.py:89: in test_saad_login_with_phone
    assert resp.status_code == 200, f"Expected 200, got {resp.status_code}: {resp.text}"
E   AssertionError: Expected 200, got 422: {"detail":[{"type":"missing","loc":["body","email"],"msg":"Field required","input":{"phone":"+33499887766","password":"demo123"},"url":"https://errors.pydantic.dev/2.12/v/missing"}]}
E   assert 422 == 200
E    +  where 422 = &lt;Response [422]&gt;.status_code</failure></testcase><testcase classname="backend.tests.test_iteration51_batch9.TestSAADAccountLogin" name="test_saad_login_returns_structure_info" time="0.167"><failure message="assert 422 == 200&#10; +  where 422 = &lt;Response [422]&gt;.status_code">backend/tests/test_iteration51_batch9.py:102: in test_saad_login_returns_structure_info
    assert resp.status_code == 200
E   assert 422 == 200
E    +  where 422 = &lt;Response [422]&gt;.status_code</failure></testcase><testcase classname="backend.tests.test_iteration51_batch9.TestHydrationReminders" name="test_get_reminders_returns_hydration" time="0.143"><skipped type="pytest.skip" message="Beneficiary login failed">/app/backend/tests/test_iteration51_batch9.py:124: Beneficiary login failed</skipped></testcase><testcase classname="backend.tests.test_iteration51_batch9.TestBeneficiaryLogin" name="test_beneficiary_login_success" time="0.270"><failure message="AssertionError: Expected 200, got 422: {&quot;detail&quot;:[{&quot;type&quot;:&quot;missing&quot;,&quot;loc&quot;:[&quot;body&quot;,&quot;email&quot;],&quot;msg&quot;:&quot;Field required&quot;,&quot;input&quot;:{&quot;phone&quot;:&quot;+33651245918&quot;,&quot;password&quot;:&quot;demo123&quot;},&quot;url&quot;:&quot;https://errors.pydantic.dev/2.12/v/missing&quot;}]}&#10;assert 422 == 200&#10; +  where 422 = &lt;Response [422]&gt;.status_code">backend/tests/test_iteration51_batch9.py:154: in test_beneficiary_login_success
    assert resp.status_code == 200, f"Expected 200, got {resp.status_code}: {resp.text}"
E   AssertionError: Expected 200, got 422: {"detail":[{"type":"missing","loc":["body","email"],"msg":"Field required","input":{"phone":"+33651245918","password":"demo123"},"url":"https://errors.pydantic.dev/2.12/v/missing"}]}
E   assert 422 == 200
E    +  where 422 = &lt;Response [422]&gt;.status_code</failure></testcase><testcase classname="backend.tests.test_iteration51_batch9.TestAdminLogin" name="test_admin_login_success" time="0.169"><failure message="AssertionError: Expected 200, got 422: {&quot;detail&quot;:[{&quot;type&quot;:&quot;missing&quot;,&quot;loc&quot;:[&quot;body&quot;,&quot;email&quot;],&quot;msg&quot;:&quot;Field required&quot;,&quot;input&quot;:{&quot;phone&quot;:&quot;+33600000001&quot;,&quot;password&quot;:&quot;demo123&quot;},&quot;url&quot;:&quot;https://errors.pydantic.dev/2.12/v/missing&quot;}]}&#10;assert 422 == 200&#10; +  where 422 = &lt;Response [422]&gt;.status_code">backend/tests/test_iteration51_batch9.py:171: in test_admin_login_success
    assert resp.status_code == 200, f"Expected 200, got {resp.status_code}: {resp.text}"
E   AssertionError: Expected 200, got 422: {"detail":[{"type":"missing","loc":["body","email"],"msg":"Field required","input":{"phone":"+33600000001","password":"demo123"},"url":"https://errors.pydantic.dev/2.12/v/missing"}]}
E   assert 422 == 200
E    +  where 422 = &lt;Response [422]&gt;.status_code</failure></testcase><testcase classname="backend.tests.test_iteration51_batch9.TestHealthDailyReport" name="test_daily_report_returns_vitals" time="0.169"><skipped type="pytest.skip" message="Beneficiary login failed">/app/backend/tests/test_iteration51_batch9.py:193: Beneficiary login failed</skipped></testcase></testsuite></testsuites>