<?xml version="1.0" encoding="utf-8"?><testsuites name="pytest tests"><testsuite name="pytest" errors="0" failures="0" skipped="0" tests="15" time="7.134" timestamp="2026-03-09T10:12:43.880639+00:00" hostname="agent-env-86305700-d747-4167-8cc1-5ef2fc294605"><testcase classname="backend.tests.test_minceur_tracking_iter95.TestMinceurTracking" name="test_track_meal_toggle_on" time="0.598" /><testcase classname="backend.tests.test_minceur_tracking_iter95.TestMinceurTracking" name="test_track_meal_toggle_off" time="0.457" /><testcase classname="backend.tests.test_minceur_tracking_iter95.TestMinceurTracking" name="test_track_exercise_toggle" time="0.456" /><testcase classname="backend.tests.test_minceur_tracking_iter95.TestMinceurTracking" name="test_track_multiple_items" time="0.464" /><testcase classname="backend.tests.test_minceur_tracking_iter95.TestMinceurTracking" name="test_track_invalid_type" time="0.463" /><testcase classname="backend.tests.test_minceur_tracking_iter95.TestMinceurTracking" name="test_track_missing_index" time="0.436" /><testcase classname="backend.tests.test_minceur_tracking_iter95.TestMinceurTracking" name="test_track_requires_auth" time="0.506" /><testcase classname="backend.tests.test_minceur_tracking_iter95.TestMinceurTracking" name="test_get_today_tracking_returns_200" time="0.424" /><testcase classname="backend.tests.test_minceur_tracking_iter95.TestMinceurTracking" name="test_get_today_tracking_structure" time="0.468" /><testcase classname="backend.tests.test_minceur_tracking_iter95.TestMinceurTracking" name="test_get_today_tracking_reflects_tracked_items" time="0.467" /><testcase classname="backend.tests.test_minceur_tracking_iter95.TestMinceurTracking" name="test_get_today_tracking_requires_auth" time="0.560" /><testcase classname="backend.tests.test_minceur_tracking_iter95.TestMinceurTracking" name="test_weight_details_includes_tracking" time="0.413" /><testcase classname="backend.tests.test_minceur_tracking_iter95.TestMinceurTracking" name="test_weight_details_tracking_matches_today_tracking" time="0.490" /><testcase classname="backend.tests.test_minceur_tracking_iter95.TestMinceurTracking" name="test_streak_increments_on_first_track" time="0.483" /><testcase classname="backend.tests.test_minceur_tracking_iter95.TestMinceurTracking" name="test_track_returns_total_done_count" time="0.403" /></testsuite></testsuites>