<?xml version="1.0" encoding="utf-8"?><testsuites name="pytest tests"><testsuite name="pytest" errors="0" failures="0" skipped="0" tests="6" time="1.651" timestamp="2026-03-03T15:12:27.900473+00:00" hostname="agent-env-6e16a67c-e1de-42d8-a485-54e7d43a6382"><testcase classname="backend.tests.test_iteration79_alerts_geofence.TestGeofenceAlerts" name="test_get_alerts_returns_geofence_type" time="0.671" /><testcase classname="backend.tests.test_iteration79_alerts_geofence.TestGeofenceAlerts" name="test_get_alert_detail_for_geofence" time="0.268" /><testcase classname="backend.tests.test_iteration79_alerts_geofence.TestGeofenceAlerts" name="test_invalid_alert_id_returns_404" time="0.165" /><testcase classname="backend.tests.test_iteration79_alerts_geofence.TestGeofenceAlerts" name="test_alerts_endpoint_does_not_crash" time="0.132" /><testcase classname="backend.tests.test_iteration79_alerts_geofence.TestGeofenceAlerts" name="test_active_alerts_with_interventions_geofence" time="0.116" /><testcase classname="backend.tests.test_iteration79_alerts_geofence.TestAlertReportEndpoint" name="test_get_alert_report_for_geofence" time="0.282" /></testsuite></testsuites>