<?xml version="1.0" encoding="utf-8"?><testsuites name="pytest tests"><testsuite name="pytest" errors="0" failures="0" skipped="0" tests="21" time="6.490" timestamp="2026-02-09T19:04:51.835576+00:00" hostname="agent-env-35dd4a61-112e-493b-9210-2a12f7d105ff"><testcase classname="tests.test_new_features.TestAuth" name="test_login_beneficiary" time="0.305" /><testcase classname="tests.test_new_features.TestAuth" name="test_login_guardian" time="0.258" /><testcase classname="tests.test_new_features.TestAuth" name="test_login_admin" time="0.273" /><testcase classname="tests.test_new_features.TestAuth" name="test_login_teleassistance" time="0.261" /><testcase classname="tests.test_new_features.TestReminders" name="test_01_create_hydration_reminder" time="0.275" /><testcase classname="tests.test_new_features.TestReminders" name="test_02_create_medication_reminder" time="0.273" /><testcase classname="tests.test_new_features.TestReminders" name="test_03_create_alarm_reminder" time="0.269" /><testcase classname="tests.test_new_features.TestReminders" name="test_04_get_reminders" time="0.275" /><testcase classname="tests.test_new_features.TestReminders" name="test_05_complete_reminder" time="0.267" /><testcase classname="tests.test_new_features.TestReminders" name="test_06_toggle_reminder" time="0.276" /><testcase classname="tests.test_new_features.TestReminders" name="test_07_delete_reminder" time="0.288" /><testcase classname="tests.test_new_features.TestDataSharing" name="test_01_get_data_sharing_prefs" time="0.266" /><testcase classname="tests.test_new_features.TestDataSharing" name="test_02_update_data_sharing_prefs" time="0.263" /><testcase classname="tests.test_new_features.TestDataSharing" name="test_03_verify_data_sharing_update" time="0.270" /><testcase classname="tests.test_new_features.TestGuardianMap" name="test_01_get_guardian_map" time="0.277" /><testcase classname="tests.test_new_features.TestKPIDashboard" name="test_01_get_kpi_data" time="0.281" /><testcase classname="tests.test_new_features.TestAlertReport" name="test_01_create_test_alert" time="0.568" /><testcase classname="tests.test_new_features.TestAlertReport" name="test_02_get_alert_report" time="0.328" /><testcase classname="tests.test_new_features.TestEmailEndpoint" name="test_01_get_sent_emails" time="0.286" /><testcase classname="tests.test_new_features.TestEmailEndpoint" name="test_02_email_endpoint_forbidden_for_non_admin" time="0.528" /><testcase classname="tests.test_new_features.TestCleanup" name="test_cleanup_reminders" time="0.337" /></testsuite></testsuites>