<?xml version="1.0" encoding="utf-8"?><testsuites name="pytest tests"><testsuite name="pytest" errors="0" failures="0" skipped="0" tests="23" time="5.343" timestamp="2026-04-03T11:24:14.854566+00:00" hostname="agent-env-d5ce1104-8c14-4210-87dd-c933117910a6"><testcase classname="backend.tests.test_v8_physiological_validation_iter205.TestPhysiologicalValidation" name="test_invalid_hr_23_filtered_out" time="0.618" /><testcase classname="backend.tests.test_v8_physiological_validation_iter205.TestPhysiologicalValidation" name="test_invalid_spo2_36_filtered_out" time="0.130" /><testcase classname="backend.tests.test_v8_physiological_validation_iter205.TestPhysiologicalValidation" name="test_valid_hr_72_spo2_97_accepted" time="0.104" /><testcase classname="backend.tests.test_v8_physiological_validation_iter205.TestPhysiologicalValidation" name="test_invalid_hrv_0_filtered_out" time="0.126" /><testcase classname="backend.tests.test_v8_physiological_validation_iter205.TestPhysiologicalValidation" name="test_invalid_stress_150_filtered_out" time="0.123" /><testcase classname="backend.tests.test_v8_physiological_validation_iter205.TestSleepMetadataStripping" name="test_sleep_metadata_stripped_keeps_valid_stages" time="0.104" /><testcase classname="backend.tests.test_v8_physiological_validation_iter205.TestSleepMetadataStripping" name="test_sleep_without_metadata_preserved" time="0.123" /><testcase classname="backend.tests.test_v8_physiological_validation_iter205.TestSleepSegmentAggregation" name="test_sleep_segment_aggregation_two_segments" time="0.325" /><testcase classname="backend.tests.test_v8_physiological_validation_iter205.TestSleepSegmentAggregation" name="test_sleep_segments_stored_in_device" time="0.103" /><testcase classname="backend.tests.test_v8_physiological_validation_iter205.TestVibrationCommands" name="test_vibrate_alarm_ble_cmd_54_payload_5" time="0.107" /><testcase classname="backend.tests.test_v8_physiological_validation_iter205.TestVibrationCommands" name="test_vibrate_reminder_ble_cmd_54_payload_2" time="0.118" /><testcase classname="backend.tests.test_v8_physiological_validation_iter205.TestVibrationCommands" name="test_vibrate_alert_ble_cmd_54_payload_3" time="0.116" /><testcase classname="backend.tests.test_v8_physiological_validation_iter205.TestAnomalyAlerts" name="test_no_alert_for_invalid_hr_23" time="0.814" /><testcase classname="backend.tests.test_v8_physiological_validation_iter205.TestAnomalyAlerts" name="test_alert_for_valid_but_low_hr_45" time="0.735" /><testcase classname="backend.tests.test_v8_physiological_validation_iter205.TestAnomalyAlerts" name="test_no_alert_for_invalid_spo2_36" time="0.723" /><testcase classname="backend.tests.test_v8_physiological_validation_iter205.TestBleConfig" name="test_ble_config_battery_starts_with_13" time="0.102" /><testcase classname="backend.tests.test_v8_physiological_validation_iter205.TestBleConfig" name="test_v8_config_get_battery_is_19" time="0.101" /><testcase classname="backend.tests.test_v8_physiological_validation_iter205.TestEdgeCaseValidation" name="test_hr_at_boundary_30_accepted" time="0.103" /><testcase classname="backend.tests.test_v8_physiological_validation_iter205.TestEdgeCaseValidation" name="test_hr_at_boundary_220_accepted" time="0.106" /><testcase classname="backend.tests.test_v8_physiological_validation_iter205.TestEdgeCaseValidation" name="test_spo2_at_boundary_50_accepted" time="0.100" /><testcase classname="backend.tests.test_v8_physiological_validation_iter205.TestEdgeCaseValidation" name="test_spo2_at_boundary_100_accepted" time="0.104" /><testcase classname="backend.tests.test_v8_physiological_validation_iter205.TestEdgeCaseValidation" name="test_temperature_valid_range" time="0.107" /><testcase classname="backend.tests.test_v8_physiological_validation_iter205.TestEdgeCaseValidation" name="test_temperature_invalid_low_filtered" time="0.125" /></testsuite></testsuites>