<?xml version="1.0" encoding="utf-8"?><testsuites name="pytest tests"><testsuite name="pytest" errors="0" failures="0" skipped="0" tests="14" time="20.338" timestamp="2026-04-01T17:32:57.719986+00:00" hostname="agent-env-6ba471a8-f0d1-443d-ad40-e115492011c8"><testcase classname="backend.tests.test_morning_briefing_sleep_alarm_iter199.TestMorningBriefingEnrichedFields" name="test_morning_briefing_returns_200" time="2.609" /><testcase classname="backend.tests.test_morning_briefing_sleep_alarm_iter199.TestMorningBriefingEnrichedFields" name="test_morning_briefing_has_exercises_fields" time="2.105" /><testcase classname="backend.tests.test_morning_briefing_sleep_alarm_iter199.TestMorningBriefingEnrichedFields" name="test_morning_briefing_exercises_structure" time="2.317" /><testcase classname="backend.tests.test_morning_briefing_sleep_alarm_iter199.TestMorningBriefingEnrichedFields" name="test_morning_briefing_has_nutrition_field" time="2.109" /><testcase classname="backend.tests.test_morning_briefing_sleep_alarm_iter199.TestMorningBriefingEnrichedFields" name="test_morning_briefing_has_reminders_field" time="2.373" /><testcase classname="backend.tests.test_morning_briefing_sleep_alarm_iter199.TestMorningBriefingEnrichedFields" name="test_morning_briefing_has_sleep_field" time="2.752" /><testcase classname="backend.tests.test_morning_briefing_sleep_alarm_iter199.TestMorningBriefingEnrichedFields" name="test_morning_briefing_existing_fields_still_present" time="1.947" /><testcase classname="backend.tests.test_morning_briefing_sleep_alarm_iter199.TestSleepAlarmAPI" name="test_get_sleep_alarm_returns_200" time="0.633" /><testcase classname="backend.tests.test_morning_briefing_sleep_alarm_iter199.TestSleepAlarmAPI" name="test_get_sleep_alarm_has_required_fields" time="0.544" /><testcase classname="backend.tests.test_morning_briefing_sleep_alarm_iter199.TestSleepAlarmAPI" name="test_get_sleep_alarm_adjustments_is_list" time="0.537" /><testcase classname="backend.tests.test_morning_briefing_sleep_alarm_iter199.TestSleepAlarmAPI" name="test_put_sleep_alarm_updates_wake_time" time="0.769" /><testcase classname="backend.tests.test_morning_briefing_sleep_alarm_iter199.TestSleepAlarmAPI" name="test_put_sleep_alarm_computes_bedtime" time="0.532" /><testcase classname="backend.tests.test_morning_briefing_sleep_alarm_iter199.TestSleepAlarmAdjustmentsLogic" name="test_adjustments_are_french_strings" time="0.544" /><testcase classname="backend.tests.test_morning_briefing_sleep_alarm_iter199.TestSleepAlarmAdjustmentsLogic" name="test_extra_minutes_matches_adjustments" time="0.516" /></testsuite></testsuites>