<?xml version="1.0" encoding="utf-8"?><testsuites name="pytest tests"><testsuite name="pytest" errors="0" failures="0" skipped="0" tests="13" time="5.625" timestamp="2026-03-27T11:19:24.094438+00:00" hostname="agent-env-5b92f175-ad8d-4aa5-b5b3-39034d370b73"><testcase classname="backend.tests.test_notifications_iter180.TestNotificationSystem" name="test_get_notifications_list" time="0.566" /><testcase classname="backend.tests.test_notifications_iter180.TestNotificationSystem" name="test_get_notifications_requires_auth" time="0.098" /><testcase classname="backend.tests.test_notifications_iter180.TestNotificationSystem" name="test_get_unread_count" time="0.099" /><testcase classname="backend.tests.test_notifications_iter180.TestNotificationSystem" name="test_mark_notification_read" time="0.201" /><testcase classname="backend.tests.test_notifications_iter180.TestNotificationSystem" name="test_mark_all_read" time="0.218" /><testcase classname="backend.tests.test_notifications_iter180.TestNotificationSystem" name="test_subscribe_push" time="0.117" /><testcase classname="backend.tests.test_notifications_iter180.TestNotificationSystem" name="test_subscribe_push_requires_subscription" time="0.113" /><testcase classname="backend.tests.test_notifications_iter180.TestNotificationTriggers" name="test_assign_exercise_creates_notification" time="1.662" /><testcase classname="backend.tests.test_notifications_iter180.TestNotificationTriggers" name="test_assign_meal_creates_notification" time="0.833" /><testcase classname="backend.tests.test_notifications_iter180.TestNotificationTriggers" name="test_assign_reminder_creates_notification" time="0.800" /><testcase classname="backend.tests.test_notifications_iter180.TestWebSocketConnection" name="test_websocket_accepts_valid_token" time="0.611" /><testcase classname="backend.tests.test_notifications_iter180.TestWebSocketConnection" name="test_websocket_rejects_invalid_token" time="0.155" /><testcase classname="backend.tests.test_notifications_iter180.TestWebSocketConnection" name="test_websocket_rejects_no_token" time="0.124" /></testsuite></testsuites>