<?xml version="1.0" encoding="utf-8"?><testsuites name="pytest tests"><testsuite name="pytest" errors="0" failures="0" skipped="0" tests="13" time="2.815" timestamp="2026-04-05T17:13:18.684707+00:00" hostname="agent-env-2e51b136-e38b-4911-b011-bb7e465de0d3"><testcase classname="backend.tests.test_health_fixes_iter208.TestDailyReportFixes" name="test_daily_report_returns_200" time="0.673" /><testcase classname="backend.tests.test_health_fixes_iter208.TestDailyReportFixes" name="test_daily_report_has_temperature" time="0.172" /><testcase classname="backend.tests.test_health_fixes_iter208.TestDailyReportFixes" name="test_daily_report_has_distance" time="0.165" /><testcase classname="backend.tests.test_health_fixes_iter208.TestDailyReportFixes" name="test_daily_report_vo2_max_reasonable" time="0.112" /><testcase classname="backend.tests.test_health_fixes_iter208.TestDailyReportFixes" name="test_daily_report_analysis_phase_day" time="0.105" /><testcase classname="backend.tests.test_health_fixes_iter208.TestSleepHistoryFixes" name="test_sleep_history_returns_200" time="0.341" /><testcase classname="backend.tests.test_health_fixes_iter208.TestSleepHistoryFixes" name="test_sleep_history_dates_valid" time="0.224" /><testcase classname="backend.tests.test_health_fixes_iter208.TestGlycemiaFixes" name="test_glycemia_estimate_returns_200" time="0.160" /><testcase classname="backend.tests.test_health_fixes_iter208.TestGlycemiaFixes" name="test_glycemia_estimate_is_number" time="0.158" /><testcase classname="backend.tests.test_health_fixes_iter208.TestGlycemiaFixes" name="test_glycemia_calibrations_empty" time="0.105" /><testcase classname="backend.tests.test_health_fixes_iter208.TestHealthEndpointsIntegration" name="test_health_summary" time="0.121" /><testcase classname="backend.tests.test_health_fixes_iter208.TestHealthEndpointsIntegration" name="test_sleep_data" time="0.187" /><testcase classname="backend.tests.test_health_fixes_iter208.TestHealthEndpointsIntegration" name="test_sleep_analysis" time="0.252" /></testsuite></testsuites>