<?xml version="1.0" encoding="utf-8"?><testsuites name="pytest tests"><testsuite name="pytest" errors="0" failures="0" skipped="0" tests="23" time="3.483" timestamp="2026-02-09T20:56:35.083748+00:00" hostname="agent-env-35dd4a61-112e-493b-9210-2a12f7d105ff"><testcase classname="backend.tests.test_iteration7_crud.TestAdminActivationCodes" name="test_create_activation_code_with_company_info" time="0.430" /><testcase classname="backend.tests.test_iteration7_crud.TestAdminActivationCodes" name="test_get_activation_codes" time="0.040" /><testcase classname="backend.tests.test_iteration7_crud.TestAdminActivationCodes" name="test_update_activation_code" time="0.074" /><testcase classname="backend.tests.test_iteration7_crud.TestAdminActivationCodes" name="test_toggle_activation_code" time="0.072" /><testcase classname="backend.tests.test_iteration7_crud.TestAdminActivationCodes" name="test_delete_activation_code" time="0.042" /><testcase classname="backend.tests.test_iteration7_crud.TestAdminInterventionCodes" name="test_create_intervention_code_with_radius" time="0.381" /><testcase classname="backend.tests.test_iteration7_crud.TestAdminInterventionCodes" name="test_get_intervention_codes" time="0.036" /><testcase classname="backend.tests.test_iteration7_crud.TestAdminInterventionCodes" name="test_get_intervention_providers" time="0.037" /><testcase classname="backend.tests.test_iteration7_crud.TestAdminInterventionCodes" name="test_toggle_intervention_code" time="0.147" /><testcase classname="backend.tests.test_iteration7_crud.TestAdminInterventionCodes" name="test_delete_intervention_code" time="0.038" /><testcase classname="backend.tests.test_iteration7_crud.TestEscalationTakeoverResolve" name="test_get_escalations" time="0.296" /><testcase classname="backend.tests.test_iteration7_crud.TestEscalationTakeoverResolve" name="test_takeover_escalation_not_found" time="0.035" /><testcase classname="backend.tests.test_iteration7_crud.TestEscalationTakeoverResolve" name="test_resolve_escalation_not_found" time="0.034" /><testcase classname="backend.tests.test_iteration7_crud.TestAdminAccessControl" name="test_beneficiary_cannot_access_activation_codes" time="0.295" /><testcase classname="backend.tests.test_iteration7_crud.TestAdminAccessControl" name="test_beneficiary_cannot_create_activation_code" time="0.034" /><testcase classname="backend.tests.test_iteration7_crud.TestAdminAccessControl" name="test_beneficiary_cannot_access_intervention_codes" time="0.038" /><testcase classname="backend.tests.test_iteration7_crud.TestBackofficeEndpoints" name="test_backoffice_stats" time="0.297" /><testcase classname="backend.tests.test_iteration7_crud.TestBackofficeEndpoints" name="test_backoffice_kpi" time="0.052" /><testcase classname="backend.tests.test_iteration7_crud.TestBackofficeEndpoints" name="test_backoffice_prescriptions" time="0.037" /><testcase classname="backend.tests.test_iteration7_crud.TestExistingAuthFlows" name="test_beneficiary_login" time="0.259" /><testcase classname="backend.tests.test_iteration7_crud.TestExistingAuthFlows" name="test_guardian_login" time="0.263" /><testcase classname="backend.tests.test_iteration7_crud.TestExistingAuthFlows" name="test_teleassistance_login" time="0.261" /><testcase classname="backend.tests.test_iteration7_crud.TestExistingAuthFlows" name="test_admin_login" time="0.257" /></testsuite></testsuites>