<?xml version="1.0" encoding="utf-8"?><testsuites name="pytest tests"><testsuite name="pytest" errors="0" failures="0" skipped="0" tests="14" time="3.783" timestamp="2026-04-02T14:19:34.661553+00:00" hostname="agent-env-d3a9bd39-0a0b-4426-bff4-45c0a3ccc414"><testcase classname="backend.tests.test_dashboard_devices_iter202.TestDashboardBatchAPI" name="test_dashboard_batch_returns_200" time="0.622" /><testcase classname="backend.tests.test_dashboard_devices_iter202.TestDashboardBatchAPI" name="test_dashboard_batch_has_dashboard_summary" time="0.131" /><testcase classname="backend.tests.test_dashboard_devices_iter202.TestDashboardBatchAPI" name="test_dashboard_summary_has_devices_array" time="0.143" /><testcase classname="backend.tests.test_dashboard_devices_iter202.TestDashboardBatchAPI" name="test_bracelet_connected_calculated_from_last_sync" time="0.110" /><testcase classname="backend.tests.test_dashboard_devices_iter202.TestDashboardBatchAPI" name="test_scale_connected_calculated_from_last_sync" time="0.114" /><testcase classname="backend.tests.test_dashboard_devices_iter202.TestDashboardBatchAPI" name="test_vest_connected_calculated_from_last_sync" time="0.140" /><testcase classname="backend.tests.test_dashboard_devices_iter202.TestBraceletStatusAPI" name="test_bracelet_status_returns_200" time="0.577" /><testcase classname="backend.tests.test_dashboard_devices_iter202.TestBraceletStatusAPI" name="test_bracelet_status_has_required_fields" time="0.104" /><testcase classname="backend.tests.test_dashboard_devices_iter202.TestBraceletStatusAPI" name="test_bracelet_paired_based_on_last_sync" time="0.106" /><testcase classname="backend.tests.test_dashboard_devices_iter202.TestBraceletUnpairAPI" name="test_bracelet_unpair_returns_200" time="0.590" /><testcase classname="backend.tests.test_dashboard_devices_iter202.TestBraceletUnpairAPI" name="test_bracelet_unpair_resets_last_sync" time="0.211" /><testcase classname="backend.tests.test_dashboard_devices_iter202.TestBraceletUnpairAPI" name="test_dashboard_batch_after_unpair_no_bracelet" time="0.228" /><testcase classname="backend.tests.test_dashboard_devices_iter202.TestDeviceBatteryDisplay" name="test_scale_battery_zero_in_dashboard" time="0.571" /><testcase classname="backend.tests.test_dashboard_devices_iter202.TestDeviceBatteryDisplay" name="test_devices_have_battery_field" time="0.113" /></testsuite></testsuites>