<?xml version="1.0" encoding="utf-8"?><testsuites name="pytest tests"><testsuite name="pytest" errors="0" failures="0" skipped="0" tests="14" time="3.234" timestamp="2026-02-14T15:35:33.267825+00:00" hostname="agent-env-edcc2c39-bcf4-4206-9010-20a7bda88182"><testcase classname="tests.test_iteration21_company_intervenants.TestCompanyIntervenants" name="test_company_login" time="0.416" /><testcase classname="tests.test_iteration21_company_intervenants.TestCompanyIntervenants" name="test_get_intervenants_list" time="0.448" /><testcase classname="tests.test_iteration21_company_intervenants.TestCompanyIntervenants" name="test_intervenants_names" time="0.148" /><testcase classname="tests.test_iteration21_company_intervenants.TestCompanyIntervenants" name="test_get_intervenant_detail" time="0.249" /><testcase classname="tests.test_iteration21_company_intervenants.TestCompanyIntervenants" name="test_intervenant_detail_not_found" time="0.118" /><testcase classname="tests.test_iteration21_company_intervenants.TestCompanyIntervenants" name="test_intervenants_require_auth" time="0.109" /><testcase classname="tests.test_iteration21_company_intervenants.TestCompanyInterventions" name="test_get_interventions_list" time="0.128" /><testcase classname="tests.test_iteration21_company_intervenants.TestCompanyInterventions" name="test_intervention_structure" time="0.099" /><testcase classname="tests.test_iteration21_company_intervenants.TestCompanyInterventions" name="test_intervention_statuses" time="0.205" /><testcase classname="tests.test_iteration21_company_intervenants.TestCompanyInterventions" name="test_interventions_require_auth" time="0.113" /><testcase classname="tests.test_iteration21_company_intervenants.TestCompanyDashboard" name="test_dashboard_returns_data" time="0.128" /><testcase classname="tests.test_iteration21_company_intervenants.TestCompanyDashboard" name="test_dashboard_prescriptions_count" time="0.117" /><testcase classname="tests.test_iteration21_company_intervenants.TestRoleRestriction" name="test_intervenants_restricted_to_company" time="0.447" /><testcase classname="tests.test_iteration21_company_intervenants.TestRoleRestriction" name="test_interventions_restricted_to_company" time="0.462" /></testsuite></testsuites>