<?xml version="1.0" encoding="utf-8"?><testsuites name="pytest tests"><testsuite name="pytest" errors="0" failures="0" skipped="0" tests="25" time="6.806" timestamp="2026-03-25T06:35:05.156024+00:00" hostname="agent-env-eb09795a-d5b3-477a-a3f4-434848119493"><testcase classname="backend.tests.test_pro_phase456_features.TestPhase4Subscriptions" name="test_get_subscription_status_empty" time="0.582" /><testcase classname="backend.tests.test_pro_phase456_features.TestPhase4Subscriptions" name="test_cancel_existing_subscription_if_any" time="0.251" /><testcase classname="backend.tests.test_pro_phase456_features.TestPhase4Subscriptions" name="test_propose_subscription_sport" time="0.263" /><testcase classname="backend.tests.test_pro_phase456_features.TestPhase4Subscriptions" name="test_propose_subscription_invalid_type" time="0.103" /><testcase classname="backend.tests.test_pro_phase456_features.TestPhase4Subscriptions" name="test_get_my_subscription_beneficiary" time="0.505" /><testcase classname="backend.tests.test_pro_phase456_features.TestPhase4Subscriptions" name="test_list_all_subscriptions_pro" time="0.094" /><testcase classname="backend.tests.test_pro_phase456_features.TestPhase5Payments" name="test_accept_subscription_creates_payment" time="1.148" /><testcase classname="backend.tests.test_pro_phase456_features.TestPhase5Payments" name="test_simulate_payment" time="0.205" /><testcase classname="backend.tests.test_pro_phase456_features.TestPhase5Payments" name="test_get_payment_history" time="0.116" /><testcase classname="backend.tests.test_pro_phase456_features.TestPhase5Payments" name="test_cancel_subscription" time="0.192" /><testcase classname="backend.tests.test_pro_phase456_features.TestPhase6Messaging" name="test_get_or_create_conversation_pro" time="0.418" /><testcase classname="backend.tests.test_pro_phase456_features.TestPhase6Messaging" name="test_get_conversations_list" time="0.104" /><testcase classname="backend.tests.test_pro_phase456_features.TestPhase6Messaging" name="test_send_message_pro" time="0.204" /><testcase classname="backend.tests.test_pro_phase456_features.TestPhase6Messaging" name="test_send_message_beneficiary" time="0.719" /><testcase classname="backend.tests.test_pro_phase456_features.TestPhase6Messaging" name="test_get_messages" time="0.230" /><testcase classname="backend.tests.test_pro_phase456_features.TestPhase6Messaging" name="test_get_unread_count_pro" time="0.090" /><testcase classname="backend.tests.test_pro_phase456_features.TestPhase6Messaging" name="test_get_unread_count_beneficiary" time="0.097" /><testcase classname="backend.tests.test_pro_phase456_features.TestMollieWebhook" name="test_webhook_no_id" time="0.089" /><testcase classname="backend.tests.test_pro_phase456_features.TestProSpaceTabs" name="test_programs_tab_endpoints" time="0.423" /><testcase classname="backend.tests.test_pro_phase456_features.TestProSpaceTabs" name="test_reminders_tab_endpoints" time="0.095" /><testcase classname="backend.tests.test_pro_phase456_features.TestProSpaceTabs" name="test_meals_tab_endpoints" time="0.100" /><testcase classname="backend.tests.test_pro_phase456_features.TestProSpaceTabs" name="test_subscription_tab_endpoints" time="0.091" /><testcase classname="backend.tests.test_pro_phase456_features.TestProSpaceTabs" name="test_messages_tab_endpoints" time="0.107" /><testcase classname="backend.tests.test_pro_phase456_features.TestProSpaceTabs" name="test_bilans_tab_endpoints" time="0.119" /><testcase classname="backend.tests.test_pro_phase456_features.TestCleanup" name="test_cleanup_test_subscriptions" time="0.409" /></testsuite></testsuites>