<?xml version="1.0" encoding="utf-8"?><testsuites name="pytest tests"><testsuite name="pytest" errors="0" failures="0" skipped="0" tests="17" time="96.235" timestamp="2026-03-04T12:54:38.189669+00:00" hostname="agent-env-7b59d73f-85d8-440d-894b-0df6a6a11279"><testcase classname="backend.tests.test_iteration88_activity_streak.TestActivityStreak" name="test_activity_streak_endpoint_exists" time="0.601" /><testcase classname="backend.tests.test_iteration88_activity_streak.TestActivityStreak" name="test_activity_streak_response_structure" time="0.504" /><testcase classname="backend.tests.test_iteration88_activity_streak.TestActivityStreak" name="test_activity_streak_objectives_today_empty_for_user_without_objectives_met" time="0.493" /><testcase classname="backend.tests.test_iteration88_activity_streak.TestActivityStreak" name="test_daily_report_includes_activity_streak" time="7.990" /><testcase classname="backend.tests.test_iteration88_activity_streak.TestActivityStreak" name="test_daily_report_streak_consistency_with_dedicated_endpoint" time="9.887" /><testcase classname="backend.tests.test_iteration88_activity_streak.TestActivityStreak" name="test_badge_null_for_streak_less_than_7" time="0.444" /><testcase classname="backend.tests.test_iteration88_activity_streak.TestActivityStreak" name="test_badge_structure_when_exists" time="0.439" /><testcase classname="backend.tests.test_iteration88_activity_streak.TestActivityStreak" name="test_daily_report_data_for_objectives_evaluation" time="8.658" /><testcase classname="backend.tests.test_iteration88_activity_streak.TestActivityStreak" name="test_objectives_evaluation_logic_bmi" time="16.663" /><testcase classname="backend.tests.test_iteration88_activity_streak.TestActivityStreak" name="test_objectives_evaluation_logic_body_fat" time="11.546" /><testcase classname="backend.tests.test_iteration88_activity_streak.TestActivityStreak" name="test_objectives_evaluation_logic_hydration" time="8.663" /><testcase classname="backend.tests.test_iteration88_activity_streak.TestActivityStreak" name="test_streak_auto_evaluates_on_daily_report_fetch" time="19.438" /><testcase classname="backend.tests.test_iteration88_activity_streak.TestActivityStreak" name="test_streak_zero_when_no_objectives_met" time="0.457" /><testcase classname="backend.tests.test_iteration88_activity_streak.TestActivityStreak" name="test_max_streak_gte_current_streak" time="0.446" /><testcase classname="backend.tests.test_iteration88_activity_streak.TestObjectivesEvaluationFunction" name="test_user_data_values" time="9.025" /><testcase classname="backend.tests.test_iteration88_activity_streak.TestObjectivesEvaluationFunction" name="test_objectives_empty_for_this_user" time="0.462" /><testcase classname="backend.tests.test_iteration88_activity_streak.TestBadgeLevels" name="test_badge_tiers_documented" time="0.471" /></testsuite></testsuites>