<?xml version="1.0" encoding="utf-8"?><testsuites name="pytest tests"><testsuite name="pytest" errors="0" failures="0" skipped="0" tests="6" time="13.991" timestamp="2026-03-09T17:04:27.427598+00:00" hostname="agent-env-0ac67152-0845-406f-9e2a-0facb2c5639b"><testcase classname="backend.tests.test_iteration100_features.TestWeeklyReportEndpoint" name="test_weekly_report_returns_200" time="3.528" /><testcase classname="backend.tests.test_iteration100_features.TestWeeklyReportEndpoint" name="test_weekly_report_has_week_summary" time="4.931" /><testcase classname="backend.tests.test_iteration100_features.TestWeeklyReportEndpoint" name="test_weekly_report_has_nora_message" time="3.606" /><testcase classname="backend.tests.test_iteration100_features.TestPasswordChangePersistence" name="test_change_password_returns_password_changed" time="1.907" /><testcase classname="backend.tests.test_iteration100_features.TestPasswordOverridesFile" name="test_password_overrides_file_exists" time="0.000" /><testcase classname="backend.tests.test_iteration100_features.TestPasswordOverridesFile" name="test_password_overrides_file_valid_json" time="0.000" /></testsuite></testsuites>