<?xml version="1.0" encoding="utf-8"?><testsuites name="pytest tests"><testsuite name="pytest" errors="0" failures="0" skipped="0" tests="8" time="1.552" timestamp="2026-03-31T09:01:44.526589+00:00" hostname="agent-env-c681ea8d-7128-4b82-ae05-3ed866be4ed2"><testcase classname="backend.tests.test_enriched_hydration_templates.TestReminderTemplatesEnriched" name="test_get_reminder_templates_returns_enriched_fields" time="0.554" /><testcase classname="backend.tests.test_enriched_hydration_templates.TestReminderTemplatesEnriched" name="test_create_hydration_template_with_enriched_fields" time="0.049" /><testcase classname="backend.tests.test_enriched_hydration_templates.TestReminderTemplatesEnriched" name="test_create_complement_template_with_enriched_fields" time="0.054" /><testcase classname="backend.tests.test_enriched_hydration_templates.TestReminderTemplatesEnriched" name="test_update_reminder_template_enriched_fields" time="0.099" /><testcase classname="backend.tests.test_enriched_hydration_templates.TestReminderTemplatesEnriched" name="test_seed_templates_dedup_by_title" time="0.284" /><testcase classname="backend.tests.test_enriched_hydration_templates.TestReminderTemplatesEnriched" name="test_seeded_hydration_templates_have_enriched_fields" time="0.124" /><testcase classname="backend.tests.test_enriched_hydration_templates.TestReminderTemplatesEnriched" name="test_seeded_complement_templates_have_enriched_fields" time="0.108" /><testcase classname="backend.tests.test_enriched_hydration_templates.TestCleanup" name="test_cleanup_test_templates" time="0.234" /></testsuite></testsuites>