<?xml version="1.0" encoding="utf-8"?><testsuites name="pytest tests"><testsuite name="pytest" errors="0" failures="0" skipped="0" tests="26" time="14.864" timestamp="2026-02-09T10:46:33.839351+00:00" hostname="agent-env-f492b27d-705e-4e22-904a-c3032a997ff4"><testcase classname="tests.test_vitallink_api.TestAuth" name="test_register_beneficiary" time="0.303" /><testcase classname="tests.test_vitallink_api.TestAuth" name="test_register_guardian" time="0.267" /><testcase classname="tests.test_vitallink_api.TestAuth" name="test_register_duplicate_email" time="0.276" /><testcase classname="tests.test_vitallink_api.TestAuth" name="test_login_success" time="0.264" /><testcase classname="tests.test_vitallink_api.TestAuth" name="test_login_incorrect_password" time="0.266" /><testcase classname="tests.test_vitallink_api.TestAuth" name="test_login_nonexistent_user" time="0.036" /><testcase classname="tests.test_vitallink_api.TestAuth" name="test_get_me_with_valid_token" time="0.311" /><testcase classname="tests.test_vitallink_api.TestAuth" name="test_get_me_without_token" time="0.034" /><testcase classname="tests.test_vitallink_api.TestDevices" name="test_sync_bracelet" time="0.276" /><testcase classname="tests.test_vitallink_api.TestDevices" name="test_sync_scale" time="0.349" /><testcase classname="tests.test_vitallink_api.TestDevices" name="test_sync_vest" time="0.270" /><testcase classname="tests.test_vitallink_api.TestDevices" name="test_get_devices" time="0.304" /><testcase classname="tests.test_vitallink_api.TestDevices" name="test_get_latest_readings" time="0.278" /><testcase classname="tests.test_vitallink_api.TestAlerts" name="test_create_sos_alert" time="0.293" /><testcase classname="tests.test_vitallink_api.TestAlerts" name="test_get_alerts" time="0.304" /><testcase classname="tests.test_vitallink_api.TestAlerts" name="test_resolve_alert" time="0.272" /><testcase classname="tests.test_vitallink_api.TestMedications" name="test_create_medication" time="0.274" /><testcase classname="tests.test_vitallink_api.TestMedications" name="test_get_medications" time="0.260" /><testcase classname="tests.test_vitallink_api.TestMedications" name="test_delete_medication" time="0.325" /><testcase classname="tests.test_vitallink_api.TestAI" name="test_ai_recommendations" time="8.173" /><testcase classname="tests.test_vitallink_api.TestAI" name="test_get_latest_recommendation" time="0.284" /><testcase classname="tests.test_vitallink_api.TestGuardian" name="test_link_beneficiary" time="0.309" /><testcase classname="tests.test_vitallink_api.TestGuardian" name="test_get_beneficiaries" time="0.263" /><testcase classname="tests.test_vitallink_api.TestGuardian" name="test_create_prescription" time="0.269" /><testcase classname="tests.test_vitallink_api.TestGuardian" name="test_get_prescriptions" time="0.265" /><testcase classname="tests.test_vitallink_api.TestGuardian" name="test_link_nonexistent_beneficiary" time="0.268" /></testsuite></testsuites>