<?xml version="1.0" encoding="utf-8"?><testsuites name="pytest tests"><testsuite name="pytest" errors="0" failures="0" skipped="0" tests="11" time="24.273" timestamp="2026-03-04T08:20:38.394383+00:00" hostname="agent-env-7ae2b039-82d3-4ad3-9e8f-6f952c18c8ca"><testcase classname="backend.tests.test_iteration82_health_nodata.TestHealthNoData" name="test_daily_report_returns_no_data" time="6.187" /><testcase classname="backend.tests.test_iteration82_health_nodata.TestHealthNoData" name="test_health_summary_returns_no_data" time="0.124" /><testcase classname="backend.tests.test_iteration82_health_nodata.TestHealthNoData" name="test_section_analysis_cardio_no_data" time="0.136" /><testcase classname="backend.tests.test_iteration82_health_nodata.TestHealthNoData" name="test_section_analysis_composition_no_data" time="0.113" /><testcase classname="backend.tests.test_iteration82_health_nodata.TestHealthNoData" name="test_section_analysis_sleep_no_data" time="0.120" /><testcase classname="backend.tests.test_iteration82_health_nodata.TestHealthNoData" name="test_daily_plan_connect_device_message" time="5.353" /><testcase classname="backend.tests.test_iteration82_health_nodata.TestHealthNoData" name="test_data_sanitization_erroneous_weight" time="4.627" /><testcase classname="backend.tests.test_iteration82_health_nodata.TestHealthAPIStatusCodes" name="test_health_daily_report_200" time="6.820" /><testcase classname="backend.tests.test_iteration82_health_nodata.TestHealthAPIStatusCodes" name="test_health_summary_200" time="0.130" /><testcase classname="backend.tests.test_iteration82_health_nodata.TestHealthAPIStatusCodes" name="test_health_section_analysis_all_sections_200" time="0.529" /><testcase classname="backend.tests.test_iteration82_health_nodata.TestHealthAPIStatusCodes" name="test_health_sleep_history_200" time="0.097" /></testsuite></testsuites>