<?xml version="1.0" encoding="utf-8"?><testsuites name="pytest tests"><testsuite name="pytest" errors="0" failures="0" skipped="0" tests="13" time="29.745" timestamp="2026-04-01T16:23:32.284672+00:00" hostname="agent-env-6ba471a8-f0d1-443d-ad40-e115492011c8"><testcase classname="tests.test_nora_function_calling.TestNoraFunctionCalling" name="test_01_login_and_auth" time="0.682" /><testcase classname="tests.test_nora_function_calling.TestNoraFunctionCalling" name="test_02_non_action_message_no_actions" time="3.439" /><testcase classname="tests.test_nora_function_calling.TestNoraFunctionCalling" name="test_03_check_weight_goal_status" time="0.553" /><testcase classname="tests.test_nora_function_calling.TestNoraFunctionCalling" name="test_04_delete_weight_goal_for_success_test" time="0.518" /><testcase classname="tests.test_nora_function_calling.TestNoraFunctionCalling" name="test_05_update_calories_without_goal_should_succeed" time="2.608" /><testcase classname="tests.test_nora_function_calling.TestNoraFunctionCalling" name="test_06_create_weight_goal_for_blocked_test" time="0.521" /><testcase classname="tests.test_nora_function_calling.TestNoraFunctionCalling" name="test_07_update_calories_with_goal_should_be_blocked" time="2.933" /><testcase classname="tests.test_nora_function_calling.TestNoraFunctionCalling" name="test_08_adjust_macros_with_goal_should_be_blocked" time="3.095" /><testcase classname="tests.test_nora_function_calling.TestNoraFunctionCalling" name="test_09_add_exercise_always_allowed" time="3.045" /><testcase classname="tests.test_nora_function_calling.TestNoraFunctionCalling" name="test_10_chat_history_includes_actions" time="4.121" /><testcase classname="tests.test_nora_function_calling.TestNoraFunctionCalling" name="test_11_action_response_structure" time="2.333" /><testcase classname="tests.test_nora_function_calling.TestNoraFunctionCalling" name="test_12_cleanup_weight_goal" time="0.474" /><testcase classname="tests.test_nora_function_calling.TestNoraActionsDirectly" name="test_minceur_daily_cache_update" time="5.388" /></testsuite></testsuites>