<?xml version="1.0" encoding="utf-8"?><testsuites name="pytest tests"><testsuite name="pytest" errors="0" failures="0" skipped="0" tests="9" time="3.832" timestamp="2026-03-25T11:56:05.137307+00:00" hostname="agent-env-e2a7f2e5-1509-4b36-b5d3-b0fb8a597f1b"><testcase classname="backend.tests.test_prospace_iteration161.TestProSpaceAuth" name="test_coach_login" time="0.458" /><testcase classname="backend.tests.test_prospace_iteration161.TestProgramTemplate" name="test_create_template_program" time="0.474" /><testcase classname="backend.tests.test_prospace_iteration161.TestMealCreation" name="test_create_meal_new_format" time="0.443" /><testcase classname="backend.tests.test_prospace_iteration161.TestAllPrograms" name="test_get_all_programs" time="0.436" /><testcase classname="backend.tests.test_prospace_iteration161.TestProgramDuplication" name="test_duplicate_program_to_beneficiary" time="0.548" /><testcase classname="backend.tests.test_prospace_iteration161.TestReminderCreation" name="test_create_medication_reminder" time="0.421" /><testcase classname="backend.tests.test_prospace_iteration161.TestReminderCreation" name="test_create_hydration_reminder" time="0.104" /><testcase classname="backend.tests.test_prospace_iteration161.TestGetReminders" name="test_get_beneficiary_reminders" time="0.423" /><testcase classname="backend.tests.test_prospace_iteration161.TestGetMeals" name="test_get_beneficiary_meals" time="0.487" /></testsuite></testsuites>