<?xml version="1.0" encoding="utf-8"?><testsuites name="pytest tests"><testsuite name="pytest" errors="0" failures="0" skipped="0" tests="16" time="32.779" timestamp="2026-02-20T17:06:49.869550+00:00" hostname="agent-env-0c502775-2a75-40a6-b869-f46acd06d7ff"><testcase classname="backend.tests.test_iteration37_ui_redesign.TestAuthEndpoints" name="test_login_beneficiary_success" time="0.502" /><testcase classname="backend.tests.test_iteration37_ui_redesign.TestAuthEndpoints" name="test_login_guardian_success" time="0.330" /><testcase classname="backend.tests.test_iteration37_ui_redesign.TestAuthEndpoints" name="test_login_invalid_credentials" time="0.123" /><testcase classname="backend.tests.test_iteration37_ui_redesign.TestHealthDailyReport" name="test_daily_report_returns_score" time="6.602" /><testcase classname="backend.tests.test_iteration37_ui_redesign.TestHealthDailyReport" name="test_daily_report_contains_ai_analysis" time="4.410" /><testcase classname="backend.tests.test_iteration37_ui_redesign.TestHealthDailyReport" name="test_daily_report_contains_daily_plan" time="3.924" /><testcase classname="backend.tests.test_iteration37_ui_redesign.TestHealthDailyReport" name="test_daily_report_contains_weighings" time="4.121" /><testcase classname="backend.tests.test_iteration37_ui_redesign.TestHealthDailyReport" name="test_daily_report_subscores" time="5.782" /><testcase classname="backend.tests.test_iteration37_ui_redesign.TestHealthDailyReport" name="test_daily_report_analysis_phase" time="5.360" /><testcase classname="backend.tests.test_iteration37_ui_redesign.TestMetricHistory" name="test_heart_rate_history" time="0.474" /><testcase classname="backend.tests.test_iteration37_ui_redesign.TestMetricHistory" name="test_sleep_duration_history_hypnogram" time="0.118" /><testcase classname="backend.tests.test_iteration37_ui_redesign.TestMetricHistory" name="test_weight_history" time="0.129" /><testcase classname="backend.tests.test_iteration37_ui_redesign.TestMetricHistory" name="test_steps_history_bars" time="0.101" /><testcase classname="backend.tests.test_iteration37_ui_redesign.TestMetricHistory" name="test_stress_history_area_gradient" time="0.143" /><testcase classname="backend.tests.test_iteration37_ui_redesign.TestDeviceEndpoints" name="test_dashboard_summary" time="0.490" /><testcase classname="backend.tests.test_iteration37_ui_redesign.TestDeviceEndpoints" name="test_devices_latest" time="0.112" /></testsuite></testsuites>