<?xml version="1.0" encoding="utf-8"?><testsuites name="pytest tests"><testsuite name="pytest" errors="0" failures="0" skipped="0" tests="9" time="15.471" timestamp="2026-04-07T09:33:00.328120+00:00" hostname="agent-env-9115c7f4-c846-49f2-8625-0f8ecb9d5a3c"><testcase classname="backend.tests.test_iteration212_p1_fixes.TestIteration212P1Fixes" name="test_daily_report_weight_from_profile" time="10.924" /><testcase classname="backend.tests.test_iteration212_p1_fixes.TestIteration212P1Fixes" name="test_weight_details_current_weight_from_profile" time="0.546" /><testcase classname="backend.tests.test_iteration212_p1_fixes.TestIteration212P1Fixes" name="test_weight_goal_exists" time="0.519" /><testcase classname="backend.tests.test_iteration212_p1_fixes.TestIteration212P1Fixes" name="test_reminders_endpoint" time="0.555" /><testcase classname="backend.tests.test_iteration212_p1_fixes.TestIteration212P1Fixes" name="test_dashboard_batch_loads" time="0.549" /><testcase classname="backend.tests.test_iteration212_p1_fixes.TestIteration212P1Fixes" name="test_daily_report_no_force" time="0.553" /><testcase classname="backend.tests.test_iteration212_p1_fixes.TestIteration212P1Fixes" name="test_notifications_endpoint" time="0.515" /><testcase classname="backend.tests.test_iteration212_p1_fixes.TestIteration212P1Fixes" name="test_devices_endpoint" time="0.489" /><testcase classname="backend.tests.test_iteration212_p1_fixes.TestWebSocketReminderAlert" name="test_reminder_create_and_check" time="0.788" /></testsuite></testsuites>