<?xml version="1.0" encoding="utf-8"?><testsuites name="pytest tests"><testsuite name="pytest" errors="0" failures="1" skipped="0" tests="29" time="3.507" timestamp="2026-02-10T07:39:49.552947+00:00" hostname="agent-env-2b60d74c-a77c-46ae-862b-a708169a7d75"><testcase classname="backend.tests.test_iteration9_features.TestAuthLogin" name="test_beneficiary_login" time="0.577" /><testcase classname="backend.tests.test_iteration9_features.TestAuthLogin" name="test_guardian_login" time="0.264" /><testcase classname="backend.tests.test_iteration9_features.TestAuthLogin" name="test_admin_login" time="0.264" /><testcase classname="backend.tests.test_iteration9_features.TestAuthLogin" name="test_invalid_login" time="0.037" /><testcase classname="backend.tests.test_iteration9_features.TestGuardianBeneficiaryDetail" name="test_get_beneficiaries_list" time="0.306" /><testcase classname="backend.tests.test_iteration9_features.TestGuardianBeneficiaryDetail" name="test_get_beneficiary_detail" time="0.084" /><testcase classname="backend.tests.test_iteration9_features.TestActivationCodesCRUD" name="test_list_activation_codes" time="0.041" /><testcase classname="backend.tests.test_iteration9_features.TestActivationCodesCRUD" name="test_create_activation_code" time="0.041" /><testcase classname="backend.tests.test_iteration9_features.TestActivationCodesCRUD" name="test_update_activation_code" time="0.132" /><testcase classname="backend.tests.test_iteration9_features.TestActivationCodesCRUD" name="test_toggle_activation_code" time="0.120" /><testcase classname="backend.tests.test_iteration9_features.TestActivationCodesCRUD" name="test_delete_activation_code" time="0.113" /><testcase classname="backend.tests.test_iteration9_features.TestInterventionCodesCRUD" name="test_list_intervention_codes" time="0.034" /><testcase classname="backend.tests.test_iteration9_features.TestInterventionCodesCRUD" name="test_create_intervention_code" time="0.044" /><testcase classname="backend.tests.test_iteration9_features.TestInterventionCodesCRUD" name="test_toggle_intervention_code" time="0.076" /><testcase classname="backend.tests.test_iteration9_features.TestInterventionCodesCRUD" name="test_delete_intervention_code" time="0.078" /><testcase classname="backend.tests.test_iteration9_features.TestBackofficeEndpoints" name="test_backoffice_stats" time="0.040" /><testcase classname="backend.tests.test_iteration9_features.TestBackofficeEndpoints" name="test_backoffice_kpi" time="0.042" /><testcase classname="backend.tests.test_iteration9_features.TestAlertEndpoints" name="test_create_alert" time="0.308" /><testcase classname="backend.tests.test_iteration9_features.TestAlertEndpoints" name="test_list_alerts" time="0.039" /><testcase classname="backend.tests.test_iteration9_features.TestAlertEndpoints" name="test_resolve_alert" time="0.075" /><testcase classname="backend.tests.test_iteration9_features.TestDevicesEndpoints" name="test_sync_device" time="0.046" /><testcase classname="backend.tests.test_iteration9_features.TestDevicesEndpoints" name="test_list_devices" time="0.077" /><testcase classname="backend.tests.test_iteration9_features.TestGeofenceEndpoints" name="test_create_geofence" time="0.046" /><testcase classname="backend.tests.test_iteration9_features.TestGeofenceEndpoints" name="test_list_geofences" time="0.038" /><testcase classname="backend.tests.test_iteration9_features.TestECGEndpoints" name="test_start_ecg" time="0.049" /><testcase classname="backend.tests.test_iteration9_features.TestECGEndpoints" name="test_ecg_history" time="0.036" /><testcase classname="backend.tests.test_iteration9_features.TestSedentarityEndpoints" name="test_get_sedentarity_settings" time="0.036"><failure message="AssertionError: assert 'max_inactive_minutes' in {'check_end_hour': 22, 'check_start_hour': 8, 'enabled': True, 'max_inactive_hours': 4.0}">backend/tests/test_iteration9_features.py:514: in test_get_sedentarity_settings
    assert "max_inactive_minutes" in data
E   AssertionError: assert 'max_inactive_minutes' in {'check_end_hour': 22, 'check_start_hour': 8, 'enabled': True, 'max_inactive_hours': 4.0}</failure></testcase><testcase classname="backend.tests.test_iteration9_features.TestSedentarityEndpoints" name="test_update_sedentarity_settings" time="0.041" /><testcase classname="backend.tests.test_iteration9_features.TestSedentarityEndpoints" name="test_check_sedentarity" time="0.330" /></testsuite></testsuites>