<?xml version="1.0" encoding="utf-8"?><testsuites name="pytest tests"><testsuite name="pytest" errors="0" failures="0" skipped="0" tests="11" time="6.724" timestamp="2026-03-18T17:07:14.466494+00:00" hostname="agent-env-ca23c9df-fc6b-4d0e-ba3f-dabcd8d4b915"><testcase classname="backend.tests.test_live_activity_status.TestLiveStatusEndpoints" name="test_get_live_active_unauthorized" time="0.325" /><testcase classname="backend.tests.test_live_activity_status.TestLiveStatusEndpoints" name="test_get_live_active_as_guardian" time="0.366" /><testcase classname="backend.tests.test_live_activity_status.TestLiveStatusEndpoints" name="test_get_live_active_as_admin" time="0.446" /><testcase classname="backend.tests.test_live_activity_status.TestLiveStatusEndpoints" name="test_get_live_status_for_specific_alert" time="0.141" /><testcase classname="backend.tests.test_live_activity_status.TestAlertCreatesLiveStatus" name="test_create_alert_creates_live_status" time="1.108" /><testcase classname="backend.tests.test_live_activity_status.TestAlertResolutionCompletesLiveStatus" name="test_resolve_alert_completes_live_status" time="1.121" /><testcase classname="backend.tests.test_live_activity_status.TestAlertResolutionCompletesLiveStatus" name="test_resolve_with_report_completes_live_status" time="1.148" /><testcase classname="backend.tests.test_live_activity_status.TestGuardianAcceptAdvancesLiveStatus" name="test_accept_as_guardian_advances_live_status" time="1.540" /><testcase classname="backend.tests.test_live_activity_status.TestLiveActivityTokenRegistration" name="test_register_live_activity_token" time="0.106" /><testcase classname="backend.tests.test_live_activity_status.TestLiveActivityTokenRegistration" name="test_register_live_activity_token_requires_fields" time="0.142" /><testcase classname="backend.tests.test_live_activity_status.TestLiveStatusStagesDefinition" name="test_stages_definition_structure" time="0.236" /></testsuite></testsuites>