<?xml version="1.0" encoding="utf-8"?><testsuites name="pytest tests"><testsuite name="pytest" errors="0" failures="0" skipped="0" tests="12" time="21.955" timestamp="2026-03-11T12:32:47.323525+00:00" hostname="agent-env-cebe5530-028c-4f1f-a5ff-b3d9b277f6b0"><testcase classname="backend.tests.test_iteration105_fixes.TestIteration105Fixes" name="test_predictive_check_endpoint" time="0.504" /><testcase classname="backend.tests.test_iteration105_fixes.TestIteration105Fixes" name="test_predictive_alert_dismiss_endpoint" time="0.541" /><testcase classname="backend.tests.test_iteration105_fixes.TestIteration105Fixes" name="test_exercise_track_endpoint" time="0.550" /><testcase classname="backend.tests.test_iteration105_fixes.TestIteration105Fixes" name="test_minceur_weight_details_returns_exercises" time="0.446" /><testcase classname="backend.tests.test_iteration105_fixes.TestIteration105Fixes" name="test_dashboard_summary_endpoint" time="0.451" /><testcase classname="backend.tests.test_iteration105_fixes.TestIteration105Fixes" name="test_nora_chat_context_has_health_data" time="4.328" /><testcase classname="backend.tests.test_iteration105_fixes.TestIteration105Fixes" name="test_morning_briefing_has_objectives" time="2.607" /><testcase classname="backend.tests.test_iteration105_fixes.TestIteration105Fixes" name="test_daily_report_has_sleep_data" time="10.728" /><testcase classname="backend.tests.test_iteration105_fixes.TestIteration105Fixes" name="test_weight_goal_status_endpoint" time="0.451" /><testcase classname="backend.tests.test_iteration105_fixes.TestIteration105Fixes" name="test_glycemia_estimation_endpoint" time="0.434" /><testcase classname="backend.tests.test_iteration105_fixes.TestNoraContextBuilding" name="test_health_summary_endpoint" time="0.445" /><testcase classname="backend.tests.test_iteration105_fixes.TestNoraContextBuilding" name="test_activity_streak_endpoint" time="0.434" /></testsuite></testsuites>