<?xml version="1.0" encoding="utf-8"?><testsuites name="pytest tests"><testsuite name="pytest" errors="0" failures="0" skipped="0" tests="9" time="5.113" timestamp="2026-04-01T11:09:47.221455+00:00" hostname="agent-env-fb335b72-f23f-4311-88cf-a163c0a3604d"><testcase classname="tests.test_iteration193_solo_exercise.TestAuth" name="test_beneficiary_login" time="0.431" /><testcase classname="tests.test_iteration193_solo_exercise.TestAuth" name="test_coach_login" time="0.319" /><testcase classname="tests.test_iteration193_solo_exercise.TestSoloProgramBug" name="test_active_program_solo_mode_no_team" time="0.503" /><testcase classname="tests.test_iteration193_solo_exercise.TestExerciseParamsUpdate" name="test_get_assigned_exercises" time="0.534" /><testcase classname="tests.test_iteration193_solo_exercise.TestExerciseParamsUpdate" name="test_get_assigned_exercise_detail" time="0.593" /><testcase classname="tests.test_iteration193_solo_exercise.TestExerciseParamsUpdate" name="test_update_exercise_params" time="0.738" /><testcase classname="tests.test_iteration193_solo_exercise.TestExerciseWeightSave" name="test_save_exercise_weight" time="0.769" /><testcase classname="tests.test_iteration193_solo_exercise.TestExerciseWeightSave" name="test_save_weight_missing_param" time="0.597" /><testcase classname="tests.test_iteration193_solo_exercise.TestProgramTeamSkipForSolo" name="test_save_task_solo_mode" time="0.595" /></testsuite></testsuites>