<?xml version="1.0" encoding="utf-8"?><testsuites name="pytest tests"><testsuite name="pytest" errors="0" failures="0" skipped="0" tests="24" time="7.214" timestamp="2026-02-13T23:47:39.517960+00:00" hostname="agent-env-d36e844e-394f-45ce-8ac3-5436073f975c"><testcase classname="backend.tests.test_iteration16_bugs.TestAdminLogin" name="test_admin_login_success" time="0.536" /><testcase classname="backend.tests.test_iteration16_bugs.TestActivationCodesCRUD" name="test_01_list_activation_codes" time="0.518" /><testcase classname="backend.tests.test_iteration16_bugs.TestActivationCodesCRUD" name="test_02_create_activation_code" time="0.132" /><testcase classname="backend.tests.test_iteration16_bugs.TestActivationCodesCRUD" name="test_03_toggle_activation_code" time="0.136" /><testcase classname="backend.tests.test_iteration16_bugs.TestActivationCodesCRUD" name="test_04_toggle_activation_code_back" time="0.137" /><testcase classname="backend.tests.test_iteration16_bugs.TestActivationCodesCRUD" name="test_05_update_activation_code" time="0.185" /><testcase classname="backend.tests.test_iteration16_bugs.TestActivationCodesCRUD" name="test_06_delete_activation_code" time="0.127" /><testcase classname="backend.tests.test_iteration16_bugs.TestActivationCodesCRUD" name="test_07_verify_deletion" time="0.118" /><testcase classname="backend.tests.test_iteration16_bugs.TestInterventionCodesCRUD" name="test_01_list_intervention_codes" time="0.571" /><testcase classname="backend.tests.test_iteration16_bugs.TestInterventionCodesCRUD" name="test_02_create_intervention_code" time="0.144" /><testcase classname="backend.tests.test_iteration16_bugs.TestInterventionCodesCRUD" name="test_03_toggle_intervention_code" time="0.146" /><testcase classname="backend.tests.test_iteration16_bugs.TestInterventionCodesCRUD" name="test_04_toggle_intervention_code_back" time="0.133" /><testcase classname="backend.tests.test_iteration16_bugs.TestInterventionCodesCRUD" name="test_05_update_intervention_code" time="0.137" /><testcase classname="backend.tests.test_iteration16_bugs.TestInterventionCodesCRUD" name="test_06_delete_intervention_code" time="0.152" /><testcase classname="backend.tests.test_iteration16_bugs.TestInterventionCodesCRUD" name="test_07_verify_deletion" time="0.919" /><testcase classname="backend.tests.test_iteration16_bugs.TestRoleSwitching" name="test_01_claire_initial_state" time="0.484" /><testcase classname="backend.tests.test_iteration16_bugs.TestRoleSwitching" name="test_02_claire_switch_to_beneficiary" time="0.129" /><testcase classname="backend.tests.test_iteration16_bugs.TestRoleSwitching" name="test_03_claire_verify_beneficiary_state" time="0.130" /><testcase classname="backend.tests.test_iteration16_bugs.TestRoleSwitching" name="test_04_claire_switch_back_to_guardian" time="0.133" /><testcase classname="backend.tests.test_iteration16_bugs.TestRoleSwitching" name="test_05_claire_verify_guardian_state" time="0.120" /><testcase classname="backend.tests.test_iteration16_bugs.TestNonAdminCannotAccessAdminEndpoints" name="test_guardian_cannot_access_activation_codes" time="0.516" /><testcase classname="backend.tests.test_iteration16_bugs.TestNonAdminCannotAccessAdminEndpoints" name="test_guardian_cannot_access_intervention_codes" time="0.490" /><testcase classname="backend.tests.test_iteration16_bugs.TestBackofficeEndpoints" name="test_backoffice_stats" time="0.535" /><testcase classname="backend.tests.test_iteration16_bugs.TestBackofficeEndpoints" name="test_backoffice_kpi" time="0.520" /></testsuite></testsuites>