<?xml version="1.0" encoding="utf-8"?><testsuites name="pytest tests"><testsuite name="pytest" errors="0" failures="0" skipped="0" tests="7" time="1.718" timestamp="2026-03-25T17:40:15.026018+00:00" hostname="agent-env-ad6ba454-a71f-4a1e-a25e-a049e0dbc03f"><testcase classname="tests.test_notifications_iteration171.TestNotificationEndpoints" name="test_get_notifications_empty_initially" time="0.587" /><testcase classname="tests.test_notifications_iteration171.TestNotificationEndpoints" name="test_get_unread_count" time="0.117" /><testcase classname="tests.test_notifications_iteration171.TestNotificationEndpoints" name="test_mark_notifications_read" time="0.115" /><testcase classname="tests.test_notifications_iteration171.TestExerciseCompletionNotification" name="test_get_assigned_exercises" time="0.110" /><testcase classname="tests.test_notifications_iteration171.TestExerciseCompletionNotification" name="test_complete_exercise_creates_notification" time="0.521" /><testcase classname="tests.test_notifications_iteration171.TestNotificationStructure" name="test_notification_fields" time="0.136" /><testcase classname="tests.test_notifications_iteration171.TestExerciseTemplates" name="test_list_exercise_templates" time="0.105" /></testsuite></testsuites>