<?xml version="1.0" encoding="utf-8"?><testsuites name="pytest tests"><testsuite name="pytest" errors="0" failures="0" skipped="0" tests="11" time="2.115" timestamp="2026-03-12T20:30:20.819787+00:00" hostname="agent-env-45b7381a-c79f-4fb9-9cd5-72cf1c1db0d7"><testcase classname="backend.tests.test_minceur_features.TestMinceurExercisesEndpoint" name="test_exercises_endpoint_returns_200" time="0.678" /><testcase classname="backend.tests.test_minceur_features.TestMinceurExercisesEndpoint" name="test_exercises_endpoint_returns_exercises_array" time="0.118" /><testcase classname="backend.tests.test_minceur_features.TestMinceurExercisesEndpoint" name="test_exercises_have_required_fields" time="0.213" /><testcase classname="backend.tests.test_minceur_features.TestMinceurWeightDetailsEndpoint" name="test_weight_details_returns_200" time="0.127" /><testcase classname="backend.tests.test_minceur_features.TestMinceurWeightDetailsEndpoint" name="test_weight_details_has_profile" time="0.118" /><testcase classname="backend.tests.test_minceur_features.TestMinceurWeightDetailsEndpoint" name="test_weight_details_has_recommendations" time="0.137" /><testcase classname="backend.tests.test_minceur_features.TestMinceurTodayTrackingEndpoint" name="test_today_tracking_returns_200" time="0.181" /><testcase classname="backend.tests.test_minceur_features.TestMinceurTodayTrackingEndpoint" name="test_today_tracking_has_required_fields" time="0.152" /><testcase classname="backend.tests.test_minceur_features.TestMinceurTrackEndpoint" name="test_track_meal_returns_200" time="0.124" /><testcase classname="backend.tests.test_minceur_features.TestMinceurTrackEndpoint" name="test_track_exercise_returns_200" time="0.114" /><testcase classname="backend.tests.test_minceur_features.TestMinceurTrackEndpoint" name="test_track_invalid_type_returns_400" time="0.121" /></testsuite></testsuites>