<?xml version="1.0" encoding="utf-8"?><testsuites name="pytest tests"><testsuite name="pytest" errors="0" failures="0" skipped="0" tests="12" time="3.550" timestamp="2026-03-27T12:32:32.606499+00:00" hostname="agent-env-5b92f175-ad8d-4aa5-b5b3-39034d370b73"><testcase classname="backend.tests.test_pro_revenue.TestCoachLogin" name="test_coach_login_success" time="0.363" /><testcase classname="backend.tests.test_pro_revenue.TestPaymentDashboard" name="test_get_payment_dashboard" time="0.433" /><testcase classname="backend.tests.test_pro_revenue.TestPaymentDashboard" name="test_payment_dashboard_unauthorized" time="0.099" /><testcase classname="backend.tests.test_pro_revenue.TestPaymentHistory" name="test_get_payment_history" time="0.115" /><testcase classname="backend.tests.test_pro_revenue.TestPaymentHistory" name="test_payment_history_unauthorized" time="0.114" /><testcase classname="backend.tests.test_pro_revenue.TestPaymentConfig" name="test_get_payment_config" time="0.115" /><testcase classname="backend.tests.test_pro_revenue.TestPaymentConfig" name="test_update_payment_config" time="1.274" /><testcase classname="backend.tests.test_pro_revenue.TestPaymentConfig" name="test_payment_config_unauthorized" time="0.106" /><testcase classname="backend.tests.test_pro_revenue.TestPaymentExport" name="test_export_payment_history_csv" time="0.135" /><testcase classname="backend.tests.test_pro_revenue.TestPaymentExport" name="test_export_unauthorized" time="0.108" /><testcase classname="backend.tests.test_pro_revenue.TestMessaging" name="test_get_conversations" time="0.102" /><testcase classname="backend.tests.test_pro_revenue.TestMinceur" name="test_get_weight_details" time="0.549" /></testsuite></testsuites>