<?xml version="1.0" encoding="utf-8"?><testsuites name="pytest tests"><testsuite name="pytest" errors="0" failures="0" skipped="11" tests="11" time="1.458" timestamp="2026-02-24T12:26:35.923995+00:00" hostname="agent-env-d2fc2378-d654-469a-9670-2aaa339630f5"><testcase classname="backend.tests.test_iteration44_metric_detail.TestMetricHistoryAPI" name="test_heart_rate_metric_history_7j" time="0.193"><skipped type="pytest.skip" message="Login failed with status 422">/app/backend/tests/test_iteration44_metric_detail.py:30: Login failed with status 422</skipped></testcase><testcase classname="backend.tests.test_iteration44_metric_detail.TestMetricHistoryAPI" name="test_heart_rate_metric_history_24h" time="0.214"><skipped type="pytest.skip" message="Login failed with status 422">/app/backend/tests/test_iteration44_metric_detail.py:73: Login failed with status 422</skipped></testcase><testcase classname="backend.tests.test_iteration44_metric_detail.TestMetricHistoryAPI" name="test_heart_rate_metric_history_30j" time="0.097"><skipped type="pytest.skip" message="Login failed with status 422">/app/backend/tests/test_iteration44_metric_detail.py:91: Login failed with status 422</skipped></testcase><testcase classname="backend.tests.test_iteration44_metric_detail.TestMetricHistoryAPI" name="test_heart_rate_metric_history_90j" time="0.139"><skipped type="pytest.skip" message="Login failed with status 422">/app/backend/tests/test_iteration44_metric_detail.py:105: Login failed with status 422</skipped></testcase><testcase classname="backend.tests.test_iteration44_metric_detail.TestMetricHistoryAPI" name="test_bmi_metric_history" time="0.139"><skipped type="pytest.skip" message="Login failed with status 422">/app/backend/tests/test_iteration44_metric_detail.py:119: Login failed with status 422</skipped></testcase><testcase classname="backend.tests.test_iteration44_metric_detail.TestMetricHistoryAPI" name="test_blood_pressure_metric_history" time="0.099"><skipped type="pytest.skip" message="Login failed with status 422">/app/backend/tests/test_iteration44_metric_detail.py:143: Login failed with status 422</skipped></testcase><testcase classname="backend.tests.test_iteration44_metric_detail.TestMetricHistoryAPI" name="test_spo2_metric_history" time="0.115"><skipped type="pytest.skip" message="Login failed with status 422">/app/backend/tests/test_iteration44_metric_detail.py:171: Login failed with status 422</skipped></testcase><testcase classname="backend.tests.test_iteration44_metric_detail.TestMetricHistoryAPI" name="test_steps_metric_history" time="0.100"><skipped type="pytest.skip" message="Login failed with status 422">/app/backend/tests/test_iteration44_metric_detail.py:189: Login failed with status 422</skipped></testcase><testcase classname="backend.tests.test_iteration44_metric_detail.TestMetricHistoryAPI" name="test_visceral_fat_metric_history" time="0.095"><skipped type="pytest.skip" message="Login failed with status 422">/app/backend/tests/test_iteration44_metric_detail.py:208: Login failed with status 422</skipped></testcase><testcase classname="backend.tests.test_iteration44_metric_detail.TestMetricHistoryAPI" name="test_unknown_metric_fallback" time="0.109"><skipped type="pytest.skip" message="Login failed with status 422">/app/backend/tests/test_iteration44_metric_detail.py:221: Login failed with status 422</skipped></testcase><testcase classname="backend.tests.test_iteration44_metric_detail.TestThresholdsAPI" name="test_get_thresholds" time="0.114"><skipped type="pytest.skip" message="Login failed with status 422">/app/backend/tests/test_iteration44_metric_detail.py:252: Login failed with status 422</skipped></testcase></testsuite></testsuites>