<?xml version="1.0" encoding="utf-8"?><testsuites name="pytest tests"><testsuite name="pytest" errors="0" failures="0" skipped="0" tests="23" time="7.612" timestamp="2026-03-11T08:26:03.585307+00:00" hostname="agent-env-1b9127b9-8b74-45d2-8adb-22ef87ab6a58"><testcase classname="backend.tests.test_iteration103_saad_glycemia_v2.TestSAADCommissionOnboarding" name="test_saad_onboarding_registers_new_saad" time="0.153" /><testcase classname="backend.tests.test_iteration103_saad_glycemia_v2.TestSAADCommissionOnboarding" name="test_saad_onboarding_with_oneshot_commission" time="0.111" /><testcase classname="backend.tests.test_iteration103_saad_glycemia_v2.TestSAADCommissionOnboarding" name="test_saad_onboarding_updates_existing_saad" time="0.210" /><testcase classname="backend.tests.test_iteration103_saad_glycemia_v2.TestSAADCommissionOnboarding" name="test_saad_onboarding_requires_saad_id_and_company" time="0.204" /><testcase classname="backend.tests.test_iteration103_saad_glycemia_v2.TestSAADStatus" name="test_saad_status_returns_registered_true" time="0.218" /><testcase classname="backend.tests.test_iteration103_saad_glycemia_v2.TestSAADStatus" name="test_saad_status_returns_registered_false_for_unknown" time="0.111" /><testcase classname="backend.tests.test_iteration103_saad_glycemia_v2.TestSAADStatus" name="test_saad_status_shows_correct_commission_display" time="0.434" /><testcase classname="backend.tests.test_iteration103_saad_glycemia_v2.TestSAADLegacyRoutes" name="test_legacy_stripe_onboarding_redirects" time="0.105" /><testcase classname="backend.tests.test_iteration103_saad_glycemia_v2.TestSAADLegacyRoutes" name="test_legacy_stripe_status_redirects" time="0.211" /><testcase classname="backend.tests.test_iteration103_saad_glycemia_v2.TestSAADCommissionWebhook" name="test_mollie_commission_webhook_handles_empty_id" time="0.109" /><testcase classname="backend.tests.test_iteration103_saad_glycemia_v2.TestSAADCommissionWebhook" name="test_mollie_commission_webhook_handles_unknown_payment" time="0.297" /><testcase classname="backend.tests.test_iteration103_saad_glycemia_v2.TestSAADAdminCommissions" name="test_admin_saad_commissions_returns_list" time="0.099" /><testcase classname="backend.tests.test_iteration103_saad_glycemia_v2.TestGlycemiaV2Estimate" name="test_glycemia_estimate_returns_v2_algorithm" time="0.432" /><testcase classname="backend.tests.test_iteration103_saad_glycemia_v2.TestGlycemiaV2Estimate" name="test_glycemia_estimate_returns_estimated_glycemia_in_gl" time="0.437" /><testcase classname="backend.tests.test_iteration103_saad_glycemia_v2.TestGlycemiaV2Estimate" name="test_glycemia_estimate_returns_5_zones" time="0.444" /><testcase classname="backend.tests.test_iteration103_saad_glycemia_v2.TestGlycemiaV2Estimate" name="test_glycemia_estimate_returns_calibration_quality" time="0.429" /><testcase classname="backend.tests.test_iteration103_saad_glycemia_v2.TestGlycemiaV2Estimate" name="test_glycemia_estimate_returns_factors_with_scores_and_weights" time="0.428" /><testcase classname="backend.tests.test_iteration103_saad_glycemia_v2.TestGlycemiaV2Calibrate" name="test_glycemia_calibrate_saves_with_context" time="0.416" /><testcase classname="backend.tests.test_iteration103_saad_glycemia_v2.TestGlycemiaV2Calibrate" name="test_glycemia_calibrate_validates_value_range" time="0.564" /><testcase classname="backend.tests.test_iteration103_saad_glycemia_v2.TestGlycemiaV2Calibrate" name="test_glycemia_calibrate_accepts_all_contexts" time="0.632" /><testcase classname="backend.tests.test_iteration103_saad_glycemia_v2.TestGlycemiaV2Calibrations" name="test_glycemia_calibrations_returns_history" time="0.422" /><testcase classname="backend.tests.test_iteration103_saad_glycemia_v2.TestGlycemiaV2Trend" name="test_glycemia_trend_returns_direction" time="0.424" /><testcase classname="backend.tests.test_iteration103_saad_glycemia_v2.TestGlycemiaV2UsesV6Data" name="test_glycemia_estimate_uses_v6_bracelet_data" time="0.653" /></testsuite></testsuites>