<?xml version="1.0" encoding="utf-8"?><testsuites name="pytest tests"><testsuite name="pytest" errors="0" failures="0" skipped="0" tests="9" time="3.134" timestamp="2026-03-03T11:13:12.022021+00:00" hostname="agent-env-93043f2d-0c6e-4139-82c3-f1eaa4dafabe"><testcase classname="backend.tests.test_safezone_iter72.TestGuardianAuth" name="test_guardian_login" time="0.495" /><testcase classname="backend.tests.test_safezone_iter72.TestBeneficiaryGeofenceAPI" name="test_get_geofence_data" time="0.103" /><testcase classname="backend.tests.test_safezone_iter72.TestBeneficiaryGeofenceAPI" name="test_create_zone_from_location" time="0.333" /><testcase classname="backend.tests.test_safezone_iter72.TestBeneficiaryGeofenceAPI" name="test_edit_zone_name_and_radius" time="0.413" /><testcase classname="backend.tests.test_safezone_iter72.TestBeneficiaryGeofenceAPI" name="test_delete_zone" time="0.459" /><testcase classname="backend.tests.test_safezone_iter72.TestBeneficiaryGeofenceAPI" name="test_zone_list_persistence" time="0.426" /><testcase classname="backend.tests.test_safezone_iter72.TestGuardianBeneficiaryDetail" name="test_get_beneficiaries_list" time="0.109" /><testcase classname="backend.tests.test_safezone_iter72.TestGuardianBeneficiaryDetail" name="test_beneficiary_subscription_info" time="0.110" /><testcase classname="backend.tests.test_safezone_iter72.TestGeofencingPageDeprecation" name="test_geofencing_page_returns_deprecated" time="0.652" /></testsuite></testsuites>