<?xml version="1.0" encoding="utf-8"?><testsuites name="pytest tests"><testsuite name="pytest" errors="0" failures="0" skipped="0" tests="32" time="34.932" timestamp="2026-03-18T19:35:52.525472+00:00" hostname="agent-env-7eb15683-853e-4ecd-8e0c-71a7ea2f84f6"><testcase classname="backend.tests.test_health_routes_regression.TestHealthRoutesRegression" name="test_00_login_beneficiary" time="0.427" /><testcase classname="backend.tests.test_health_routes_regression.TestHealthRoutesRegression" name="test_00b_login_admin" time="0.331" /><testcase classname="backend.tests.test_health_routes_regression.TestHealthRoutesRegression" name="test_01_auth_required_activity_streak" time="0.107" /><testcase classname="backend.tests.test_health_routes_regression.TestHealthRoutesRegression" name="test_01b_auth_required_body_age" time="0.120" /><testcase classname="backend.tests.test_health_routes_regression.TestHealthRoutesRegression" name="test_01c_auth_required_aging_rate" time="0.140" /><testcase classname="backend.tests.test_health_routes_regression.TestHealthRoutesRegression" name="test_01d_auth_required_sleep" time="0.115" /><testcase classname="backend.tests.test_health_routes_regression.TestHealthRoutesRegression" name="test_01e_auth_required_sleep_history" time="0.126" /><testcase classname="backend.tests.test_health_routes_regression.TestHealthRoutesRegression" name="test_01f_auth_required_thresholds" time="0.136" /><testcase classname="backend.tests.test_health_routes_regression.TestHealthRoutesRegression" name="test_01g_auth_required_history" time="0.104" /><testcase classname="backend.tests.test_health_routes_regression.TestHealthRoutesRegression" name="test_01h_auth_required_summary" time="0.115" /><testcase classname="backend.tests.test_health_routes_regression.TestHealthRoutesRegression" name="test_01i_auth_required_daily_report" time="0.102" /><testcase classname="backend.tests.test_health_routes_regression.TestHealthRoutesRegression" name="test_01j_auth_required_section_analysis" time="0.138" /><testcase classname="backend.tests.test_health_routes_regression.TestHealthRoutesRegression" name="test_10_activity_streak" time="0.129" /><testcase classname="backend.tests.test_health_routes_regression.TestHealthRoutesRegression" name="test_11_body_age" time="0.112" /><testcase classname="backend.tests.test_health_routes_regression.TestHealthRoutesRegression" name="test_12_aging_rate" time="0.122" /><testcase classname="backend.tests.test_health_routes_regression.TestHealthRoutesRegression" name="test_20_sleep" time="0.120" /><testcase classname="backend.tests.test_health_routes_regression.TestHealthRoutesRegression" name="test_21_sleep_history" time="0.123" /><testcase classname="backend.tests.test_health_routes_regression.TestHealthRoutesRegression" name="test_30_history_heart_rate" time="0.124" /><testcase classname="backend.tests.test_health_routes_regression.TestHealthRoutesRegression" name="test_31_thresholds_create" time="0.120" /><testcase classname="backend.tests.test_health_routes_regression.TestHealthRoutesRegression" name="test_32_thresholds_get_all" time="0.125" /><testcase classname="backend.tests.test_health_routes_regression.TestHealthRoutesRegression" name="test_33_thresholds_get_specific" time="0.114" /><testcase classname="backend.tests.test_health_routes_regression.TestHealthRoutesRegression" name="test_34_thresholds_delete" time="0.100" /><testcase classname="backend.tests.test_health_routes_regression.TestHealthRoutesRegression" name="test_40_summary" time="0.114" /><testcase classname="backend.tests.test_health_routes_regression.TestHealthRoutesRegression" name="test_41_daily_report" time="9.041" /><testcase classname="backend.tests.test_health_routes_regression.TestHealthRoutesRegression" name="test_42_section_analysis_cardio" time="3.643" /><testcase classname="backend.tests.test_health_routes_regression.TestHealthRoutesRegression" name="test_43_section_analysis_sleep" time="3.401" /><testcase classname="backend.tests.test_health_routes_regression.TestHealthRoutesRegression" name="test_44_section_analysis_activity" time="5.469" /><testcase classname="backend.tests.test_health_routes_regression.TestHealthRoutesRegression" name="test_45_section_analysis_metabolism" time="5.845" /><testcase classname="backend.tests.test_health_routes_regression.TestHealthRoutesRegression" name="test_46_section_analysis_composition" time="3.826" /><testcase classname="backend.tests.test_health_routes_regression.TestHealthRoutesRegression" name="test_50_history_steps" time="0.108" /><testcase classname="backend.tests.test_health_routes_regression.TestHealthRoutesRegression" name="test_51_history_weight" time="0.128" /><testcase classname="backend.tests.test_health_routes_regression.TestHealthRoutesRegression" name="test_52_invalid_history_metric" time="0.121" /></testsuite></testsuites>