<?xml version="1.0" encoding="utf-8"?><testsuites name="pytest tests"><testsuite name="pytest" errors="0" failures="0" skipped="0" tests="5" time="1.633" timestamp="2026-03-27T11:53:05.838422+00:00" hostname="agent-env-5b92f175-ad8d-4aa5-b5b3-39034d370b73"><testcase classname="backend.tests.test_ui_ux_iter181.TestAssignedMealDetail" name="test_assigned_meal_detail_returns_macros" time="0.653" /><testcase classname="backend.tests.test_ui_ux_iter181.TestAssignedMealDetail" name="test_assigned_meal_detail_has_ingredients" time="0.103" /><testcase classname="backend.tests.test_ui_ux_iter181.TestMinceurProMeals" name="test_minceur_weight_details_returns_pro_meals" time="0.111" /><testcase classname="backend.tests.test_ui_ux_iter181.TestCoachLogin" name="test_coach_login_success" time="0.322" /><testcase classname="backend.tests.test_ui_ux_iter181.TestBeneficiaryLogin" name="test_beneficiary_login_success" time="0.406" /></testsuite></testsuites>