<?xml version="1.0" encoding="utf-8"?><testsuites name="pytest tests"><testsuite name="pytest" errors="0" failures="1" skipped="0" tests="8" time="3.620" timestamp="2026-03-25T11:10:03.708680+00:00" hostname="agent-env-68251ebe-71d2-4298-9964-b1aaa59c0d18"><testcase classname="backend.tests.test_prospace_endpoints.TestProSpaceEndpoints" name="test_get_all_programs" time="0.600" /><testcase classname="backend.tests.test_prospace_endpoints.TestProSpaceEndpoints" name="test_get_programs_for_beneficiary" time="0.502" /><testcase classname="backend.tests.test_prospace_endpoints.TestProSpaceEndpoints" name="test_get_reminders_for_beneficiary" time="0.553" /><testcase classname="backend.tests.test_prospace_endpoints.TestProSpaceEndpoints" name="test_get_meals_for_beneficiary" time="0.537"><failure message="AssertionError: Response should be a list&#10;assert False&#10; +  where False = isinstance({'meals': [], 'source': 'none'}, list)">backend/tests/test_prospace_endpoints.py:96: in test_get_meals_for_beneficiary
    assert isinstance(meals, list), "Response should be a list"
E   AssertionError: Response should be a list
E   assert False
E    +  where False = isinstance({'meals': [], 'source': 'none'}, list)</failure></testcase><testcase classname="backend.tests.test_prospace_endpoints.TestProSpaceEndpoints" name="test_create_program" time="0.564" /><testcase classname="backend.tests.test_prospace_endpoints.TestProSpaceEndpoints" name="test_duplicate_program_same_beneficiary" time="0.596" /><testcase classname="backend.tests.test_prospace_endpoints.TestProSpaceAuth" name="test_all_programs_requires_auth" time="0.116" /><testcase classname="backend.tests.test_prospace_endpoints.TestProSpaceAuth" name="test_programs_requires_auth" time="0.109" /></testsuite></testsuites>