<?xml version="1.0" encoding="utf-8"?><testsuites name="pytest tests"><testsuite name="pytest" errors="0" failures="0" skipped="0" tests="5" time="39.701" timestamp="2026-03-09T17:15:13.946276+00:00" hostname="agent-env-0ac67152-0845-406f-9e2a-0facb2c5639b"><testcase classname="tests.test_iteration101_minceur.TestMinceurCalorieMinimum" name="test_weight_details_returns_calories_minimum_1400" time="0.577" /><testcase classname="tests.test_iteration101_minceur.TestGoalCacheInvalidation" name="test_weight_goal_returns_status_saved" time="0.439" /><testcase classname="tests.test_iteration101_minceur.TestGoalCacheInvalidation" name="test_goal_persisted_in_weight_details" time="38.153" /><testcase classname="tests.test_iteration101_minceur.TestRefreshRecommendations" name="test_refresh_recommendations_clears_cache" time="0.507" /><testcase classname="tests.test_iteration101_minceur.TestCalorieCalculationLogic" name="test_senior_female_minimum_1400_in_code" time="0.000" /></testsuite></testsuites>