<?xml version="1.0" encoding="utf-8"?><testsuites name="pytest tests"><testsuite name="pytest" errors="0" failures="0" skipped="0" tests="11" time="2.473" timestamp="2026-03-03T09:28:06.231068+00:00" hostname="agent-env-93043f2d-0c6e-4139-82c3-f1eaa4dafabe"><testcase classname="backend.tests.test_guardian_geofence_iter69.TestGuardianGeofenceCRUD" name="test_01_guardian_login_and_role" time="0.587" /><testcase classname="backend.tests.test_guardian_geofence_iter69.TestGuardianGeofenceCRUD" name="test_02_get_geofences_for_beneficiary" time="0.122" /><testcase classname="backend.tests.test_guardian_geofence_iter69.TestGuardianGeofenceCRUD" name="test_03_create_geofence" time="0.105" /><testcase classname="backend.tests.test_guardian_geofence_iter69.TestGuardianGeofenceCRUD" name="test_04_verify_zone_in_list" time="0.107" /><testcase classname="backend.tests.test_guardian_geofence_iter69.TestGuardianGeofenceCRUD" name="test_05_update_geofence" time="0.110" /><testcase classname="backend.tests.test_guardian_geofence_iter69.TestGuardianGeofenceCRUD" name="test_06_toggle_geofence" time="0.233" /><testcase classname="backend.tests.test_guardian_geofence_iter69.TestGuardianGeofenceCRUD" name="test_07_check_geofence_position" time="0.101" /><testcase classname="backend.tests.test_guardian_geofence_iter69.TestGuardianGeofenceCRUD" name="test_08_delete_geofence" time="0.226" /><testcase classname="backend.tests.test_guardian_geofence_iter69.TestGuardianGeofenceCRUD" name="test_09_access_denied_for_unlinked_beneficiary" time="0.113" /><testcase classname="backend.tests.test_guardian_geofence_iter69.TestGuardianGeofenceCRUD" name="test_10_create_zone_with_invalid_coords_fails" time="0.131" /><testcase classname="backend.tests.test_guardian_geofence_iter69.TestGuardianBeneficiaryList" name="test_guardian_beneficiaries_list" time="0.595" /></testsuite></testsuites>