<?xml version="1.0" encoding="utf-8"?><testsuites name="pytest tests"><testsuite name="pytest" errors="0" failures="0" skipped="0" tests="9" time="3.541" timestamp="2026-03-26T08:18:41.763073+00:00" hostname="agent-env-ad6ba454-a71f-4a1e-a25e-a049e0dbc03f"><testcase classname="backend.tests.test_prospace_bugs_iteration175.TestBackendBugFixes" name="test_delete_reminder_template_nonexistent" time="0.568" /><testcase classname="backend.tests.test_prospace_bugs_iteration175.TestBackendBugFixes" name="test_delete_reminder_template_flow" time="0.357" /><testcase classname="backend.tests.test_prospace_bugs_iteration175.TestBackendBugFixes" name="test_delete_meal_template_nonexistent" time="0.104" /><testcase classname="backend.tests.test_prospace_bugs_iteration175.TestBackendBugFixes" name="test_delete_meal_template_flow" time="0.313" /><testcase classname="backend.tests.test_prospace_bugs_iteration175.TestBackendBugFixes" name="test_put_assigned_meal_nonexistent" time="0.110" /><testcase classname="backend.tests.test_prospace_bugs_iteration175.TestBackendBugFixes" name="test_put_assigned_meal_flow" time="0.627" /><testcase classname="backend.tests.test_prospace_bugs_iteration175.TestBackendBugFixes" name="test_exercise_template_crud" time="0.211" /><testcase classname="backend.tests.test_prospace_bugs_iteration175.TestBackendBugFixes" name="test_assigned_exercise_update" time="0.612" /><testcase classname="backend.tests.test_prospace_bugs_iteration175.TestBackendBugFixes" name="test_assigned_reminder_update" time="0.606" /></testsuite></testsuites>