<?xml version="1.0" encoding="utf-8"?><testsuites name="pytest tests"><testsuite name="pytest" errors="0" failures="0" skipped="0" tests="12" time="3.679" timestamp="2026-03-25T20:48:00.747813+00:00" hostname="agent-env-ad6ba454-a71f-4a1e-a25e-a049e0dbc03f"><testcase classname="backend.tests.test_prospace_iteration173.TestProSpaceIteration173" name="test_seed_templates_creates_meals_with_rich_data" time="0.812" /><testcase classname="backend.tests.test_prospace_iteration173.TestProSpaceIteration173" name="test_meal_template_structure" time="0.109" /><testcase classname="backend.tests.test_prospace_iteration173.TestProSpaceIteration173" name="test_assign_meal_copies_all_fields" time="0.576" /><testcase classname="backend.tests.test_prospace_iteration173.TestProSpaceIteration173" name="test_reminder_templates_have_image" time="0.237" /><testcase classname="backend.tests.test_prospace_iteration173.TestProSpaceIteration173" name="test_assigned_reminders_have_image" time="0.381" /><testcase classname="backend.tests.test_prospace_iteration173.TestProSpaceIteration173" name="test_get_assigned_meals_returns_all_fields" time="0.104" /><testcase classname="backend.tests.test_prospace_iteration173.TestProSpaceIteration173" name="test_get_assigned_reminders_returns_all_fields" time="0.102" /><testcase classname="backend.tests.test_prospace_iteration173.TestMealTemplateDetails" name="test_meal_types_coverage" time="0.456" /><testcase classname="backend.tests.test_prospace_iteration173.TestMealTemplateDetails" name="test_ingredients_structure" time="0.118" /><testcase classname="backend.tests.test_prospace_iteration173.TestMealTemplateDetails" name="test_steps_are_strings" time="0.109" /><testcase classname="backend.tests.test_prospace_iteration173.TestReminderImages" name="test_medication_reminders_have_medication_image" time="0.515" /><testcase classname="backend.tests.test_prospace_iteration173.TestReminderImages" name="test_hydration_reminders_have_hydration_image" time="0.138" /></testsuite></testsuites>