<?xml version="1.0" encoding="utf-8"?><testsuites name="pytest tests"><testsuite name="pytest" errors="0" failures="0" skipped="0" tests="6" time="4.263" timestamp="2026-03-25T18:20:22.098961+00:00" hostname="agent-env-ad6ba454-a71f-4a1e-a25e-a049e0dbc03f"><testcase classname="backend.tests.test_beneficiary_exercises_iteration172.TestBeneficiaryExercises" name="test_josette_login_returns_beneficiary_role" time="1.566" /><testcase classname="backend.tests.test_beneficiary_exercises_iteration172.TestBeneficiaryExercises" name="test_beneficiary_today_exercises_returns_list" time="0.539" /><testcase classname="backend.tests.test_beneficiary_exercises_iteration172.TestBeneficiaryExercises" name="test_josette_has_exercises_for_today" time="0.551" /><testcase classname="backend.tests.test_beneficiary_exercises_iteration172.TestBeneficiaryExercises" name="test_exercises_have_completion_status" time="0.543" /><testcase classname="backend.tests.test_beneficiary_exercises_iteration172.TestBeneficiaryExercises" name="test_exercises_have_coach_info" time="0.708" /><testcase classname="backend.tests.test_beneficiary_exercises_iteration172.TestCoachLogin" name="test_coach_login" time="0.331" /></testsuite></testsuites>