<?xml version="1.0" encoding="utf-8"?><testsuites name="pytest tests"><testsuite name="pytest" errors="0" failures="0" skipped="0" tests="14" time="5.827" timestamp="2026-03-25T12:11:09.807289+00:00" hostname="agent-env-e2a7f2e5-1509-4b36-b5d3-b0fb8a597f1b"><testcase classname="backend.tests.test_iban_payment_config.TestIBANPaymentConfig" name="test_get_payment_config_requires_auth" time="0.200" /><testcase classname="backend.tests.test_iban_payment_config.TestIBANPaymentConfig" name="test_get_payment_config_returns_valid_structure" time="0.456" /><testcase classname="backend.tests.test_iban_payment_config.TestIBANPaymentConfig" name="test_put_payment_config_requires_auth" time="0.101" /><testcase classname="backend.tests.test_iban_payment_config.TestIBANPaymentConfig" name="test_put_payment_config_success" time="0.445" /><testcase classname="backend.tests.test_iban_payment_config.TestIBANPaymentConfig" name="test_put_payment_config_verify_persistence" time="0.582" /><testcase classname="backend.tests.test_iban_payment_config.TestIBANPaymentConfig" name="test_put_payment_config_iban_too_short" time="0.425" /><testcase classname="backend.tests.test_iban_payment_config.TestIBANPaymentConfig" name="test_put_payment_config_iban_no_country_code" time="0.452" /><testcase classname="backend.tests.test_iban_payment_config.TestIBANPaymentConfig" name="test_put_payment_config_empty_holder" time="0.444" /><testcase classname="backend.tests.test_iban_payment_config.TestIBANPaymentConfig" name="test_put_payment_config_whitespace_holder" time="0.443" /><testcase classname="backend.tests.test_iban_payment_config.TestIBANPaymentConfig" name="test_payment_dashboard_iban_configured_true" time="0.575" /><testcase classname="backend.tests.test_iban_payment_config.TestIBANPaymentConfig" name="test_put_payment_config_iban_with_spaces" time="0.537" /><testcase classname="backend.tests.test_iban_payment_config.TestIBANPaymentConfig" name="test_put_payment_config_bic_optional" time="0.493" /><testcase classname="backend.tests.test_iban_payment_config.TestIBANPaymentConfig" name="test_put_payment_config_iban_uppercase" time="0.534" /><testcase classname="backend.tests.test_iban_payment_config.TestNonProUserAccess" name="test_non_pro_cannot_access_payment_config" time="0.103" /></testsuite></testsuites>