<?xml version="1.0" encoding="utf-8"?><testsuites name="pytest tests"><testsuite name="pytest" errors="0" failures="0" skipped="0" tests="9" time="9.212" timestamp="2026-02-21T09:28:33.013463+00:00" hostname="agent-env-bc7d41df-eb5a-41aa-8b06-c47c2f8df32f"><testcase classname="backend.tests.test_iteration40_programs_checkin.TestProgramsBadgesWeeklyReport" name="test_badges_endpoint_returns_6_badges" time="0.618" /><testcase classname="backend.tests.test_iteration40_programs_checkin.TestProgramsBadgesWeeklyReport" name="test_badges_correct_badge_ids" time="0.459" /><testcase classname="backend.tests.test_iteration40_programs_checkin.TestProgramsBadgesWeeklyReport" name="test_weekly_report_returns_ai_generated_report" time="3.185" /><testcase classname="backend.tests.test_iteration40_programs_checkin.TestProgramsBadgesWeeklyReport" name="test_active_program_returns_today_checkin_status" time="0.464" /><testcase classname="backend.tests.test_iteration40_programs_checkin.TestProgramsBadgesWeeklyReport" name="test_checkin_returns_ai_feedback" time="0.589" /><testcase classname="backend.tests.test_iteration40_programs_checkin.TestProgramsBadgesWeeklyReport" name="test_badges_unlocked_after_checkin" time="0.420" /><testcase classname="backend.tests.test_iteration40_programs_checkin.TestBadgesStatValidation" name="test_badge_colors_are_valid" time="0.432" /><testcase classname="backend.tests.test_iteration40_programs_checkin.TestBadgesStatValidation" name="test_badge_icons_have_ri_prefix" time="0.446" /><testcase classname="backend.tests.test_iteration40_programs_checkin.TestWeeklyReportComparisons" name="test_weekly_report_comparison_stats" time="2.552" /></testsuite></testsuites>