<?xml version="1.0" encoding="utf-8"?><testsuites name="pytest tests"><testsuite name="pytest" errors="0" failures="0" skipped="0" tests="6" time="1.194" timestamp="2026-04-02T13:59:37.678131+00:00" hostname="agent-env-d3a9bd39-0a0b-4426-bff4-45c0a3ccc414"><testcase classname="tests.test_ecg_cleanup_iter201.TestBraceletStatusAPI" name="test_bracelet_status_returns_200" time="0.575" /><testcase classname="tests.test_ecg_cleanup_iter201.TestBraceletStatusAPI" name="test_bracelet_status_has_required_fields" time="0.112" /><testcase classname="tests.test_ecg_cleanup_iter201.TestECGDetailAPI" name="test_ecg_detail_returns_200" time="0.126" /><testcase classname="tests.test_ecg_cleanup_iter201.TestECGDetailAPI" name="test_ecg_detail_has_ecg_fields" time="0.124" /><testcase classname="tests.test_ecg_cleanup_iter201.TestECGDetailAPI" name="test_ecg_history_returns_list" time="0.134" /><testcase classname="tests.test_ecg_cleanup_iter201.TestECGStartAPI" name="test_ecg_start_creates_record" time="0.106" /></testsuite></testsuites>