<?xml version="1.0" encoding="utf-8"?><testsuites name="pytest tests"><testsuite name="pytest" errors="0" failures="1" skipped="0" tests="7" time="3.062" timestamp="2026-02-26T13:15:00.784990+00:00" hostname="agent-env-176067e2-a92c-49d5-9eff-28d9c1fb0ccb"><testcase classname="backend.tests.test_p0_zero_data.TestZeroDataForNewUsers" name="test_dashboard_summary_returns_zeros_for_bracelet" time="0.500" /><testcase classname="backend.tests.test_p0_zero_data.TestZeroDataForNewUsers" name="test_dashboard_summary_returns_zeros_for_scale" time="0.463" /><testcase classname="backend.tests.test_p0_zero_data.TestZeroDataForNewUsers" name="test_dashboard_summary_returns_zeros_for_vest" time="0.507" /><testcase classname="backend.tests.test_p0_zero_data.TestZeroDataForNewUsers" name="test_dashboard_summary_returns_null_for_sleep" time="0.476" /><testcase classname="backend.tests.test_p0_zero_data.TestZeroDataForNewUsers" name="test_daily_report_returns_no_data_true" time="0.477" /><testcase classname="backend.tests.test_p0_zero_data.TestZeroDataForNewUsers" name="test_health_summary_returns_no_data_state" time="0.456" /><testcase classname="backend.tests.test_p0_zero_data.TestAdminLogin" name="test_admin_login_success" time="0.148"><failure message="AssertionError: Expected 200, got 422: {&quot;detail&quot;:[{&quot;type&quot;:&quot;missing&quot;,&quot;loc&quot;:[&quot;body&quot;,&quot;email&quot;],&quot;msg&quot;:&quot;Field required&quot;,&quot;input&quot;:{&quot;phone&quot;:&quot;600000001&quot;,&quot;password&quot;:&quot;demo123&quot;},&quot;url&quot;:&quot;https://errors.pydantic.dev/2.12/v/missing&quot;}]}&#10;assert 422 == 200&#10; +  where 422 = &lt;Response [422]&gt;.status_code">backend/tests/test_p0_zero_data.py:155: in test_admin_login_success
    assert resp.status_code == 200, f"Expected 200, got {resp.status_code}: {resp.text}"
E   AssertionError: Expected 200, got 422: {"detail":[{"type":"missing","loc":["body","email"],"msg":"Field required","input":{"phone":"600000001","password":"demo123"},"url":"https://errors.pydantic.dev/2.12/v/missing"}]}
E   assert 422 == 200
E    +  where 422 = &lt;Response [422]&gt;.status_code</failure></testcase></testsuite></testsuites>