<?xml version="1.0" encoding="utf-8"?><testsuites name="pytest tests"><testsuite name="pytest" errors="0" failures="0" skipped="0" tests="9" time="2.364" timestamp="2026-03-06T21:10:42.505628+00:00" hostname="agent-env-49d080c7-4b51-4d27-b15d-9d3db9d10098"><testcase classname="tests.test_dorsi_iteration91.TestDorsiIteration91" name="test_create_bilan_with_existing_program" time="0.627" /><testcase classname="tests.test_dorsi_iteration91.TestDorsiIteration91" name="test_create_program_replaces_existing" time="0.295" /><testcase classname="tests.test_dorsi_iteration91.TestDorsiIteration91" name="test_old_program_marked_as_replaced" time="0.122" /><testcase classname="tests.test_dorsi_iteration91.TestDorsiIteration91" name="test_program_contains_cdc_games" time="0.130" /><testcase classname="tests.test_dorsi_iteration91.TestDorsiIteration91" name="test_game_has_required_fields" time="0.119" /><testcase classname="tests.test_dorsi_iteration91.TestDorsiIteration91" name="test_complete_session_with_score" time="0.294" /><testcase classname="tests.test_dorsi_iteration91.TestDorsiIteration91" name="test_verify_session_persistence" time="0.125" /><testcase classname="tests.test_dorsi_iteration91.TestDorsiIteration91" name="test_get_all_programs_includes_replaced" time="0.150" /><testcase classname="tests.test_dorsi_iteration91.TestDorsiBLEIntegration" name="test_bilan_stores_mobility_as_percentage" time="0.469" /></testsuite></testsuites>