<?xml version="1.0" encoding="utf-8"?><testsuites name="pytest tests"><testsuite name="pytest" errors="0" failures="0" skipped="0" tests="15" time="5.322" timestamp="2026-04-13T11:00:02.919073+00:00" hostname="agent-env-44d2b88a-1ed2-4ced-9dc7-6bf1d805ee17"><testcase classname="backend.tests.test_shop_products_catalogue.TestProductCatalogue" name="test_get_all_products_returns_14" time="0.164" /><testcase classname="backend.tests.test_shop_products_catalogue.TestProductCatalogue" name="test_category_devices_returns_2" time="0.101" /><testcase classname="backend.tests.test_shop_products_catalogue.TestProductCatalogue" name="test_category_subscriptions_returns_4" time="0.153" /><testcase classname="backend.tests.test_shop_products_catalogue.TestProductCatalogue" name="test_category_accessories_returns_6" time="0.129" /><testcase classname="backend.tests.test_shop_products_catalogue.TestProductCatalogue" name="test_category_bundles_returns_2" time="0.142" /><testcase classname="backend.tests.test_shop_products_catalogue.TestProductDetails" name="test_elio_subscriptions_have_subscription_price" time="0.105" /><testcase classname="backend.tests.test_shop_products_catalogue.TestProductDetails" name="test_accessories_have_correct_prices" time="0.106" /><testcase classname="backend.tests.test_shop_products_catalogue.TestProductDetails" name="test_spare_strap_has_3_color_variants" time="0.105" /><testcase classname="backend.tests.test_shop_products_catalogue.TestProductDetails" name="test_textile_cover_has_4_size_variants" time="0.107" /><testcase classname="backend.tests.test_shop_products_catalogue.TestCheckoutWithNewProducts" name="test_checkout_with_helium_cartridge_x2" time="0.992" /><testcase classname="backend.tests.test_shop_products_catalogue.TestCheckoutWithNewProducts" name="test_checkout_with_elio_subscription" time="1.185" /><testcase classname="backend.tests.test_shop_products_catalogue.TestCheckoutWithNewProducts" name="test_checkout_with_bundle_elio_elder" time="0.867" /><testcase classname="backend.tests.test_shop_products_catalogue.TestCheckoutWithNewProducts" name="test_checkout_with_spare_strap_variant" time="0.895" /><testcase classname="backend.tests.test_shop_products_catalogue.TestInvalidCategory" name="test_invalid_category_returns_empty" time="0.121" /><testcase classname="backend.tests.test_shop_products_catalogue.TestInvalidCategory" name="test_empty_category_returns_all" time="0.097" /></testsuite></testsuites>