<?xml version="1.0" encoding="utf-8"?><testsuites name="pytest tests"><testsuite name="pytest" errors="0" failures="0" skipped="0" tests="13" time="18.341" timestamp="2026-02-21T09:00:47.706713+00:00" hostname="agent-env-bc7d41df-eb5a-41aa-8b06-c47c2f8df32f"><testcase classname="backend.tests.test_iteration39_chat_programs.TestChatAI" name="test_chat_message_returns_ai_response" time="1.967" /><testcase classname="backend.tests.test_iteration39_chat_programs.TestChatAI" name="test_chat_history_returns_messages" time="0.428" /><testcase classname="backend.tests.test_iteration39_chat_programs.TestChatAI" name="test_chat_clear_removes_history" time="0.550" /><testcase classname="backend.tests.test_iteration39_chat_programs.TestChatAI" name="test_chat_message_personalized_response" time="1.879" /><testcase classname="backend.tests.test_iteration39_chat_programs.TestChatAI" name="test_chat_message_empty_message_error" time="0.448" /><testcase classname="backend.tests.test_iteration39_chat_programs.TestProgramsCatalog" name="test_programs_catalog_returns_3_programs" time="0.585" /><testcase classname="backend.tests.test_iteration39_chat_programs.TestProgramsCatalog" name="test_start_sleep_program" time="0.663" /><testcase classname="backend.tests.test_iteration39_chat_programs.TestProgramsCatalog" name="test_active_program_returns_today_tasks" time="0.719" /><testcase classname="backend.tests.test_iteration39_chat_programs.TestProgramsCatalog" name="test_program_checkin_with_ai_feedback" time="1.556" /><testcase classname="backend.tests.test_iteration39_chat_programs.TestProgramsCatalog" name="test_stop_active_program" time="0.722" /><testcase classname="backend.tests.test_iteration39_chat_programs.TestProgramsCatalog" name="test_cannot_start_second_program" time="0.764" /><testcase classname="backend.tests.test_iteration39_chat_programs.TestProgramsCatalog" name="test_checkin_without_active_program_fails" time="0.640" /><testcase classname="backend.tests.test_iteration39_chat_programs.TestEndToEndChatFlow" name="test_full_chat_conversation_flow" time="7.369" /></testsuite></testsuites>