<?xml version="1.0" encoding="utf-8"?><testsuites name="pytest tests"><testsuite name="pytest" errors="0" failures="0" skipped="0" tests="9" time="2.025" timestamp="2026-03-25T17:18:04.890073+00:00" hostname="agent-env-ad6ba454-a71f-4a1e-a25e-a049e0dbc03f"><testcase classname="tests.test_prospace_iteration170.TestProSpaceCalendarFeatures" name="test_01_coach_login" time="0.410" /><testcase classname="tests.test_prospace_iteration170.TestProSpaceCalendarFeatures" name="test_02_get_assigned_exercises" time="0.409" /><testcase classname="tests.test_prospace_iteration170.TestProSpaceCalendarFeatures" name="test_03_get_assigned_exercise_detail" time="0.223" /><testcase classname="tests.test_prospace_iteration170.TestProSpaceCalendarFeatures" name="test_04_update_assigned_exercise" time="0.252" /><testcase classname="tests.test_prospace_iteration170.TestProSpaceCalendarFeatures" name="test_05_create_exercise_template" time="0.144" /><testcase classname="tests.test_prospace_iteration170.TestProSpaceCalendarFeatures" name="test_06_list_exercise_templates" time="0.108" /><testcase classname="tests.test_prospace_iteration170.TestProSpaceCalendarFeatures" name="test_07_delete_exercise_template" time="0.247" /><testcase classname="tests.test_prospace_iteration170.TestProSpaceCalendarFeatures" name="test_08_verify_beneficiary_detail_no_exercices_prescrits" time="0.001" /><testcase classname="tests.test_prospace_iteration170.TestProSpaceCalendarFeatures" name="test_09_cleanup_test_templates" time="0.202" /></testsuite></testsuites>