<?xml version="1.0" encoding="utf-8"?><testsuites name="pytest tests"><testsuite name="pytest" errors="0" failures="0" skipped="0" tests="12" time="6.270" timestamp="2026-03-17T14:20:49.451756+00:00" hostname="agent-env-8695b685-88a5-4dfc-a643-c7d38007f763"><testcase classname="backend.tests.test_iteration112_program_overhaul.TestProgramOverhaul" name="test_active_program_returns_interactive_array" time="0.593" /><testcase classname="backend.tests.test_iteration112_program_overhaul.TestProgramOverhaul" name="test_interactive_types_are_valid" time="0.519" /><testcase classname="backend.tests.test_iteration112_program_overhaul.TestProgramOverhaul" name="test_active_program_has_team_data" time="0.497" /><testcase classname="backend.tests.test_iteration112_program_overhaul.TestProgramOverhaul" name="test_active_program_has_progress_data" time="0.539" /><testcase classname="backend.tests.test_iteration112_program_overhaul.TestProgramOverhaul" name="test_leaderboard_returns_ranked_members" time="0.506" /><testcase classname="backend.tests.test_iteration112_program_overhaul.TestProgramOverhaul" name="test_leaderboard_has_medal_eligible_ranks" time="0.495" /><testcase classname="backend.tests.test_iteration112_program_overhaul.TestProgramOverhaul" name="test_apply_onboarding_creates_reminders" time="0.504" /><testcase classname="backend.tests.test_iteration112_program_overhaul.TestProgramOverhaul" name="test_apply_onboarding_without_data" time="0.535" /><testcase classname="backend.tests.test_iteration112_program_overhaul.TestProgramOverhaul" name="test_today_checkin_status" time="0.505" /><testcase classname="backend.tests.test_iteration112_program_overhaul.TestProgramOverhaul" name="test_program_header_data" time="0.515" /><testcase classname="backend.tests.test_iteration112_program_overhaul.TestProgramOverhaul" name="test_breathing_task_detection" time="0.542" /><testcase classname="backend.tests.test_iteration112_program_overhaul.TestEnrichTasksInteractive" name="test_program_catalog_has_interactive_capable_tasks" time="0.488" /></testsuite></testsuites>