<?xml version="1.0" encoding="utf-8"?><testsuites name="pytest tests"><testsuite name="pytest" errors="0" failures="0" skipped="0" tests="11" time="5.501" timestamp="2026-03-17T15:21:30.780533+00:00" hostname="agent-env-166d45b9-e420-495f-b9d8-83ff9afc602c"><testcase classname="backend.tests.test_iteration114_social_feed_redesign.TestAuthentication" name="test_login_beneficiary" time="0.491" /><testcase classname="backend.tests.test_iteration114_social_feed_redesign.TestTeamActivityFeed" name="test_team_feed_endpoint_exists" time="0.589" /><testcase classname="backend.tests.test_iteration114_social_feed_redesign.TestTeamActivityFeed" name="test_team_feed_returns_activities" time="0.494" /><testcase classname="backend.tests.test_iteration114_social_feed_redesign.TestTeamActivityFeed" name="test_team_feed_without_auth" time="0.196" /><testcase classname="backend.tests.test_iteration114_social_feed_redesign.TestProgramDetail" name="test_program_detail_has_cover_image" time="0.522" /><testcase classname="backend.tests.test_iteration114_social_feed_redesign.TestProgramDetail" name="test_program_detail_has_required_fields" time="0.556" /><testcase classname="backend.tests.test_iteration114_social_feed_redesign.TestProgramDetail" name="test_program_detail_benefits_exist" time="0.467" /><testcase classname="backend.tests.test_iteration114_social_feed_redesign.TestProgramCatalog" name="test_catalog_has_programs" time="0.625" /><testcase classname="backend.tests.test_iteration114_social_feed_redesign.TestProgramCatalog" name="test_all_catalog_programs_have_cover_image" time="0.529" /><testcase classname="backend.tests.test_iteration114_social_feed_redesign.TestProgramCatalog" name="test_catalog_programs_have_basic_fields" time="0.485" /><testcase classname="backend.tests.test_iteration114_social_feed_redesign.TestTeamActivityDataSeeded" name="test_feed_has_seeded_activities" time="0.509" /></testsuite></testsuites>