<?xml version="1.0" encoding="utf-8"?><testsuites name="pytest tests"><testsuite name="pytest" errors="0" failures="0" skipped="0" tests="32" time="6.238" timestamp="2026-04-05T18:33:37.228507+00:00" hostname="agent-env-2e51b136-e38b-4911-b011-bb7e465de0d3"><testcase classname="tests.test_health_checkup_iter209.TestDailyReport" name="test_daily_report_returns_200" time="0.664" /><testcase classname="tests.test_health_checkup_iter209.TestDailyReport" name="test_daily_report_has_data" time="0.108" /><testcase classname="tests.test_health_checkup_iter209.TestDailyReport" name="test_heart_rate_coherent" time="0.152" /><testcase classname="tests.test_health_checkup_iter209.TestDailyReport" name="test_spo2_coherent" time="0.097" /><testcase classname="tests.test_health_checkup_iter209.TestDailyReport" name="test_blood_pressure_coherent" time="0.100" /><testcase classname="tests.test_health_checkup_iter209.TestDailyReport" name="test_temperature_coherent" time="0.112" /><testcase classname="tests.test_health_checkup_iter209.TestDailyReport" name="test_steps_positive" time="0.111" /><testcase classname="tests.test_health_checkup_iter209.TestDailyReport" name="test_vo2_max_coherent" time="0.103" /><testcase classname="tests.test_health_checkup_iter209.TestDailyReport" name="test_recovery_score_coherent" time="0.115" /><testcase classname="tests.test_health_checkup_iter209.TestMetricHistory" name="test_metric_history_returns_data[heart_rate-expected_range0]" time="0.129" /><testcase classname="tests.test_health_checkup_iter209.TestMetricHistory" name="test_metric_history_returns_data[spo2-expected_range1]" time="0.136" /><testcase classname="tests.test_health_checkup_iter209.TestMetricHistory" name="test_metric_history_returns_data[blood_pressure-expected_range2]" time="0.125" /><testcase classname="tests.test_health_checkup_iter209.TestMetricHistory" name="test_metric_history_returns_data[temperature-expected_range3]" time="0.119" /><testcase classname="tests.test_health_checkup_iter209.TestMetricHistory" name="test_metric_history_returns_data[steps-expected_range4]" time="0.128" /><testcase classname="tests.test_health_checkup_iter209.TestMetricHistory" name="test_metric_history_returns_data[calories-expected_range5]" time="0.130" /><testcase classname="tests.test_health_checkup_iter209.TestMetricHistory" name="test_metric_history_returns_data[distance_km-expected_range6]" time="0.143" /><testcase classname="tests.test_health_checkup_iter209.TestMetricHistory" name="test_metric_history_returns_data[stress_level-expected_range7]" time="0.128" /><testcase classname="tests.test_health_checkup_iter209.TestMetricHistory" name="test_metric_history_returns_data[hrv-expected_range8]" time="0.118" /><testcase classname="tests.test_health_checkup_iter209.TestMetricHistory" name="test_metric_history_returns_data[sleep_quality-expected_range9]" time="0.118" /><testcase classname="tests.test_health_checkup_iter209.TestSleepHistory" name="test_sleep_history_returns_200" time="0.166" /><testcase classname="tests.test_health_checkup_iter209.TestSleepHistory" name="test_sleep_history_dates_are_2026" time="0.167" /><testcase classname="tests.test_health_checkup_iter209.TestSleepHistory" name="test_sleep_duration_capped_at_600" time="0.164" /><testcase classname="tests.test_health_checkup_iter209.TestSleepHistory" name="test_sleep_stages_plausible" time="0.159" /><testcase classname="tests.test_health_checkup_iter209.TestSleepAnalysis" name="test_sleep_analysis_returns_200" time="0.251" /><testcase classname="tests.test_health_checkup_iter209.TestSleepAnalysis" name="test_sleep_analysis_has_data" time="0.239" /><testcase classname="tests.test_health_checkup_iter209.TestSleepAnalysis" name="test_sleep_analysis_performance_score" time="0.323" /><testcase classname="tests.test_health_checkup_iter209.TestGlycemia" name="test_glycemia_estimate_returns_200" time="0.142" /><testcase classname="tests.test_health_checkup_iter209.TestGlycemia" name="test_glycemia_estimate_is_number" time="0.137" /><testcase classname="tests.test_health_checkup_iter209.TestGlycemia" name="test_glycemia_calibrations_empty" time="0.132" /><testcase classname="tests.test_health_checkup_iter209.TestECGHistory" name="test_ecg_history_returns_200" time="0.103" /><testcase classname="tests.test_health_checkup_iter209.TestECGHistory" name="test_ecg_history_is_list" time="0.110" /><testcase classname="tests.test_health_checkup_iter209.TestAllMetricsComprehensive" name="test_all_metrics_have_history" time="1.264" /></testsuite></testsuites>