<?xml version="1.0" encoding="utf-8"?><testsuites name="pytest tests"><testsuite name="pytest" errors="0" failures="0" skipped="0" tests="35" time="12.604" timestamp="2026-02-09T17:51:30.170537+00:00" hostname="agent-env-35dd4a61-112e-493b-9210-2a12f7d105ff"><testcase classname="backend.tests.test_all_roles.TestAuth" name="test_login_admin" time="0.326" /><testcase classname="backend.tests.test_all_roles.TestAuth" name="test_login_guardian" time="0.259" /><testcase classname="backend.tests.test_all_roles.TestAuth" name="test_login_beneficiary" time="0.266" /><testcase classname="backend.tests.test_all_roles.TestAuth" name="test_login_teleassistance" time="0.263" /><testcase classname="backend.tests.test_all_roles.TestBeneficiaryFeatures" name="test_get_me" time="0.303" /><testcase classname="backend.tests.test_all_roles.TestBeneficiaryFeatures" name="test_get_devices" time="0.290" /><testcase classname="backend.tests.test_all_roles.TestBeneficiaryFeatures" name="test_sync_bracelet" time="0.300" /><testcase classname="backend.tests.test_all_roles.TestBeneficiaryFeatures" name="test_sync_scale" time="0.295" /><testcase classname="backend.tests.test_all_roles.TestBeneficiaryFeatures" name="test_get_latest_readings" time="1.300" /><testcase classname="backend.tests.test_all_roles.TestBeneficiaryFeatures" name="test_get_alerts" time="0.292" /><testcase classname="backend.tests.test_all_roles.TestBeneficiaryFeatures" name="test_create_test_alert_anomaly" time="0.297" /><testcase classname="backend.tests.test_all_roles.TestBeneficiaryFeatures" name="test_health_history" time="0.291" /><testcase classname="backend.tests.test_all_roles.TestBeneficiaryFeatures" name="test_health_thresholds" time="0.297" /><testcase classname="backend.tests.test_all_roles.TestBeneficiaryFeatures" name="test_medications" time="0.315" /><testcase classname="backend.tests.test_all_roles.TestGuardianFeatures" name="test_get_me" time="0.296" /><testcase classname="backend.tests.test_all_roles.TestGuardianFeatures" name="test_get_beneficiaries" time="0.294" /><testcase classname="backend.tests.test_all_roles.TestGuardianFeatures" name="test_get_alerts_as_guardian" time="0.299" /><testcase classname="backend.tests.test_all_roles.TestGuardianFeatures" name="test_get_prescriptions" time="0.293" /><testcase classname="backend.tests.test_all_roles.TestTeleassistanceFeatures" name="test_get_me" time="0.292" /><testcase classname="backend.tests.test_all_roles.TestTeleassistanceFeatures" name="test_get_all_alerts" time="0.297" /><testcase classname="backend.tests.test_all_roles.TestTeleassistanceFeatures" name="test_get_subscribers" time="1.328" /><testcase classname="backend.tests.test_all_roles.TestTeleassistanceFeatures" name="test_get_active_escalations" time="0.305" /><testcase classname="backend.tests.test_all_roles.TestTeleassistanceFeatures" name="test_get_beneficiary_protocol" time="0.301" /><testcase classname="backend.tests.test_all_roles.TestTeleassistanceFeatures" name="test_get_interventions" time="0.305" /><testcase classname="backend.tests.test_all_roles.TestAdminBackoffice" name="test_get_me" time="0.290" /><testcase classname="backend.tests.test_all_roles.TestAdminBackoffice" name="test_get_backoffice_stats" time="0.310" /><testcase classname="backend.tests.test_all_roles.TestAdminBackoffice" name="test_get_backoffice_users" time="0.334" /><testcase classname="backend.tests.test_all_roles.TestAdminBackoffice" name="test_get_activation_codes" time="0.312" /><testcase classname="backend.tests.test_all_roles.TestAdminBackoffice" name="test_create_activation_code" time="0.296" /><testcase classname="backend.tests.test_all_roles.TestAdminBackoffice" name="test_get_backoffice_prescriptions" time="0.295" /><testcase classname="backend.tests.test_all_roles.TestAdminBackoffice" name="test_get_backoffice_interventions" time="0.299" /><testcase classname="backend.tests.test_all_roles.TestAdminBackoffice" name="test_get_backoffice_alerts" time="0.336" /><testcase classname="backend.tests.test_all_roles.TestProfileAndLocation" name="test_location_update" time="0.297" /><testcase classname="backend.tests.test_all_roles.TestProfileAndLocation" name="test_get_location" time="0.295" /><testcase classname="backend.tests.test_all_roles.TestProfileAndLocation" name="test_location_sharing_modes" time="0.366" /></testsuite></testsuites>