<?xml version="1.0" encoding="utf-8"?><testsuites name="pytest tests"><testsuite name="pytest" errors="0" failures="0" skipped="0" tests="15" time="4.614" timestamp="2026-04-13T10:24:06.082175+00:00" hostname="agent-env-44d2b88a-1ed2-4ced-9dc7-6bf1d805ee17"><testcase classname="backend.tests.test_shop_cart_checkout.TestShopProducts" name="test_get_products_returns_200" time="0.209" /><testcase classname="backend.tests.test_shop_cart_checkout.TestShopProducts" name="test_get_products_returns_4_products" time="0.118" /><testcase classname="backend.tests.test_shop_cart_checkout.TestShopProducts" name="test_products_have_required_fields" time="0.143" /><testcase classname="backend.tests.test_shop_cart_checkout.TestShopProducts" name="test_elder_vest_product_exists" time="0.150" /><testcase classname="backend.tests.test_shop_cart_checkout.TestShopProducts" name="test_elder_teleassistance_product_exists" time="0.120" /><testcase classname="backend.tests.test_shop_cart_checkout.TestShopProducts" name="test_elio_bracelet_product_exists" time="0.104" /><testcase classname="backend.tests.test_shop_cart_checkout.TestShopProducts" name="test_vita_scale_product_exists" time="0.102" /><testcase classname="backend.tests.test_shop_cart_checkout.TestShopCheckout" name="test_checkout_creates_order_and_returns_mollie_url" time="1.275" /><testcase classname="backend.tests.test_shop_cart_checkout.TestShopCheckout" name="test_checkout_with_subscription_product" time="0.808" /><testcase classname="backend.tests.test_shop_cart_checkout.TestShopCheckout" name="test_checkout_empty_cart_returns_400" time="0.122" /><testcase classname="backend.tests.test_shop_cart_checkout.TestShopCheckout" name="test_checkout_invalid_product_returns_400" time="0.101" /><testcase classname="backend.tests.test_shop_cart_checkout.TestShopOrder" name="test_get_order_returns_order_details" time="0.999" /><testcase classname="backend.tests.test_shop_cart_checkout.TestShopOrder" name="test_get_nonexistent_order_returns_404" time="0.104" /><testcase classname="backend.tests.test_shop_cart_checkout.TestMollieWebhook" name="test_webhook_with_empty_body_returns_ok" time="0.107" /><testcase classname="backend.tests.test_shop_cart_checkout.TestMollieWebhook" name="test_webhook_with_invalid_payment_id_returns_ok" time="0.103" /></testsuite></testsuites>