<?xml version="1.0" encoding="utf-8"?><testsuites name="pytest tests"><testsuite name="pytest" errors="0" failures="0" skipped="0" tests="9" time="35.297" timestamp="2026-03-04T12:29:21.280255+00:00" hostname="agent-env-7b59d73f-85d8-440d-894b-0df6a6a11279"><testcase classname="backend.tests.test_iteration86_body_age.TestBodyAgeEndpoint" name="test_body_age_endpoint_returns_200" time="0.504" /><testcase classname="backend.tests.test_iteration86_body_age.TestBodyAgeEndpoint" name="test_body_age_returns_valid_structure" time="0.436" /><testcase classname="backend.tests.test_iteration86_body_age.TestBodyAgeEndpoint" name="test_body_age_collecting_status_when_less_than_7_days" time="0.445" /><testcase classname="backend.tests.test_iteration86_body_age.TestBodyAgeEndpoint" name="test_body_age_no_data_status" time="0.481" /><testcase classname="backend.tests.test_iteration86_body_age.TestDailyReportBodyAge" name="test_daily_report_returns_200" time="7.832" /><testcase classname="backend.tests.test_iteration86_body_age.TestDailyReportBodyAge" name="test_daily_report_includes_analysis_phase" time="8.187" /><testcase classname="backend.tests.test_iteration86_body_age.TestDailyReportBodyAge" name="test_daily_report_includes_body_age_nora" time="8.506" /><testcase classname="backend.tests.test_iteration86_body_age.TestDailyReportBodyAge" name="test_data_body_age_overridden_by_nora" time="8.383" /><testcase classname="backend.tests.test_iteration86_body_age.TestGuardianBodyAge" name="test_guardian_can_access_body_age" time="0.503" /></testsuite></testsuites>