<?xml version="1.0" encoding="utf-8"?><testsuites name="pytest tests"><testsuite name="pytest" errors="0" failures="0" skipped="0" tests="13" time="4.985" timestamp="2026-03-25T09:00:35.598172+00:00" hostname="agent-env-68251ebe-71d2-4298-9964-b1aaa59c0d18"><testcase classname="backend.tests.test_pro_application.TestProApplicationContract" name="test_get_coach_contract" time="0.139" /><testcase classname="backend.tests.test_pro_application.TestProApplicationContract" name="test_get_physio_contract" time="0.101" /><testcase classname="backend.tests.test_pro_application.TestProApplicationContract" name="test_get_invalid_contract_type" time="0.101" /><testcase classname="backend.tests.test_pro_application.TestProApplicationSubmission" name="test_submit_coach_application_success" time="0.980" /><testcase classname="backend.tests.test_pro_application.TestProApplicationSubmission" name="test_submit_physio_application_success" time="0.843" /><testcase classname="backend.tests.test_pro_application.TestProApplicationSubmission" name="test_submit_physio_without_adeli_fails" time="0.093" /><testcase classname="backend.tests.test_pro_application.TestProApplicationSubmission" name="test_submit_without_contract_accepted_fails" time="0.101" /><testcase classname="backend.tests.test_pro_application.TestProApplicationSubmission" name="test_submit_without_signature_fails" time="0.099" /><testcase classname="backend.tests.test_pro_application.TestProApplicationSubmission" name="test_submit_invalid_type_fails" time="0.097" /><testcase classname="backend.tests.test_pro_application.TestProApplicationCheck" name="test_check_phone_with_approved_application" time="0.962" /><testcase classname="backend.tests.test_pro_application.TestProApplicationCheck" name="test_check_phone_without_application" time="0.099" /><testcase classname="backend.tests.test_pro_application.TestProApplicationCheck" name="test_check_phone_normalizes_format" time="1.023" /><testcase classname="backend.tests.test_pro_application.TestGuardianLogin" name="test_guardian_coach_login" time="0.327" /></testsuite></testsuites>