<?xml version="1.0" encoding="utf-8"?><testsuites name="pytest tests"><testsuite name="pytest" errors="0" failures="0" skipped="0" tests="12" time="8.524" timestamp="2026-02-24T16:02:33.285685+00:00" hostname="agent-env-d2fc2378-d654-469a-9670-2aaa339630f5"><testcase classname="tests.test_iteration52_objectives.TestMetricHistory" name="test_steps_metric_history_has_bars_graph_type" time="0.703" /><testcase classname="tests.test_iteration52_objectives.TestMetricHistory" name="test_calories_metric_history_has_bars_graph_type" time="0.591" /><testcase classname="tests.test_iteration52_objectives.TestMetricHistory" name="test_stress_level_metric_history_has_area_gradient" time="0.569" /><testcase classname="tests.test_iteration52_objectives.TestMetricHistory" name="test_recovery_score_metric_history_has_area_gradient" time="0.457" /><testcase classname="tests.test_iteration52_objectives.TestMetricHistory" name="test_heart_rate_metric_history_has_ecg" time="0.625" /><testcase classname="tests.test_iteration52_objectives.TestThresholdsWithGoal" name="test_post_threshold_with_goal_field" time="0.535" /><testcase classname="tests.test_iteration52_objectives.TestThresholdsWithGoal" name="test_get_threshold_returns_goal_field" time="0.701" /><testcase classname="tests.test_iteration52_objectives.TestThresholdsWithGoal" name="test_post_threshold_for_calories_with_goal" time="0.695" /><testcase classname="tests.test_iteration52_objectives.TestThresholdsWithGoal" name="test_post_threshold_for_stress_level_with_goal" time="0.740" /><testcase classname="tests.test_iteration52_objectives.TestThresholdsWithGoal" name="test_post_health_threshold_for_heart_rate_min_max" time="0.765" /><testcase classname="tests.test_iteration52_objectives.TestObjectiveKeys" name="test_objective_keys_have_correct_graph_types" time="1.172" /><testcase classname="tests.test_iteration52_objectives.TestObjectiveKeys" name="test_health_keys_have_correct_graph_types" time="0.936" /></testsuite></testsuites>