<?xml version="1.0" encoding="utf-8"?><testsuites name="pytest tests"><testsuite name="pytest" errors="0" failures="0" skipped="0" tests="11" time="3.296" timestamp="2026-03-03T09:06:31.573562+00:00" hostname="agent-env-93043f2d-0c6e-4139-82c3-f1eaa4dafabe"><testcase classname="tests.test_iteration68_chutex_features.TestHealthEndpoints" name="test_login_beneficiary" time="0.495" /><testcase classname="tests.test_iteration68_chutex_features.TestHealthEndpoints" name="test_health_dashboard_summary" time="0.108" /><testcase classname="tests.test_iteration68_chutex_features.TestHealthEndpoints" name="test_scale_history" time="0.118" /><testcase classname="tests.test_iteration68_chutex_features.TestDeviceEndpoints" name="test_devices_list" time="0.425" /><testcase classname="tests.test_iteration68_chutex_features.TestDeviceEndpoints" name="test_device_status_endpoint" time="0.093" /><testcase classname="tests.test_iteration68_chutex_features.TestProgramsEndpoints" name="test_programs_catalog" time="0.462" /><testcase classname="tests.test_iteration68_chutex_features.TestProgramsEndpoints" name="test_user_programs" time="0.111" /><testcase classname="tests.test_iteration68_chutex_features.TestProgramsEndpoints" name="test_program_detail" time="0.110" /><testcase classname="tests.test_iteration68_chutex_features.TestContractPDFEndpoints" name="test_contract_template_pdf" time="0.109" /><testcase classname="tests.test_iteration68_chutex_features.TestContractPDFEndpoints" name="test_subscription_info" time="0.444" /><testcase classname="tests.test_iteration68_chutex_features.TestDashboardRegression" name="test_dashboard_data_load" time="0.794" /></testsuite></testsuites>