<?xml version="1.0" encoding="utf-8"?><testsuites name="pytest tests"><testsuite name="pytest" errors="0" failures="0" skipped="0" tests="9" time="7.532" timestamp="2026-03-03T11:54:55.258970+00:00" hostname="agent-env-93043f2d-0c6e-4139-82c3-f1eaa4dafabe"><testcase classname="backend.tests.test_iteration74_beneficiary_detail.TestBeneficiaryDetailFeatures" name="test_guardian_login_returns_valid_token" time="0.803" /><testcase classname="backend.tests.test_iteration74_beneficiary_detail.TestBeneficiaryDetailFeatures" name="test_get_beneficiaries_list" time="0.468" /><testcase classname="backend.tests.test_iteration74_beneficiary_detail.TestBeneficiaryDetailFeatures" name="test_get_beneficiary_subscription_with_guardians" time="0.460" /><testcase classname="backend.tests.test_iteration74_beneficiary_detail.TestBeneficiaryDetailFeatures" name="test_subscription_contract_details" time="0.442" /><testcase classname="backend.tests.test_iteration74_beneficiary_detail.TestBeneficiaryDetailFeatures" name="test_get_beneficiary_alerts_for_activity_history" time="0.496" /><testcase classname="backend.tests.test_iteration74_beneficiary_detail.TestBeneficiaryDetailFeatures" name="test_geofence_crud_operations" time="0.906" /><testcase classname="backend.tests.test_iteration74_beneficiary_detail.TestBeneficiaryDetailFeatures" name="test_geofence_returns_location_for_map" time="0.458" /><testcase classname="backend.tests.test_iteration74_beneficiary_detail.TestBeneficiaryDetailFeatures" name="test_beneficiary_devices_endpoint" time="0.437" /><testcase classname="backend.tests.test_iteration74_beneficiary_detail.TestBeneficiaryDetailFeatures" name="test_ai_report_endpoint" time="3.028" /></testsuite></testsuites>