<?xml version="1.0" encoding="utf-8"?><testsuites name="pytest tests"><testsuite name="pytest" errors="0" failures="0" skipped="0" tests="21" time="3.431" timestamp="2026-04-03T09:42:30.826721+00:00" hostname="agent-env-d5ce1104-8c14-4210-87dd-c933117910a6"><testcase classname="tests.test_v8_ble_protocol_iter204.TestVibrationCommand" name="test_vibrate_reminder_returns_ble_cmd_54" time="0.620" /><testcase classname="tests.test_v8_ble_protocol_iter204.TestVibrationCommand" name="test_vibrate_alert_returns_3_vibrations" time="0.101" /><testcase classname="tests.test_v8_ble_protocol_iter204.TestVibrationCommand" name="test_vibrate_alarm_returns_5_vibrations" time="0.096" /><testcase classname="tests.test_v8_ble_protocol_iter204.TestPendingCommands" name="test_pending_commands_returns_vibrate_with_ble_cmd_54" time="0.205" /><testcase classname="tests.test_v8_ble_protocol_iter204.TestBleConfig" name="test_ble_config_battery_starts_with_13" time="0.101" /><testcase classname="tests.test_v8_ble_protocol_iter204.TestBleConfig" name="test_ble_config_sleep_starts_with_53" time="0.106" /><testcase classname="tests.test_v8_ble_protocol_iter204.TestV8Config" name="test_v8_config_get_battery_is_19" time="0.101" /><testcase classname="tests.test_v8_ble_protocol_iter204.TestV8Config" name="test_v8_config_get_sleep_is_83" time="0.106" /><testcase classname="tests.test_v8_ble_protocol_iter204.TestV8PushData" name="test_push_battery_accepts_0_to_100" time="0.112" /><testcase classname="tests.test_v8_ble_protocol_iter204.TestV8PushData" name="test_push_battery_edge_cases" time="0.363" /><testcase classname="tests.test_v8_ble_protocol_iter204.TestV8PushData" name="test_push_heart_rate_with_all_vitals" time="0.099" /><testcase classname="tests.test_v8_ble_protocol_iter204.TestV8PushData" name="test_push_sleep_with_stages" time="0.150" /><testcase classname="tests.test_v8_ble_protocol_iter204.TestV8PushData" name="test_push_blood_glucose" time="0.136" /><testcase classname="tests.test_v8_ble_protocol_iter204.TestV8PushData" name="test_push_spo2" time="0.126" /><testcase classname="tests.test_v8_ble_protocol_iter204.TestBraceletStatus" name="test_bracelet_status_shows_connected" time="0.212" /><testcase classname="tests.test_v8_ble_protocol_iter204.TestNoMockData" name="test_bracelet_status_no_random_values" time="0.098" /><testcase classname="tests.test_v8_ble_protocol_iter204.TestNoMockData" name="test_v8_dashboard_no_simulated_data" time="0.107" /><testcase classname="tests.test_v8_ble_protocol_iter204.TestTemperatureByteOrder" name="test_push_temperature_value" time="0.226" /><testcase classname="tests.test_v8_ble_protocol_iter204.TestParseResponse" name="test_parse_battery_0x13" time="0.260" /><testcase classname="tests.test_v8_ble_protocol_iter204.TestParseResponse" name="test_parse_sleep_0x53" time="0.000" /><testcase classname="tests.test_v8_ble_protocol_iter204.TestParseResponse" name="test_parse_health_measurement_0x28_temperature_big_endian" time="0.000" /></testsuite></testsuites>