<?xml version="1.0" encoding="utf-8"?><testsuites name="pytest tests"><testsuite name="pytest" errors="0" failures="0" skipped="0" tests="8" time="1.392" timestamp="2026-03-18T18:08:55.531950+00:00" hostname="agent-env-ca23c9df-fc6b-4d0e-ba3f-dabcd8d4b915"><testcase classname="tests.test_live_activity_eta.TestETACalculation" name="test_live_active_returns_eta_when_both_locations_exist" time="0.492" /><testcase classname="tests.test_live_activity_eta.TestETACalculation" name="test_eta_not_returned_without_intervenant_location" time="0.067" /><testcase classname="tests.test_live_activity_eta.TestETACalculation" name="test_eta_uses_haversine_formula" time="0.076" /><testcase classname="tests.test_live_activity_eta.TestETACalculation" name="test_eta_ranges_by_distance" time="0.073" /><testcase classname="tests.test_live_activity_eta.TestSpecificAlertWithETA" name="test_alert_71f6654e_has_eta_data" time="0.078" /><testcase classname="tests.test_live_activity_eta.TestJosetteGuardians" name="test_josette_has_3_guardians" time="0.438" /><testcase classname="tests.test_live_activity_eta.TestInterventionAcceptAdvancesLiveStatus" name="test_accept_as_guardian_endpoint_exists" time="0.066" /><testcase classname="tests.test_live_activity_eta.TestInterventionTrackingLocation" name="test_intervention_tracking_location_in_live_active" time="0.074" /></testsuite></testsuites>