<?xml version="1.0" encoding="utf-8"?><testsuites name="pytest tests"><testsuite name="pytest" errors="0" failures="0" skipped="0" tests="12" time="7.310" timestamp="2026-03-24T17:02:02.846165+00:00" hostname="agent-env-716015eb-fe24-435a-8902-d37fc27cf09e"><testcase classname="backend.tests.test_sleep_whoop.TestSleepAnalysisAPI" name="test_sleep_analysis_returns_200" time="2.191" /><testcase classname="backend.tests.test_sleep_whoop.TestSleepAnalysisAPI" name="test_sleep_analysis_has_required_fields" time="0.585" /><testcase classname="backend.tests.test_sleep_whoop.TestSleepAnalysisAPI" name="test_sleep_analysis_performance_score_calculation" time="0.775" /><testcase classname="backend.tests.test_sleep_whoop.TestSleepAnalysisAPI" name="test_sleep_analysis_recovery_zone" time="0.524" /><testcase classname="backend.tests.test_sleep_whoop.TestSleepHistoryAPI" name="test_sleep_history_returns_200" time="0.598" /><testcase classname="backend.tests.test_sleep_whoop.TestSleepHistoryAPI" name="test_sleep_history_returns_list" time="0.589" /><testcase classname="backend.tests.test_sleep_whoop.TestSleepHistoryAPI" name="test_sleep_history_has_required_fields" time="0.551" /><testcase classname="backend.tests.test_sleep_whoop.TestSleepHistoryAPI" name="test_sleep_history_max_7_days" time="0.555" /><testcase classname="backend.tests.test_sleep_whoop.TestSleepHistoryAPI" name="test_sleep_history_sorted_by_date" time="0.552" /><testcase classname="backend.tests.test_sleep_whoop.TestSleepAPIAuthentication" name="test_sleep_analysis_requires_auth" time="0.127" /><testcase classname="backend.tests.test_sleep_whoop.TestSleepAPIAuthentication" name="test_sleep_history_requires_auth" time="0.109" /><testcase classname="backend.tests.test_sleep_whoop.TestSleepAPIAuthentication" name="test_sleep_analysis_invalid_token" time="0.118" /></testsuite></testsuites>