<?xml version="1.0" encoding="utf-8"?><testsuites name="pytest tests"><testsuite name="pytest" errors="0" failures="0" skipped="0" tests="17" time="17.850" timestamp="2026-03-11T08:07:18.614433+00:00" hostname="agent-env-1b9127b9-8b74-45d2-8adb-22ef87ab6a58"><testcase classname="backend.tests.test_iteration102_p0_p1.TestP0MolliePayment" name="test_get_plans_returns_two_plans" time="0.227" /><testcase classname="backend.tests.test_iteration102_p0_p1.TestP0MolliePayment" name="test_stripe_config_returns_mollie_provider" time="0.108" /><testcase classname="backend.tests.test_iteration102_p0_p1.TestP0MolliePayment" name="test_contract_create_no_crash" time="1.799" /><testcase classname="backend.tests.test_iteration102_p0_p1.TestP0MolliePayment" name="test_legacy_stripe_webhook_deprecation" time="0.109" /><testcase classname="backend.tests.test_iteration102_p0_p1.TestP0MolliePayment" name="test_mollie_webhook_handles_form_data" time="0.093" /><testcase classname="backend.tests.test_iteration102_p0_p1.TestP1V6BraceletIntegration" name="test_v6_config_returns_all_8_services" time="0.419" /><testcase classname="backend.tests.test_iteration102_p0_p1.TestP1V6BraceletIntegration" name="test_v6_push_heart_rate_data" time="0.424" /><testcase classname="backend.tests.test_iteration102_p0_p1.TestP1V6BraceletIntegration" name="test_v6_push_spo2_data" time="0.425" /><testcase classname="backend.tests.test_iteration102_p0_p1.TestP1V6BraceletIntegration" name="test_v6_push_temperature_data" time="0.416" /><testcase classname="backend.tests.test_iteration102_p0_p1.TestP1V6BraceletIntegration" name="test_v6_push_blood_pressure_data" time="0.440" /><testcase classname="backend.tests.test_iteration102_p0_p1.TestP1V6BraceletIntegration" name="test_v6_push_ppg_data" time="0.428" /><testcase classname="backend.tests.test_iteration102_p0_p1.TestP1V6BraceletIntegration" name="test_v6_push_battery_data" time="0.471" /><testcase classname="backend.tests.test_iteration102_p0_p1.TestP1V6BraceletIntegration" name="test_v6_push_steps_data" time="0.428" /><testcase classname="backend.tests.test_iteration102_p0_p1.TestP1V6BraceletIntegration" name="test_bracelet_status_reflects_v6_data" time="0.477" /><testcase classname="backend.tests.test_iteration102_p0_p1.TestP1V6BraceletIntegration" name="test_v6_ppg_history_returns_stored_data" time="0.480" /><testcase classname="backend.tests.test_iteration102_p0_p1.TestP0CalorieCoherence" name="test_daily_report_calorie_coherence" time="10.401" /><testcase classname="backend.tests.test_iteration102_p0_p1.TestP1GlycemiaUsesV6Data" name="test_glycemia_estimate_uses_v6_data" time="0.653" /></testsuite></testsuites>