<?xml version="1.0" encoding="utf-8"?><testsuites name="pytest tests"><testsuite name="pytest" errors="0" failures="0" skipped="0" tests="11" time="3.210" timestamp="2026-03-25T09:28:05.681934+00:00" hostname="agent-env-68251ebe-71d2-4298-9964-b1aaa59c0d18"><testcase classname="tests.test_payment_dashboard.TestPaymentDashboard" name="test_coach_login_returns_professional_type" time="0.388" /><testcase classname="tests.test_payment_dashboard.TestPaymentDashboard" name="test_payment_dashboard_requires_auth" time="0.124" /><testcase classname="tests.test_payment_dashboard.TestPaymentDashboard" name="test_payment_dashboard_returns_valid_structure" time="0.430" /><testcase classname="tests.test_payment_dashboard.TestPaymentDashboard" name="test_payment_dashboard_correct_price" time="0.426" /><testcase classname="tests.test_payment_dashboard.TestPaymentDashboard" name="test_payment_dashboard_recent_payments_structure" time="0.432" /><testcase classname="tests.test_payment_dashboard.TestPaymentDashboard" name="test_payment_dashboard_numeric_values" time="0.440" /><testcase classname="tests.test_payment_dashboard.TestPaymentDashboard" name="test_payment_dashboard_boolean_values" time="0.450" /><testcase classname="tests.test_payment_dashboard.TestLandingPageContracts" name="test_coach_contract_endpoint" time="0.108" /><testcase classname="tests.test_payment_dashboard.TestLandingPageContracts" name="test_physio_contract_endpoint" time="0.166" /><testcase classname="tests.test_payment_dashboard.TestLandingPageContracts" name="test_coach_contract_mentions_coach" time="0.109" /><testcase classname="tests.test_payment_dashboard.TestLandingPageContracts" name="test_physio_contract_mentions_physio" time="0.104" /></testsuite></testsuites>