<?xml version="1.0" encoding="utf-8"?><testsuites name="pytest tests"><testsuite name="pytest" errors="0" failures="0" skipped="0" tests="15" time="3.331" timestamp="2026-02-09T20:30:14.305070+00:00" hostname="agent-env-35dd4a61-112e-493b-9210-2a12f7d105ff"><testcase classname="tests.test_chutex_iteration5.TestNewAccountsLogin" name="test_login_new_accounts[account0]" time="0.301" /><testcase classname="tests.test_chutex_iteration5.TestNewAccountsLogin" name="test_login_new_accounts[account1]" time="0.235" /><testcase classname="tests.test_chutex_iteration5.TestNewAccountsLogin" name="test_login_new_accounts[account2]" time="0.234" /><testcase classname="tests.test_chutex_iteration5.TestNewAccountsLogin" name="test_login_new_accounts[account3]" time="0.231" /><testcase classname="tests.test_chutex_iteration5.TestRemindersAPI" name="test_get_reminders" time="0.304" /><testcase classname="tests.test_chutex_iteration5.TestRemindersAPI" name="test_create_reminder" time="0.035" /><testcase classname="tests.test_chutex_iteration5.TestKPIDashboard" name="test_get_kpi_dashboard" time="0.310" /><testcase classname="tests.test_chutex_iteration5.TestAlertReportEnhanced" name="test_get_alerts_and_report" time="0.335" /><testcase classname="tests.test_chutex_iteration5.TestTeleassistanceFeatures" name="test_get_subscribers" time="0.312" /><testcase classname="tests.test_chutex_iteration5.TestTeleassistanceFeatures" name="test_get_protocol_beneficiary" time="0.034" /><testcase classname="tests.test_chutex_iteration5.TestGuardianFeatures" name="test_get_beneficiaries" time="0.294" /><testcase classname="tests.test_chutex_iteration5.TestGuardianFeatures" name="test_get_interventions" time="0.041" /><testcase classname="tests.test_chutex_iteration5.TestBeneficiaryHealth" name="test_get_devices" time="0.303" /><testcase classname="tests.test_chutex_iteration5.TestBeneficiaryHealth" name="test_get_ai_recommendations" time="0.037" /><testcase classname="tests.test_chutex_iteration5.TestBackofficeStats" name="test_get_backoffice_stats" time="0.297" /></testsuite></testsuites>