<?xml version="1.0" encoding="utf-8"?><testsuites name="pytest tests"><testsuite name="pytest" errors="0" failures="0" skipped="0" tests="18" time="41.708" timestamp="2026-03-18T19:40:50.785759+00:00" hostname="agent-env-7eb15683-853e-4ecd-8e0c-71a7ea2f84f6"><testcase classname="backend.tests.test_health_correlations.TestHealthCorrelations" name="test_correlations_returns_401_without_auth" time="0.467" /><testcase classname="backend.tests.test_health_correlations.TestHealthCorrelations" name="test_correlations_returns_200_with_auth" time="2.741" /><testcase classname="backend.tests.test_health_correlations.TestHealthCorrelations" name="test_correlations_response_structure" time="2.375" /><testcase classname="backend.tests.test_health_correlations.TestHealthCorrelations" name="test_correlations_no_data_false_when_data_exists" time="2.846" /><testcase classname="backend.tests.test_health_correlations.TestHealthCorrelations" name="test_correlation_fields_structure" time="2.975" /><testcase classname="backend.tests.test_health_correlations.TestHealthCorrelations" name="test_correlations_sorted_by_strength" time="3.027" /><testcase classname="backend.tests.test_health_correlations.TestHealthCorrelations" name="test_strength_field_valid_values" time="2.488" /><testcase classname="backend.tests.test_health_correlations.TestHealthCorrelations" name="test_direction_field_valid_values" time="2.710" /><testcase classname="backend.tests.test_health_correlations.TestHealthCorrelations" name="test_impact_pct_in_range" time="2.774" /><testcase classname="backend.tests.test_health_correlations.TestHealthCorrelations" name="test_insights_max_3_elements" time="2.677" /><testcase classname="backend.tests.test_health_correlations.TestHealthCorrelations" name="test_r_value_range" time="2.421" /><testcase classname="backend.tests.test_health_correlations.TestHealthEndpointsRegression" name="test_health_summary_works" time="0.478" /><testcase classname="backend.tests.test_health_correlations.TestHealthEndpointsRegression" name="test_health_daily_report_works" time="10.752" /><testcase classname="backend.tests.test_health_correlations.TestHealthEndpointsRegression" name="test_health_body_age_works" time="0.578" /><testcase classname="backend.tests.test_health_correlations.TestHealthEndpointsRegression" name="test_health_aging_rate_works" time="0.503" /><testcase classname="backend.tests.test_health_correlations.TestHealthEndpointsRegression" name="test_health_sleep_works" time="0.461" /><testcase classname="backend.tests.test_health_correlations.TestHealthEndpointsRegression" name="test_health_thresholds_works" time="0.462" /><testcase classname="backend.tests.test_health_correlations.TestAuthProtection" name="test_endpoints_require_auth" time="0.920" /></testsuite></testsuites>