<?xml version="1.0" encoding="utf-8"?><testsuites name="pytest tests"><testsuite name="pytest" errors="0" failures="0" skipped="0" tests="12" time="3.510" timestamp="2026-03-01T10:51:04.441418+00:00" hostname="agent-env-d772843d-6fd3-4f9f-a019-4861fd44e509"><testcase classname="backend.tests.test_stripe_webhook_subscription_cards_iter61.TestStripeWebhook" name="test_webhook_endpoint_exists_and_returns_ok" time="0.224" /><testcase classname="backend.tests.test_stripe_webhook_subscription_cards_iter61.TestStripeWebhook" name="test_webhook_invoice_payment_succeeded_event_format" time="0.127" /><testcase classname="backend.tests.test_stripe_webhook_subscription_cards_iter61.TestStripeWebhook" name="test_webhook_invoice_payment_failed_event_format" time="0.094" /><testcase classname="backend.tests.test_stripe_webhook_subscription_cards_iter61.TestStripeWebhook" name="test_webhook_subscription_deleted_event_format" time="0.128" /><testcase classname="backend.tests.test_stripe_webhook_subscription_cards_iter61.TestStripeWebhook" name="test_webhook_subscription_updated_event_format" time="0.106" /><testcase classname="backend.tests.test_stripe_webhook_subscription_cards_iter61.TestSubscriptionMyEndpoint" name="test_subscription_my_returns_start_date_field" time="0.380" /><testcase classname="backend.tests.test_stripe_webhook_subscription_cards_iter61.TestSubscriptionMyEndpoint" name="test_subscription_my_returns_source_field" time="0.431" /><testcase classname="backend.tests.test_stripe_webhook_subscription_cards_iter61.TestSubscriptionMyEndpoint" name="test_subscription_my_fallback_start_date_to_created_at" time="0.380" /><testcase classname="backend.tests.test_stripe_webhook_subscription_cards_iter61.TestSubscriptionCardLogic" name="test_no_subscription_no_card" time="0.369" /><testcase classname="backend.tests.test_stripe_webhook_subscription_cards_iter61.TestSubscriptionCardLogic" name="test_bracelet_only_subscription_returns_standard_type" time="0.373" /><testcase classname="backend.tests.test_stripe_webhook_subscription_cards_iter61.TestSubscriptionCardLogic" name="test_care_subscription_returns_care_type" time="0.426" /><testcase classname="backend.tests.test_stripe_webhook_subscription_cards_iter61.TestSubscriptionDetailPopupData" name="test_subscription_popup_has_all_required_fields" time="0.371" /></testsuite></testsuites>