<?xml version="1.0" encoding="utf-8"?><testsuites name="pytest tests"><testsuite name="pytest" errors="0" failures="0" skipped="0" tests="7" time="2.190" timestamp="2026-03-25T15:42:35.197846+00:00" hostname="agent-env-b4ad3be1-418d-44fd-b5d8-2f2333f10eb1"><testcase classname="backend.tests.test_exercise_templates_iteration168.TestExerciseTemplates" name="test_create_exercise_template" time="0.588" /><testcase classname="backend.tests.test_exercise_templates_iteration168.TestExerciseTemplates" name="test_get_exercise_templates_list" time="0.135" /><testcase classname="backend.tests.test_exercise_templates_iteration168.TestExerciseTemplates" name="test_delete_exercise_template" time="0.278" /><testcase classname="backend.tests.test_exercise_templates_iteration168.TestProgramDetailWithSessions" name="test_get_program_detail_with_sessions" time="0.124" /><testcase classname="backend.tests.test_exercise_templates_iteration168.TestBeneficiaryPrograms" name="test_get_my_programs_as_beneficiary" time="0.474" /><testcase classname="backend.tests.test_exercise_templates_iteration168.TestAddExerciseFromTemplate" name="test_add_session_with_template_fields" time="0.402" /><testcase classname="backend.tests.test_exercise_templates_iteration168.TestExistingExerciseTemplate" name="test_existing_template_in_list" time="0.156" /></testsuite></testsuites>