<?xml version="1.0" encoding="utf-8"?><testsuites name="pytest tests"><testsuite name="pytest" errors="0" failures="0" skipped="0" tests="18" time="19.120" timestamp="2026-03-01T16:15:08.457459+00:00" hostname="agent-env-bcabd9a2-3bcb-4955-b11d-f72e3dde8b22"><testcase classname="backend.tests.test_iteration63_programs_enriched.TestProgramsCatalogEndpoint" name="test_catalog_returns_3_programs" time="3.059" /><testcase classname="backend.tests.test_iteration63_programs_enriched.TestProgramsCatalogEndpoint" name="test_catalog_programs_have_benefits" time="0.462" /><testcase classname="backend.tests.test_iteration63_programs_enriched.TestProgramsCatalogEndpoint" name="test_catalog_programs_have_data_used" time="0.496" /><testcase classname="backend.tests.test_iteration63_programs_enriched.TestProgramsCatalogEndpoint" name="test_catalog_programs_have_medical_disclaimer" time="0.511" /><testcase classname="backend.tests.test_iteration63_programs_enriched.TestProgramsCatalogEndpoint" name="test_catalog_programs_have_onboarding_fields" time="0.462" /><testcase classname="backend.tests.test_iteration63_programs_enriched.TestProgramsCatalogEndpoint" name="test_catalog_programs_have_tracked_metrics" time="0.479" /><testcase classname="backend.tests.test_iteration63_programs_enriched.TestProgramsCatalogEndpoint" name="test_catalog_programs_have_effort" time="0.453" /><testcase classname="backend.tests.test_iteration63_programs_enriched.TestProgramDetailEndpoints" name="test_sleep_program_detail" time="0.120" /><testcase classname="backend.tests.test_iteration63_programs_enriched.TestProgramDetailEndpoints" name="test_tension_program_detail" time="0.112" /><testcase classname="backend.tests.test_iteration63_programs_enriched.TestProgramDetailEndpoints" name="test_activity_program_detail" time="0.113" /><testcase classname="backend.tests.test_iteration63_programs_enriched.TestProgramDetailEndpoints" name="test_program_detail_404_for_invalid" time="0.124" /><testcase classname="backend.tests.test_iteration63_programs_enriched.TestProgramActiveEndpoint" name="test_active_program_returns_today_tasks_with_mission" time="0.437" /><testcase classname="backend.tests.test_iteration63_programs_enriched.TestProgramActiveEndpoint" name="test_active_program_day_simulation" time="0.462" /><testcase classname="backend.tests.test_iteration63_programs_enriched.TestProgramActiveEndpoint" name="test_active_program_returns_team_info" time="0.455" /><testcase classname="backend.tests.test_iteration63_programs_enriched.TestSleepProgramScientificContent" name="test_sleep_program_day1_has_walker_study_reference" time="0.608" /><testcase classname="backend.tests.test_iteration63_programs_enriched.TestProgramStartWithHealthSnapshot" name="test_start_program_returns_enrollment_with_snapshot" time="0.436" /><testcase classname="backend.tests.test_iteration63_programs_enriched.TestCompletionReportWithHealthComparison" name="test_completion_report_has_health_comparison" time="9.425" /><testcase classname="backend.tests.test_iteration63_programs_enriched.TestProgramsIntegration" name="test_full_program_data_flow" time="0.831" /></testsuite></testsuites>