<?xml version="1.0" encoding="utf-8"?><testsuites name="pytest tests"><testsuite name="pytest" errors="0" failures="0" skipped="0" tests="11" time="31.164" timestamp="2026-03-08T11:19:28.387523+00:00" hostname="agent-env-57872793-abfa-428b-a57f-67d1eeae0183"><testcase classname="backend.tests.test_dorsi_innovations_iter93.TestDorsiInnovations" name="test_dorsi_index_endpoint" time="0.571" /><testcase classname="backend.tests.test_dorsi_innovations_iter93.TestDorsiInnovations" name="test_dorsi_streaks_endpoint" time="0.111" /><testcase classname="backend.tests.test_dorsi_innovations_iter93.TestDorsiInnovations" name="test_dorsi_comparison_endpoint" time="0.139" /><testcase classname="backend.tests.test_dorsi_innovations_iter93.TestDorsiInnovations" name="test_dorsi_correlations_endpoint" time="0.134" /><testcase classname="backend.tests.test_dorsi_innovations_iter93.TestDorsiInnovations" name="test_dorsi_guided_instructions_respiration" time="0.106" /><testcase classname="backend.tests.test_dorsi_innovations_iter93.TestDorsiInnovations" name="test_dorsi_guided_instructions_moutons" time="0.099" /><testcase classname="backend.tests.test_dorsi_innovations_iter93.TestDorsiInnovations" name="test_dorsi_guided_instructions_unknown_game" time="0.107" /><testcase classname="backend.tests.test_dorsi_innovations_iter93.TestDorsiInnovations" name="test_dorsi_guided_tts_endpoint" time="2.119" /><testcase classname="backend.tests.test_dorsi_innovations_iter93.TestDorsiInnovations" name="test_dorsi_guided_tts_empty_text" time="0.102" /><testcase classname="backend.tests.test_dorsi_innovations_iter93.TestDorsiInnovations" name="test_dorsi_adaptive_program_endpoint" time="27.142" /><testcase classname="backend.tests.test_dorsi_innovations_iter93.TestDorsiIndexValidation" name="test_dorsi_index_score_breakdown_adds_up" time="0.479" /></testsuite></testsuites>