<?xml version="1.0" encoding="utf-8"?><testsuites name="pytest tests"><testsuite name="pytest" errors="0" failures="0" skipped="0" tests="8" time="1.919" timestamp="2026-04-01T11:57:01.744270+00:00" hostname="agent-env-fb335b72-f23f-4311-88cf-a163c0a3604d"><testcase classname="backend.tests.test_iteration195_features.TestBeneficiaryTodayExercises" name="test_today_exercises_returns_list" time="0.699" /><testcase classname="backend.tests.test_iteration195_features.TestBeneficiaryTodayExercises" name="test_exercises_have_merged_template_data" time="0.111" /><testcase classname="backend.tests.test_iteration195_features.TestBeneficiaryTodayExercises" name="test_calendar_dynamic_data_different_dates" time="0.303" /><testcase classname="backend.tests.test_iteration195_features.TestAssignedExerciseDetail" name="test_squat_exercise_detail" time="0.109" /><testcase classname="backend.tests.test_iteration195_features.TestAssignedExerciseDetail" name="test_exercise_detail_has_template_fields" time="0.101" /><testcase classname="backend.tests.test_iteration195_features.TestWeightSaveAndRefresh" name="test_save_weight_endpoint" time="0.360" /><testcase classname="backend.tests.test_iteration195_features.TestExerciseTemplates" name="test_exercise_library_has_images" time="0.102" /><testcase classname="backend.tests.test_iteration195_features.TestExerciseDetailPageConsistency" name="test_assigned_exercise_detail_endpoint" time="0.099" /></testsuite></testsuites>