<?xml version="1.0" encoding="utf-8"?><testsuites name="pytest tests"><testsuite name="pytest" errors="0" failures="0" skipped="0" tests="7" time="3.118" timestamp="2026-03-25T09:52:25.474963+00:00" hostname="agent-env-68251ebe-71d2-4298-9964-b1aaa59c0d18"><testcase classname="tests.test_guardian_features.TestGuardianAuth" name="test_coach_login" time="0.554" /><testcase classname="tests.test_guardian_features.TestGuardianAuth" name="test_saad_guardian_login" time="0.331" /><testcase classname="tests.test_guardian_features.TestGuardianAuth" name="test_standard_guardian_login" time="0.322" /><testcase classname="tests.test_guardian_features.TestProMessaging" name="test_get_conversations" time="0.478" /><testcase classname="tests.test_guardian_features.TestProMessaging" name="test_get_messages" time="0.531" /><testcase classname="tests.test_guardian_features.TestPaymentDashboard" name="test_payment_dashboard" time="0.453" /><testcase classname="tests.test_guardian_features.TestAlerts" name="test_get_alerts" time="0.421" /></testsuite></testsuites>