<?xml version="1.0" encoding="utf-8"?><testsuites name="pytest tests"><testsuite name="pytest" errors="0" failures="0" skipped="4" tests="17" time="9.089" timestamp="2026-02-24T17:50:27.432101+00:00" hostname="agent-env-d2fc2378-d654-469a-9670-2aaa339630f5"><testcase classname="tests.test_iteration54_admin_new_endpoints.TestAdminNewEndpoints" name="test_admin_rgpd_requests_list" time="0.602" /><testcase classname="tests.test_iteration54_admin_new_endpoints.TestAdminNewEndpoints" name="test_admin_rgpd_requests_requires_auth" time="0.524" /><testcase classname="tests.test_iteration54_admin_new_endpoints.TestAdminNewEndpoints" name="test_admin_emails_list" time="0.555" /><testcase classname="tests.test_iteration54_admin_new_endpoints.TestAdminNewEndpoints" name="test_admin_emails_requires_auth" time="0.532" /><testcase classname="tests.test_iteration54_admin_new_endpoints.TestAdminNewEndpoints" name="test_admin_user_update" time="0.841" /><testcase classname="tests.test_iteration54_admin_new_endpoints.TestAdminNewEndpoints" name="test_admin_user_update_requires_auth" time="0.807" /><testcase classname="tests.test_iteration54_admin_new_endpoints.TestAdminNewEndpoints" name="test_admin_user_update_no_empty_fields" time="0.839" /><testcase classname="tests.test_iteration54_admin_new_endpoints.TestAdminNewEndpoints" name="test_admin_user_delete_and_recreate" time="0.628"><skipped type="pytest.skip" message="Could not create or find test user for deletion">/app/backend/tests/test_iteration54_admin_new_endpoints.py:151: Could not create or find test user for deletion</skipped></testcase><testcase classname="tests.test_iteration54_admin_new_endpoints.TestAdminNewEndpoints" name="test_admin_cannot_delete_self" time="0.558" /><testcase classname="tests.test_iteration54_admin_new_endpoints.TestAdminNewEndpoints" name="test_admin_subscriptions_list" time="0.479" /><testcase classname="tests.test_iteration54_admin_new_endpoints.TestAdminNewEndpoints" name="test_admin_subscription_create_and_delete" time="0.661" /><testcase classname="tests.test_iteration54_admin_new_endpoints.TestAdminNewEndpoints" name="test_backoffice_prescriptions" time="0.495" /><testcase classname="tests.test_iteration54_admin_new_endpoints.TestAdminNewEndpoints" name="test_backoffice_analytics" time="0.487" /><testcase classname="tests.test_iteration54_admin_new_endpoints.TestAdminNewEndpoints" name="test_admin_shopify_status" time="0.497" /><testcase classname="tests.test_iteration54_admin_new_endpoints.TestNonAdminAccess" name="test_non_admin_cannot_access_rgpd_requests" time="0.154"><skipped type="pytest.skip" message="Could not login as non-admin user">/app/backend/tests/test_iteration54_admin_new_endpoints.py:255: Could not login as non-admin user</skipped></testcase><testcase classname="tests.test_iteration54_admin_new_endpoints.TestNonAdminAccess" name="test_non_admin_cannot_access_emails" time="0.266"><skipped type="pytest.skip" message="Could not login as non-admin user">/app/backend/tests/test_iteration54_admin_new_endpoints.py:261: Could not login as non-admin user</skipped></testcase><testcase classname="tests.test_iteration54_admin_new_endpoints.TestNonAdminAccess" name="test_non_admin_cannot_delete_user" time="0.127"><skipped type="pytest.skip" message="Could not login as non-admin user">/app/backend/tests/test_iteration54_admin_new_endpoints.py:267: Could not login as non-admin user</skipped></testcase></testsuite></testsuites>