<?xml version="1.0" encoding="utf-8"?><testsuites name="pytest tests"><testsuite name="pytest" errors="0" failures="0" skipped="0" tests="10" time="5.379" timestamp="2026-03-25T16:26:46.761718+00:00" hostname="agent-env-b4ad3be1-418d-44fd-b5d8-2f2333f10eb1"><testcase classname="backend.tests.test_assign_exercise_iteration169.TestAssignExerciseAPI" name="test_01_get_exercise_templates" time="0.547" /><testcase classname="backend.tests.test_assign_exercise_iteration169.TestAssignExerciseAPI" name="test_02_get_assigned_exercises_for_josette" time="0.458" /><testcase classname="backend.tests.test_assign_exercise_iteration169.TestAssignExerciseAPI" name="test_03_assign_new_exercise" time="0.633" /><testcase classname="backend.tests.test_assign_exercise_iteration169.TestAssignExerciseAPI" name="test_04_verify_assignment_persisted" time="0.503" /><testcase classname="backend.tests.test_assign_exercise_iteration169.TestAssignExerciseAPI" name="test_05_get_beneficiary_today_exercises" time="0.438" /><testcase classname="backend.tests.test_assign_exercise_iteration169.TestAssignExerciseAPI" name="test_06_delete_assigned_exercise" time="0.779" /><testcase classname="backend.tests.test_assign_exercise_iteration169.TestAssignExerciseAPI" name="test_07_complete_exercise" time="0.603" /><testcase classname="backend.tests.test_assign_exercise_iteration169.TestProSpaceNoPrograms" name="test_exercise_templates_endpoint_exists" time="0.468" /><testcase classname="backend.tests.test_assign_exercise_iteration169.TestProSpaceNoPrograms" name="test_reminder_templates_endpoint_exists" time="0.453" /><testcase classname="backend.tests.test_assign_exercise_iteration169.TestProSpaceNoPrograms" name="test_meal_templates_endpoint_exists" time="0.462" /></testsuite></testsuites>