<?xml version="1.0" encoding="utf-8"?><testsuites name="pytest tests"><testsuite name="pytest" errors="0" failures="0" skipped="5" tests="9" time="4.941" timestamp="2026-04-01T08:12:28.551271+00:00" hostname="agent-env-cf640284-434d-4b6b-85ba-93252226da05"><testcase classname="backend.tests.test_validation_system_iteration190.TestValidationSystem" name="test_meal_completion_with_pain_and_notes" time="0.654"><skipped type="pytest.skip" message="No assigned meals for today - cannot test completion">/app/backend/tests/test_validation_system_iteration190.py:70: No assigned meals for today - cannot test completion</skipped></testcase><testcase classname="backend.tests.test_validation_system_iteration190.TestValidationSystem" name="test_reminder_completion_with_pain_and_notes" time="0.504" /><testcase classname="backend.tests.test_validation_system_iteration190.TestValidationSystem" name="test_assigned_reminder_detail_with_completions" time="0.500" /><testcase classname="backend.tests.test_validation_system_iteration190.TestValidationSystem" name="test_beneficiary_today_reminders_completed_today_field" time="0.509" /><testcase classname="backend.tests.test_validation_system_iteration190.TestValidationSystem" name="test_beneficiary_today_meals_completed_today_field" time="0.442"><skipped type="pytest.skip" message="No assigned meals for today">/app/backend/tests/test_validation_system_iteration190.py:228: No assigned meals for today</skipped></testcase><testcase classname="backend.tests.test_validation_system_iteration190.TestValidationSystem" name="test_meal_completion_partial_status" time="0.493"><skipped type="pytest.skip" message="No assigned meals for today">/app/backend/tests/test_validation_system_iteration190.py:255: No assigned meals for today</skipped></testcase><testcase classname="backend.tests.test_validation_system_iteration190.TestValidationSystem" name="test_reminder_completion_skipped_status" time="0.509" /><testcase classname="backend.tests.test_validation_system_iteration190.TestValidationSystem" name="test_completion_without_pain_level" time="0.769"><skipped type="pytest.skip" message="No assigned meals for today">/app/backend/tests/test_validation_system_iteration190.py:327: No assigned meals for today</skipped></testcase><testcase classname="backend.tests.test_validation_system_iteration190.TestAssignedMealDetail" name="test_assigned_meal_detail_endpoint" time="0.517"><skipped type="pytest.skip" message="No assigned meals for today">/app/backend/tests/test_validation_system_iteration190.py:378: No assigned meals for today</skipped></testcase></testsuite></testsuites>