<?xml version="1.0" encoding="utf-8"?><testsuites name="pytest tests"><testsuite name="pytest" errors="0" failures="0" skipped="0" tests="24" time="14.938" timestamp="2026-03-24T22:16:35.103391+00:00" hostname="agent-env-eb09795a-d5b3-477a-a3f4-434848119493"><testcase classname="backend.tests.test_pro_phase3_features.TestProReminders" name="test_create_medication_reminder" time="0.713" /><testcase classname="backend.tests.test_pro_phase3_features.TestProReminders" name="test_create_hydration_reminder" time="0.469" /><testcase classname="backend.tests.test_pro_phase3_features.TestProReminders" name="test_create_reminder_invalid_type" time="0.548" /><testcase classname="backend.tests.test_pro_phase3_features.TestProReminders" name="test_list_pro_reminders" time="0.601" /><testcase classname="backend.tests.test_pro_phase3_features.TestProReminders" name="test_delete_pro_reminder" time="0.777" /><testcase classname="backend.tests.test_pro_phase3_features.TestProReminders" name="test_delete_nonexistent_reminder" time="0.422" /><testcase classname="backend.tests.test_pro_phase3_features.TestProMeals" name="test_get_beneficiary_meals" time="0.448" /><testcase classname="backend.tests.test_pro_phase3_features.TestProMeals" name="test_add_meal" time="0.477" /><testcase classname="backend.tests.test_pro_phase3_features.TestProMeals" name="test_add_breakfast_meal" time="0.435" /><testcase classname="backend.tests.test_pro_phase3_features.TestProMeals" name="test_delete_meal_by_index" time="0.706" /><testcase classname="backend.tests.test_pro_phase3_features.TestProMeals" name="test_delete_meal_invalid_index" time="0.469" /><testcase classname="backend.tests.test_pro_phase3_features.TestProMeals" name="test_meals_requires_linked_beneficiary" time="0.481" /><testcase classname="backend.tests.test_pro_phase3_features.TestBeneficiaryPrograms" name="test_has_active_programs" time="0.548" /><testcase classname="backend.tests.test_pro_phase3_features.TestBeneficiaryPrograms" name="test_get_my_programs" time="0.520" /><testcase classname="backend.tests.test_pro_phase3_features.TestSessionCompletion" name="test_complete_session_done" time="1.236" /><testcase classname="backend.tests.test_pro_phase3_features.TestSessionCompletion" name="test_complete_session_partial" time="1.380" /><testcase classname="backend.tests.test_pro_phase3_features.TestSessionCompletion" name="test_complete_session_skipped" time="1.284" /><testcase classname="backend.tests.test_pro_phase3_features.TestSessionCompletion" name="test_complete_nonexistent_program" time="0.540" /><testcase classname="backend.tests.test_pro_phase3_features.TestBilans" name="test_generate_weekly_bilan" time="0.448" /><testcase classname="backend.tests.test_pro_phase3_features.TestBilans" name="test_generate_monthly_bilan" time="0.476" /><testcase classname="backend.tests.test_pro_phase3_features.TestBilans" name="test_bilan_nonexistent_beneficiary" time="0.486" /><testcase classname="backend.tests.test_pro_phase3_features.TestBilans" name="test_bilan_requires_auth" time="0.107" /><testcase classname="backend.tests.test_pro_phase3_features.TestCleanup" name="test_cleanup_test_reminders" time="0.860" /><testcase classname="backend.tests.test_pro_phase3_features.TestCleanup" name="test_cleanup_test_programs" time="0.438" /></testsuite></testsuites>