<?xml version="1.0" encoding="utf-8"?><testsuites name="pytest tests"><testsuite name="pytest" errors="0" failures="0" skipped="15" tests="16" time="3.700" timestamp="2026-02-24T15:00:39.148286+00:00" hostname="agent-env-d2fc2378-d654-469a-9670-2aaa339630f5"><testcase classname="tests.test_iteration50_rgpd.TestRGPDCompliance" name="test_security_headers_present" time="0.567"><skipped type="pytest.skip" message="Login failed: 404">/app/backend/tests/test_iteration50_rgpd.py:37: Login failed: 404</skipped></testcase><testcase classname="tests.test_iteration50_rgpd.TestRGPDCompliance" name="test_get_privacy_policy" time="0.144"><skipped type="pytest.skip" message="Login failed: 404">/app/backend/tests/test_iteration50_rgpd.py:50: Login failed: 404</skipped></testcase><testcase classname="tests.test_iteration50_rgpd.TestRGPDCompliance" name="test_get_cgu" time="0.159"><skipped type="pytest.skip" message="Login failed: 404">/app/backend/tests/test_iteration50_rgpd.py:63: Login failed: 404</skipped></testcase><testcase classname="tests.test_iteration50_rgpd.TestRGPDCompliance" name="test_get_legal_mentions" time="0.195"><skipped type="pytest.skip" message="Login failed: 404">/app/backend/tests/test_iteration50_rgpd.py:75: Login failed: 404</skipped></testcase><testcase classname="tests.test_iteration50_rgpd.TestRGPDCompliance" name="test_rgpd_request_access" time="0.194"><skipped type="pytest.skip" message="Login failed: 404">/app/backend/tests/test_iteration50_rgpd.py:88: Login failed: 404</skipped></testcase><testcase classname="tests.test_iteration50_rgpd.TestRGPDCompliance" name="test_rgpd_request_deletion" time="0.167"><skipped type="pytest.skip" message="Login failed: 404">/app/backend/tests/test_iteration50_rgpd.py:102: Login failed: 404</skipped></testcase><testcase classname="tests.test_iteration50_rgpd.TestRGPDCompliance" name="test_rgpd_request_opposition" time="0.118"><skipped type="pytest.skip" message="Login failed: 404">/app/backend/tests/test_iteration50_rgpd.py:115: Login failed: 404</skipped></testcase><testcase classname="tests.test_iteration50_rgpd.TestRGPDCompliance" name="test_rgpd_request_portability" time="0.173"><skipped type="pytest.skip" message="Login failed: 404">/app/backend/tests/test_iteration50_rgpd.py:128: Login failed: 404</skipped></testcase><testcase classname="tests.test_iteration50_rgpd.TestRGPDCompliance" name="test_get_rgpd_requests" time="0.185"><skipped type="pytest.skip" message="Login failed: 404">/app/backend/tests/test_iteration50_rgpd.py:141: Login failed: 404</skipped></testcase><testcase classname="tests.test_iteration50_rgpd.TestRGPDCompliance" name="test_consent_update_privacy_policy" time="0.179"><skipped type="pytest.skip" message="Login failed: 404">/app/backend/tests/test_iteration50_rgpd.py:164: Login failed: 404</skipped></testcase><testcase classname="tests.test_iteration50_rgpd.TestRGPDCompliance" name="test_consent_update_cgu" time="0.247"><skipped type="pytest.skip" message="Login failed: 404">/app/backend/tests/test_iteration50_rgpd.py:176: Login failed: 404</skipped></testcase><testcase classname="tests.test_iteration50_rgpd.TestRGPDCompliance" name="test_consent_update_health_data" time="0.302"><skipped type="pytest.skip" message="Login failed: 404">/app/backend/tests/test_iteration50_rgpd.py:188: Login failed: 404</skipped></testcase><testcase classname="tests.test_iteration50_rgpd.TestRGPDCompliance" name="test_get_consent_status" time="0.155"><skipped type="pytest.skip" message="Login failed: 404">/app/backend/tests/test_iteration50_rgpd.py:200: Login failed: 404</skipped></testcase><testcase classname="tests.test_iteration50_rgpd.TestRGPDCompliance" name="test_rgpd_request_requires_auth" time="0.319"><skipped type="pytest.skip" message="Login failed: 404">/app/backend/tests/test_iteration50_rgpd.py:225: Login failed: 404</skipped></testcase><testcase classname="tests.test_iteration50_rgpd.TestRGPDCompliance" name="test_consent_update_requires_auth" time="0.216"><skipped type="pytest.skip" message="Login failed: 404">/app/backend/tests/test_iteration50_rgpd.py:240: Login failed: 404</skipped></testcase><testcase classname="tests.test_iteration50_rgpd.TestSecurityHeadersWithoutAuth" name="test_security_headers_on_legal_endpoints" time="0.331" /></testsuite></testsuites>