<?xml version="1.0" encoding="utf-8"?><testsuites name="pytest tests"><testsuite name="pytest" errors="0" failures="0" skipped="0" tests="17" time="2.692" timestamp="2026-02-11T07:52:40.846837+00:00" hostname="agent-env-2b60d74c-a77c-46ae-862b-a708169a7d75"><testcase classname="tests.test_iteration10_new_endpoints.TestNewEndpointsIteration10" name="test_alert_detail_success" time="0.422" /><testcase classname="tests.test_iteration10_new_endpoints.TestNewEndpointsIteration10" name="test_alert_detail_not_found" time="0.044" /><testcase classname="tests.test_iteration10_new_endpoints.TestNewEndpointsIteration10" name="test_alert_detail_unauthorized" time="0.040" /><testcase classname="tests.test_iteration10_new_endpoints.TestNewEndpointsIteration10" name="test_subscriber_detail_success" time="0.087" /><testcase classname="tests.test_iteration10_new_endpoints.TestNewEndpointsIteration10" name="test_subscriber_detail_not_found" time="0.040" /><testcase classname="tests.test_iteration10_new_endpoints.TestNewEndpointsIteration10" name="test_subscriber_detail_unauthorized" time="0.042" /><testcase classname="tests.test_iteration10_new_endpoints.TestNewEndpointsIteration10" name="test_twilio_call_guardian_endpoint_exists" time="0.079" /><testcase classname="tests.test_iteration10_new_endpoints.TestNewEndpointsIteration10" name="test_twilio_call_guardian_no_phone" time="0.081" /><testcase classname="tests.test_iteration10_new_endpoints.TestNewEndpointsIteration10" name="test_twilio_call_guardian_unauthorized" time="0.042" /><testcase classname="tests.test_iteration10_new_endpoints.TestExistingEndpointsStillWork" name="test_login_beneficiary" time="0.263" /><testcase classname="tests.test_iteration10_new_endpoints.TestExistingEndpointsStillWork" name="test_login_guardian" time="0.262" /><testcase classname="tests.test_iteration10_new_endpoints.TestExistingEndpointsStillWork" name="test_login_admin" time="0.261" /><testcase classname="tests.test_iteration10_new_endpoints.TestExistingEndpointsStillWork" name="test_login_teleassistance" time="0.300" /><testcase classname="tests.test_iteration10_new_endpoints.TestExistingEndpointsStillWork" name="test_alerts_endpoint" time="0.292" /><testcase classname="tests.test_iteration10_new_endpoints.TestExistingEndpointsStillWork" name="test_backoffice_stats" time="0.049" /><testcase classname="tests.test_iteration10_new_endpoints.TestExistingEndpointsStillWork" name="test_guardian_beneficiaries" time="0.298" /><testcase classname="tests.test_iteration10_new_endpoints.TestExistingEndpointsStillWork" name="test_activation_codes_list" time="0.036" /></testsuite></testsuites>