<?xml version="1.0" encoding="utf-8"?><testsuites name="pytest tests"><testsuite name="pytest" errors="0" failures="0" skipped="0" tests="12" time="3.653" timestamp="2026-02-20T22:43:33.248430+00:00" hostname="agent-env-bc7d41df-eb5a-41aa-8b06-c47c2f8df32f"><testcase classname="backend.tests.test_iteration38_dashboard_header.TestHealthSummaryEndpoint" name="test_health_summary_returns_200" time="0.598" /><testcase classname="backend.tests.test_iteration38_dashboard_header.TestHealthSummaryEndpoint" name="test_health_summary_contains_summary_sentence" time="0.157" /><testcase classname="backend.tests.test_iteration38_dashboard_header.TestHealthSummaryEndpoint" name="test_health_summary_contains_recommendation" time="0.161" /><testcase classname="backend.tests.test_iteration38_dashboard_header.TestHealthSummaryEndpoint" name="test_health_summary_contains_score" time="0.188" /><testcase classname="backend.tests.test_iteration38_dashboard_header.TestHealthSummaryEndpoint" name="test_health_summary_contains_status" time="0.137" /><testcase classname="backend.tests.test_iteration38_dashboard_header.TestHealthSummaryEndpoint" name="test_health_summary_contains_generated_at" time="0.157" /><testcase classname="backend.tests.test_iteration38_dashboard_header.TestHealthSummaryEndpoint" name="test_health_summary_caching" time="0.250" /><testcase classname="backend.tests.test_iteration38_dashboard_header.TestGuardianActivation" name="test_activate_guardian_endpoint_exists" time="0.460" /><testcase classname="backend.tests.test_iteration38_dashboard_header.TestRoleSwitching" name="test_switch_to_guardian_role" time="0.472" /><testcase classname="backend.tests.test_iteration38_dashboard_header.TestRoleSwitching" name="test_switch_back_to_beneficiary_role" time="0.128" /><testcase classname="backend.tests.test_iteration38_dashboard_header.TestBeneficiaryLogin" name="test_login_with_phone" time="0.563" /><testcase classname="backend.tests.test_iteration38_dashboard_header.TestBeneficiaryLogin" name="test_login_with_email" time="0.349" /></testsuite></testsuites>