<?xml version="1.0" encoding="utf-8"?><testsuites name="pytest tests"><testsuite name="pytest" errors="0" failures="0" skipped="0" tests="20" time="7.601" timestamp="2026-02-09T11:39:19.065656+00:00" hostname="agent-env-f492b27d-705e-4e22-904a-c3032a997ff4"><testcase classname="tests.test_new_features.TestHealthData" name="test_get_health_history_heart_rate" time="0.348" /><testcase classname="tests.test_new_features.TestHealthData" name="test_get_health_history_weight" time="0.321" /><testcase classname="tests.test_new_features.TestHealthData" name="test_get_health_history_invalid_metric" time="0.343" /><testcase classname="tests.test_new_features.TestHealthData" name="test_set_threshold" time="0.328" /><testcase classname="tests.test_new_features.TestHealthData" name="test_get_all_thresholds" time="0.270" /><testcase classname="tests.test_new_features.TestHealthData" name="test_get_threshold_nonexistent" time="0.275" /><testcase classname="tests.test_new_features.TestAIMetricAdvice" name="test_get_metric_advice" time="2.882" /><testcase classname="tests.test_new_features.TestLocation" name="test_update_location" time="0.274" /><testcase classname="tests.test_new_features.TestLocation" name="test_get_own_location" time="0.333" /><testcase classname="tests.test_new_features.TestLocation" name="test_update_location_sharing" time="0.411" /><testcase classname="tests.test_new_features.TestTeleconsultation" name="test_get_questions" time="0.031" /><testcase classname="tests.test_new_features.TestTeleconsultation" name="test_submit_teleconsult" time="0.285" /><testcase classname="tests.test_new_features.TestInterventions" name="test_create_intervention" time="0.288" /><testcase classname="tests.test_new_features.TestInterventions" name="test_get_interventions" time="0.311" /><testcase classname="tests.test_new_features.TestInterventions" name="test_get_intervention_detail" time="0.341" /><testcase classname="tests.test_new_features.TestInterventions" name="test_update_intervention" time="0.337" /><testcase classname="tests.test_new_features.TestBackoffice" name="test_get_stats" time="0.040" /><testcase classname="tests.test_new_features.TestBackoffice" name="test_get_all_users" time="0.035" /><testcase classname="tests.test_new_features.TestBackoffice" name="test_get_all_alerts" time="0.033" /><testcase classname="tests.test_new_features.TestBackoffice" name="test_get_all_interventions" time="0.034" /></testsuite></testsuites>