<?xml version="1.0" encoding="utf-8"?><testsuites name="pytest tests"><testsuite name="pytest" errors="0" failures="0" skipped="0" tests="13" time="5.898" timestamp="2026-03-09T10:27:59.011449+00:00" hostname="agent-env-86305700-d747-4167-8cc1-5ef2fc294605"><testcase classname="backend.tests.test_minceur_meal_detail_iter96.TestMinceurMealDetailFeatures" name="test_weight_details_returns_profile_allergies" time="0.483" /><testcase classname="backend.tests.test_minceur_meal_detail_iter96.TestMinceurMealDetailFeatures" name="test_weight_details_profile_structure" time="0.426" /><testcase classname="backend.tests.test_minceur_meal_detail_iter96.TestMinceurMealDetailFeatures" name="test_weight_details_meals_have_ingredients" time="0.498" /><testcase classname="backend.tests.test_minceur_meal_detail_iter96.TestMinceurMealDetailFeatures" name="test_weight_details_meals_have_recipe_steps" time="0.490" /><testcase classname="backend.tests.test_minceur_meal_detail_iter96.TestMinceurMealDetailFeatures" name="test_weight_details_meals_have_macros" time="0.414" /><testcase classname="backend.tests.test_minceur_meal_detail_iter96.TestMinceurMealDetailFeatures" name="test_weight_details_meals_have_prep_time" time="0.385" /><testcase classname="backend.tests.test_minceur_meal_detail_iter96.TestMinceurMealDetailFeatures" name="test_weight_details_meals_structure" time="0.435" /><testcase classname="backend.tests.test_minceur_meal_detail_iter96.TestMinceurMealDetailFeatures" name="test_weight_details_returns_200" time="0.445" /><testcase classname="backend.tests.test_minceur_meal_detail_iter96.TestMinceurMealDetailFeatures" name="test_weight_details_has_recommendations" time="0.488" /><testcase classname="backend.tests.test_minceur_meal_detail_iter96.TestMinceurMealDetailFeatures" name="test_track_meal_for_detail_page" time="0.390" /><testcase classname="backend.tests.test_minceur_meal_detail_iter96.TestMinceurMealDetailFeatures" name="test_track_meal_toggle" time="0.481" /><testcase classname="backend.tests.test_minceur_meal_detail_iter96.TestMinceurMealDetailFeatures" name="test_profile_allergies_is_string" time="0.455" /><testcase classname="backend.tests.test_minceur_meal_detail_iter96.TestMinceurRefreshRecommendations" name="test_refresh_recommendations_endpoint" time="0.465" /></testsuite></testsuites>