<?xml version="1.0" encoding="utf-8"?><testsuites name="pytest tests"><testsuite name="pytest" errors="0" failures="1" skipped="0" tests="23" time="3.414" timestamp="2026-02-09T20:56:04.746494+00:00" hostname="agent-env-35dd4a61-112e-493b-9210-2a12f7d105ff"><testcase classname="backend.tests.test_iteration7_crud.TestAdminActivationCodes" name="test_create_activation_code_with_company_info" time="0.380" /><testcase classname="backend.tests.test_iteration7_crud.TestAdminActivationCodes" name="test_get_activation_codes" time="0.042" /><testcase classname="backend.tests.test_iteration7_crud.TestAdminActivationCodes" name="test_update_activation_code" time="0.080" /><testcase classname="backend.tests.test_iteration7_crud.TestAdminActivationCodes" name="test_toggle_activation_code" time="0.080" /><testcase classname="backend.tests.test_iteration7_crud.TestAdminActivationCodes" name="test_delete_activation_code" time="0.039" /><testcase classname="backend.tests.test_iteration7_crud.TestAdminInterventionCodes" name="test_create_intervention_code_with_radius" time="0.337" /><testcase classname="backend.tests.test_iteration7_crud.TestAdminInterventionCodes" name="test_get_intervention_codes" time="0.035" /><testcase classname="backend.tests.test_iteration7_crud.TestAdminInterventionCodes" name="test_get_intervention_providers" time="0.039"><failure message="AssertionError: Get providers failed: {&quot;detail&quot;:&quot;Not Found&quot;}&#10;assert 404 == 200&#10; +  where 404 = &lt;Response [404]&gt;.status_code">backend/tests/test_iteration7_crud.py:226: in test_get_intervention_providers
    assert response.status_code == 200, f"Get providers failed: {response.text}"
E   AssertionError: Get providers failed: {"detail":"Not Found"}
E   assert 404 == 200
E    +  where 404 = &lt;Response [404]&gt;.status_code</failure></testcase><testcase classname="backend.tests.test_iteration7_crud.TestAdminInterventionCodes" name="test_toggle_intervention_code" time="0.111" /><testcase classname="backend.tests.test_iteration7_crud.TestAdminInterventionCodes" name="test_delete_intervention_code" time="0.043" /><testcase classname="backend.tests.test_iteration7_crud.TestEscalationTakeoverResolve" name="test_get_escalations" time="0.294" /><testcase classname="backend.tests.test_iteration7_crud.TestEscalationTakeoverResolve" name="test_takeover_escalation_not_found" time="0.034" /><testcase classname="backend.tests.test_iteration7_crud.TestEscalationTakeoverResolve" name="test_resolve_escalation_not_found" time="0.037" /><testcase classname="backend.tests.test_iteration7_crud.TestAdminAccessControl" name="test_beneficiary_cannot_access_activation_codes" time="0.299" /><testcase classname="backend.tests.test_iteration7_crud.TestAdminAccessControl" name="test_beneficiary_cannot_create_activation_code" time="0.036" /><testcase classname="backend.tests.test_iteration7_crud.TestAdminAccessControl" name="test_beneficiary_cannot_access_intervention_codes" time="0.033" /><testcase classname="backend.tests.test_iteration7_crud.TestBackofficeEndpoints" name="test_backoffice_stats" time="0.303" /><testcase classname="backend.tests.test_iteration7_crud.TestBackofficeEndpoints" name="test_backoffice_kpi" time="0.053" /><testcase classname="backend.tests.test_iteration7_crud.TestBackofficeEndpoints" name="test_backoffice_prescriptions" time="0.035" /><testcase classname="backend.tests.test_iteration7_crud.TestExistingAuthFlows" name="test_beneficiary_login" time="0.257" /><testcase classname="backend.tests.test_iteration7_crud.TestExistingAuthFlows" name="test_guardian_login" time="0.257" /><testcase classname="backend.tests.test_iteration7_crud.TestExistingAuthFlows" name="test_teleassistance_login" time="0.258" /><testcase classname="backend.tests.test_iteration7_crud.TestExistingAuthFlows" name="test_admin_login" time="0.255" /></testsuite></testsuites>