<?xml version="1.0" encoding="utf-8"?><testsuites name="pytest tests"><testsuite name="pytest" errors="0" failures="0" skipped="0" tests="14" time="4.468" timestamp="2026-02-11T16:05:42.883524+00:00" hostname="agent-env-8812a844-4767-4623-85c5-fbd0dd7734c2"><testcase classname="tests.test_subscription_system.TestBeneficiarySubscription" name="test_get_my_subscription_robert_martin" time="0.323" /><testcase classname="tests.test_subscription_system.TestSubscriptionCheck" name="test_check_subscription_for_beneficiary" time="0.499" /><testcase classname="tests.test_subscription_system.TestSubscriptionCheck" name="test_check_subscription_invalid_user" time="0.272" /><testcase classname="tests.test_subscription_system.TestAdminSubscriptionManagement" name="test_admin_list_subscriptions" time="0.277" /><testcase classname="tests.test_subscription_system.TestAdminSubscriptionManagement" name="test_admin_create_subscription" time="0.273" /><testcase classname="tests.test_subscription_system.TestAdminSubscriptionManagement" name="test_admin_update_subscription" time="0.385" /><testcase classname="tests.test_subscription_system.TestAdminSubscriptionManagement" name="test_admin_delete_subscription" time="0.330" /><testcase classname="tests.test_subscription_system.TestAdminSubscriptionManagement" name="test_guardian_cannot_manage_subscriptions" time="0.303" /><testcase classname="tests.test_subscription_system.TestShopifySync" name="test_shopify_sync_without_token" time="0.301" /><testcase classname="tests.test_subscription_system.TestBraceletSubscriptionRequirement" name="test_bracelet_sync_with_subscription" time="0.312" /><testcase classname="tests.test_subscription_system.TestBraceletSubscriptionRequirement" name="test_vest_sync_no_subscription_needed" time="0.268" /><testcase classname="tests.test_subscription_system.TestBraceletSubscriptionRequirement" name="test_scale_sync_no_subscription_needed" time="0.264" /><testcase classname="tests.test_subscription_system.TestBackofficeStats" name="test_stats_include_subscription_counts" time="0.265" /><testcase classname="tests.test_subscription_system.TestSubscriptionUpgrade" name="test_upgrade_standard_to_care" time="0.342" /></testsuite></testsuites>