<?xml version="1.0" encoding="utf-8"?><testsuites name="pytest tests"><testsuite name="pytest" errors="0" failures="0" skipped="0" tests="20" time="7.513" timestamp="2026-03-18T12:48:44.083421+00:00" hostname="agent-env-d7614f3c-8923-43cd-b86f-0a67b3db12de"><testcase classname="backend.tests.test_glycemia_ml_v3.TestGlycemiaMLV3" name="test_glycemia_estimate_returns_ml_v3_response" time="0.580" /><testcase classname="backend.tests.test_glycemia_ml_v3.TestGlycemiaMLV3" name="test_glycemia_estimate_zone_classification" time="0.453" /><testcase classname="backend.tests.test_glycemia_ml_v3.TestGlycemiaMLV3" name="test_glycemia_estimate_factors_content" time="0.447" /><testcase classname="backend.tests.test_glycemia_ml_v3.TestGlycemiaMLV3" name="test_ml_status_returns_model_info" time="0.388" /><testcase classname="backend.tests.test_glycemia_ml_v3.TestGlycemiaMLV3" name="test_ml_status_feature_importances" time="0.393" /><testcase classname="backend.tests.test_glycemia_ml_v3.TestGlycemiaMLV3" name="test_ml_status_three_levels" time="0.444" /><testcase classname="backend.tests.test_glycemia_ml_v3.TestGlycemiaMLV3" name="test_ml_status_personal_model_info" time="0.471" /><testcase classname="backend.tests.test_glycemia_ml_v3.TestGlycemiaMLV3" name="test_calibrate_accepts_valid_data" time="0.459" /><testcase classname="backend.tests.test_glycemia_ml_v3.TestGlycemiaMLV3" name="test_calibrate_rejects_invalid_value" time="0.394" /><testcase classname="backend.tests.test_glycemia_ml_v3.TestGlycemiaMLV3" name="test_calibrate_rejects_zero_value" time="0.379" /><testcase classname="backend.tests.test_glycemia_ml_v3.TestGlycemiaMLV3" name="test_calibrations_returns_history" time="0.412" /><testcase classname="backend.tests.test_glycemia_ml_v3.TestGlycemiaMLV3" name="test_trend_returns_data" time="0.377" /><testcase classname="backend.tests.test_glycemia_ml_v3.TestGlycemiaMLV3" name="test_trend_history_structure" time="0.435" /><testcase classname="backend.tests.test_glycemia_ml_v3.TestMLModelFile" name="test_model_file_exists" time="0.000" /><testcase classname="backend.tests.test_glycemia_ml_v3.TestMLModelFile" name="test_model_file_loadable" time="1.189" /><testcase classname="backend.tests.test_glycemia_ml_v3.TestGlycemiaEndpointsWithoutAuth" name="test_estimate_requires_auth" time="0.121" /><testcase classname="backend.tests.test_glycemia_ml_v3.TestGlycemiaEndpointsWithoutAuth" name="test_ml_status_requires_auth" time="0.133" /><testcase classname="backend.tests.test_glycemia_ml_v3.TestGlycemiaEndpointsWithoutAuth" name="test_calibrate_requires_auth" time="0.105" /><testcase classname="backend.tests.test_glycemia_ml_v3.TestGlycemiaEndpointsWithoutAuth" name="test_calibrations_requires_auth" time="0.160" /><testcase classname="backend.tests.test_glycemia_ml_v3.TestGlycemiaEndpointsWithoutAuth" name="test_trend_requires_auth" time="0.108" /></testsuite></testsuites>