<?xml version="1.0" encoding="utf-8"?><testsuites name="pytest tests"><testsuite name="pytest" errors="0" failures="1" skipped="0" tests="46" time="19.731" timestamp="2026-02-09T11:39:45.361946+00:00" hostname="agent-env-f492b27d-705e-4e22-904a-c3032a997ff4"><testcase classname="tests.test_new_features.TestHealthData" name="test_get_health_history_heart_rate" time="0.353" /><testcase classname="tests.test_new_features.TestHealthData" name="test_get_health_history_weight" time="0.281" /><testcase classname="tests.test_new_features.TestHealthData" name="test_get_health_history_invalid_metric" time="0.270" /><testcase classname="tests.test_new_features.TestHealthData" name="test_set_threshold" time="0.321" /><testcase classname="tests.test_new_features.TestHealthData" name="test_get_all_thresholds" time="0.271" /><testcase classname="tests.test_new_features.TestHealthData" name="test_get_threshold_nonexistent" time="0.264" /><testcase classname="tests.test_new_features.TestAIMetricAdvice" name="test_get_metric_advice" time="2.882" /><testcase classname="tests.test_new_features.TestLocation" name="test_update_location" time="0.318" /><testcase classname="tests.test_new_features.TestLocation" name="test_get_own_location" time="0.298" /><testcase classname="tests.test_new_features.TestLocation" name="test_update_location_sharing" time="0.367" /><testcase classname="tests.test_new_features.TestTeleconsultation" name="test_get_questions" time="0.033" /><testcase classname="tests.test_new_features.TestTeleconsultation" name="test_submit_teleconsult" time="0.276" /><testcase classname="tests.test_new_features.TestInterventions" name="test_create_intervention" time="0.283" /><testcase classname="tests.test_new_features.TestInterventions" name="test_get_interventions" time="0.273" /><testcase classname="tests.test_new_features.TestInterventions" name="test_get_intervention_detail" time="0.372" /><testcase classname="tests.test_new_features.TestInterventions" name="test_update_intervention" time="0.383" /><testcase classname="tests.test_new_features.TestBackoffice" name="test_get_stats" time="0.044" /><testcase classname="tests.test_new_features.TestBackoffice" name="test_get_all_users" time="0.032" /><testcase classname="tests.test_new_features.TestBackoffice" name="test_get_all_alerts" time="0.059" /><testcase classname="tests.test_new_features.TestBackoffice" name="test_get_all_interventions" time="0.037" /><testcase classname="tests.test_vitallink_api.TestAuth" name="test_register_beneficiary" time="0.280" /><testcase classname="tests.test_vitallink_api.TestAuth" name="test_register_guardian" time="0.258" /><testcase classname="tests.test_vitallink_api.TestAuth" name="test_register_duplicate_email" time="0.312" /><testcase classname="tests.test_vitallink_api.TestAuth" name="test_login_success" time="0.257" /><testcase classname="tests.test_vitallink_api.TestAuth" name="test_login_incorrect_password" time="0.257" /><testcase classname="tests.test_vitallink_api.TestAuth" name="test_login_nonexistent_user" time="0.033" /><testcase classname="tests.test_vitallink_api.TestAuth" name="test_get_me_with_valid_token" time="0.301" /><testcase classname="tests.test_vitallink_api.TestAuth" name="test_get_me_without_token" time="0.039" /><testcase classname="tests.test_vitallink_api.TestDevices" name="test_sync_bracelet" time="0.265" /><testcase classname="tests.test_vitallink_api.TestDevices" name="test_sync_scale" time="0.269" /><testcase classname="tests.test_vitallink_api.TestDevices" name="test_sync_vest" time="0.269"><failure message="AssertionError: assert 'posture_score' in {'battery': 21, 'connected': True, 'fall_detected': False}">tests/test_vitallink_api.py:209: in test_sync_vest
    assert "posture_score" in data["data"]
E   AssertionError: assert 'posture_score' in {'battery': 21, 'connected': True, 'fall_detected': False}</failure></testcase><testcase classname="tests.test_vitallink_api.TestDevices" name="test_get_devices" time="0.272" /><testcase classname="tests.test_vitallink_api.TestDevices" name="test_get_latest_readings" time="0.295" /><testcase classname="tests.test_vitallink_api.TestAlerts" name="test_create_sos_alert" time="0.264" /><testcase classname="tests.test_vitallink_api.TestAlerts" name="test_get_alerts" time="0.264" /><testcase classname="tests.test_vitallink_api.TestAlerts" name="test_resolve_alert" time="0.350" /><testcase classname="tests.test_vitallink_api.TestMedications" name="test_create_medication" time="0.268" /><testcase classname="tests.test_vitallink_api.TestMedications" name="test_get_medications" time="0.268" /><testcase classname="tests.test_vitallink_api.TestMedications" name="test_delete_medication" time="0.278" /><testcase classname="tests.test_vitallink_api.TestAI" name="test_ai_recommendations" time="5.733" /><testcase classname="tests.test_vitallink_api.TestAI" name="test_get_latest_recommendation" time="0.288" /><testcase classname="tests.test_vitallink_api.TestGuardian" name="test_link_beneficiary" time="0.275" /><testcase classname="tests.test_vitallink_api.TestGuardian" name="test_get_beneficiaries" time="0.271" /><testcase classname="tests.test_vitallink_api.TestGuardian" name="test_create_prescription" time="0.270" /><testcase classname="tests.test_vitallink_api.TestGuardian" name="test_get_prescriptions" time="0.269" /><testcase classname="tests.test_vitallink_api.TestGuardian" name="test_link_nonexistent_beneficiary" time="0.267" /></testsuite></testsuites>