<?xml version="1.0" encoding="utf-8"?><testsuites name="pytest tests"><testsuite name="pytest" errors="0" failures="0" skipped="0" tests="9" time="1.599" timestamp="2026-03-25T12:55:39.351540+00:00" hostname="agent-env-e2a7f2e5-1509-4b36-b5d3-b0fb8a597f1b"><testcase classname="backend.tests.test_payment_history.TestPaymentHistoryAPI" name="test_payment_history_requires_auth" time="0.212" /><testcase classname="backend.tests.test_payment_history.TestPaymentHistoryAPI" name="test_payment_history_returns_list" time="0.496" /><testcase classname="backend.tests.test_payment_history.TestPaymentHistoryAPI" name="test_payment_history_has_seeded_data" time="0.100" /><testcase classname="backend.tests.test_payment_history.TestPaymentHistoryAPI" name="test_payment_history_item_structure" time="0.104" /><testcase classname="backend.tests.test_payment_history.TestPaymentHistoryExportCSV" name="test_export_requires_auth" time="0.107" /><testcase classname="backend.tests.test_payment_history.TestPaymentHistoryExportCSV" name="test_export_returns_csv" time="0.143" /><testcase classname="backend.tests.test_payment_history.TestPaymentHistoryExportCSV" name="test_export_has_content_disposition" time="0.119" /><testcase classname="backend.tests.test_payment_history.TestPaymentHistoryExportCSV" name="test_export_csv_headers" time="0.191" /><testcase classname="backend.tests.test_payment_history.TestPaymentHistoryExportCSV" name="test_export_csv_data_rows" time="0.101" /></testsuite></testsuites>