<?xml version="1.0" encoding="utf-8"?><testsuites name="pytest tests"><testsuite name="pytest" errors="0" failures="0" skipped="0" tests="16" time="6.671" timestamp="2026-03-01T17:03:22.644463+00:00" hostname="agent-env-bcabd9a2-3bcb-4955-b11d-f72e3dde8b22"><testcase classname="backend.tests.test_iteration64_team_invites.TestTeamInviteByPhone" name="test_invite_by_phone_requires_auth" time="0.520" /><testcase classname="backend.tests.test_iteration64_team_invites.TestTeamInviteByPhone" name="test_invite_by_phone_requires_phone_and_team_id" time="0.398" /><testcase classname="backend.tests.test_iteration64_team_invites.TestTeamInviteByPhone" name="test_invite_by_phone_nonexistent_team" time="0.427" /><testcase classname="backend.tests.test_iteration64_team_invites.TestTeamInviteByPhone" name="test_create_team_then_invite_existing_user_by_phone" time="0.477" /><testcase classname="backend.tests.test_iteration64_team_invites.TestTeamInviteByPhone" name="test_invite_nonexistent_phone_triggers_sms_path" time="0.990" /><testcase classname="backend.tests.test_iteration64_team_invites.TestTeamInvitationsEndpoint" name="test_get_team_invitations_returns_list" time="0.420" /><testcase classname="backend.tests.test_iteration64_team_invites.TestAcceptRejectInvitations" name="test_accept_nonexistent_invitation" time="0.395" /><testcase classname="backend.tests.test_iteration64_team_invites.TestAcceptRejectInvitations" name="test_reject_nonexistent_invitation" time="0.375" /><testcase classname="backend.tests.test_iteration64_team_invites.TestAcceptRejectInvitations" name="test_accept_invitation_flow" time="0.400" /><testcase classname="backend.tests.test_iteration64_team_invites.TestProgramCatalogEnriched" name="test_catalog_returns_programs_with_enriched_fields" time="0.403" /><testcase classname="backend.tests.test_iteration64_team_invites.TestProgramCatalogEnriched" name="test_sleep_program_has_correct_fields" time="0.397" /><testcase classname="backend.tests.test_iteration64_team_invites.TestProgramDetailEnriched" name="test_program_detail_returns_onboarding_fields" time="0.187" /><testcase classname="backend.tests.test_iteration64_team_invites.TestProgramDetailEnriched" name="test_tension_program_detail" time="0.117" /><testcase classname="backend.tests.test_iteration64_team_invites.TestProgramDetailEnriched" name="test_activity_program_detail" time="0.157" /><testcase classname="backend.tests.test_iteration64_team_invites.TestProgramDetailEnriched" name="test_nonexistent_program_returns_404" time="0.128" /><testcase classname="backend.tests.test_iteration64_team_invites.TestGuardianInviteScenario" name="test_invite_guardian_by_phone_triggers_sms" time="0.826" /></testsuite></testsuites>