<?xml version="1.0" encoding="utf-8"?><testsuites name="pytest tests"><testsuite name="pytest" errors="0" failures="0" skipped="0" tests="5" time="3.499" timestamp="2026-03-24T11:00:31.474523+00:00" hostname="agent-env-ca4e5669-a22e-4293-902e-7e45102b52ee"><testcase classname="backend.tests.test_address_fields.TestAddressFieldsRegistration" name="test_register_with_address_fields" time="0.740" /><testcase classname="backend.tests.test_address_fields.TestAddressFieldsGetMe" name="test_get_me_returns_address_fields" time="0.804" /><testcase classname="backend.tests.test_address_fields.TestGuardiansMyAddressFields" name="test_guardians_my_returns_address_fields" time="0.531" /><testcase classname="backend.tests.test_address_fields.TestExistingUserAddressFields" name="test_existing_guardian_login_and_me" time="0.424" /><testcase classname="backend.tests.test_address_fields.TestUpdateProfileAddressFields" name="test_update_profile_with_address_fields" time="0.986" /></testsuite></testsuites>